<?xml version="1.0" encoding="UTF-8"?>
<robot generator="Robot 5.0.1 (Python 3.8.5 on darwin)" generated="20230328 19:59:01.530" rpa="false" schemaversion="3">
<suite id="s1" name="Administrator" source="/Users/akashmalik/Documents/Systech360_Automation_Akash/RF_Systech360_Automation/ChineseTranslation/Administrator.robot">
<kw name="Run Keywords" library="BuiltIn" type="SETUP">
<arg>SEC/S360_Open Browser And Enter URL</arg>
<arg>${URL}</arg>
<arg>AND</arg>
<arg>Select From List by label</arg>
<arg>${SEC/S360_LANGUAGE_SELECT_BOX}</arg>
<arg>${SEC/S360_LANGUAGE_SELECT_VALUE}</arg>
<arg>AND</arg>
<arg>SEC/S360_Enter Credentials and Login To Solution</arg>
<arg>${Username}</arg>
<arg>${Password}</arg>
<arg>${AdminRole}</arg>
<doc>Executes all the given keywords in a sequence.</doc>
<kw name="SEC/S360_Open Browser And Enter URL" library="Generic_Keywords">
<arg>${URL}</arg>
<doc>Launched browser, Navigates to specified URL</doc>
<kw name="Wait Until Keyword Succeeds" library="BuiltIn">
<arg>10x</arg>
<arg>2s</arg>
<arg>Open Browser</arg>
<arg>${Var_URL}</arg>
<arg>${Browser_type}</arg>
<doc>Runs the specified keyword and retries if it fails.</doc>
<kw name="Open Browser" library="SeleniumLibrary">
<arg>${Var_URL}</arg>
<arg>${Browser_type}</arg>
<doc>Opens a new browser instance to the optional ``url``.</doc>
<msg timestamp="20230328 19:59:02.028" level="INFO">Opening browser 'Chrome' to base url 'https://eng-svt.systechcloud.net/Systech360/#/'.</msg>
<status status="PASS" starttime="20230328 19:59:02.028" endtime="20230328 19:59:18.411"/>
</kw>
<status status="PASS" starttime="20230328 19:59:02.027" endtime="20230328 19:59:18.411"/>
</kw>
<kw name="Maximize Browser Window" library="SeleniumLibrary">
<doc>Maximizes current browser window.</doc>
<status status="PASS" starttime="20230328 19:59:18.412" endtime="20230328 19:59:19.269"/>
</kw>
<status status="PASS" starttime="20230328 19:59:02.027" endtime="20230328 19:59:19.269"/>
</kw>
<kw name="Select From List By Label" library="SeleniumLibrary">
<arg>${SEC/S360_LANGUAGE_SELECT_BOX}</arg>
<arg>${SEC/S360_LANGUAGE_SELECT_VALUE}</arg>
<doc>Selects options from selection list ``locator`` by ``labels``.</doc>
<msg timestamp="20230328 19:59:19.270" level="INFO">Selecting options from selection list 'id=language-list' by label 中文.</msg>
<status status="PASS" starttime="20230328 19:59:19.269" endtime="20230328 19:59:20.649"/>
</kw>
<kw name="SEC/S360_Enter Credentials and Login To Solution" library="Generic_Keywords">
<arg>${Username}</arg>
<arg>${Password}</arg>
<arg>${AdminRole}</arg>
<doc>Enters the credentials and logs into the solution
Where ${Var_Username} is Username to be entered
${Var_Password} is password to be entered
and ${RoleValue} is the index number of role (0-Admin, 1-Operator, 2-Designer)gi</doc>
<kw name="Run Keyword And Return Status" library="BuiltIn">
<var>${is_your_connection_not_private}</var>
<arg>element should not be visible</arg>
<arg>${ADVANCED_BTN}</arg>
<doc>Runs the given keyword with given arguments and returns the status as a Boolean value.</doc>
<kw name="Element Should Not Be Visible" library="SeleniumLibrary">
<arg>${ADVANCED_BTN}</arg>
<doc>Verifies that the element identified by ``locator`` is NOT visible.</doc>
<msg timestamp="20230328 19:59:20.704" level="INFO">Element 'id=details-button' did not exist.</msg>
<status status="PASS" starttime="20230328 19:59:20.690" endtime="20230328 19:59:20.704"/>
</kw>
<msg timestamp="20230328 19:59:20.705" level="INFO">${is_your_connection_not_private} = True</msg>
<status status="PASS" starttime="20230328 19:59:20.690" endtime="20230328 19:59:20.705"/>
</kw>
<kw name="Run Keyword If" library="BuiltIn">
<arg>'${is_your_connection_not_private}'=='False'</arg>
<arg>run keywords</arg>
<arg>click element</arg>
<arg>${ADVANCED_BTN}</arg>
<doc>Runs the given keyword with the given arguments, if ``condition`` is true.</doc>
<status status="PASS" starttime="20230328 19:59:20.705" endtime="20230328 19:59:20.705"/>
</kw>
<kw name="Wait Until Element Is Visible" library="SeleniumLibrary">
<arg>${SEC/S360_USERNAME_TXT}</arg>
<doc>Waits until the element ``locator`` is visible.</doc>
<status status="PASS" starttime="20230328 19:59:20.706" endtime="20230328 19:59:20.746"/>
</kw>
<kw name="Run Keyword And Return Status" library="BuiltIn">
<var>${is_account_field_present}</var>
<arg>element should not be visible</arg>
<arg>${SEC/S360_ACC_ID}</arg>
<doc>Runs the given keyword with given arguments and returns the status as a Boolean value.</doc>
<kw name="Element Should Not Be Visible" library="SeleniumLibrary">
<arg>${SEC/S360_ACC_ID}</arg>
<doc>Verifies that the element identified by ``locator`` is NOT visible.</doc>
<msg timestamp="20230328 19:59:20.755" level="INFO">Element 'id=accountId' did not exist.</msg>
<status status="PASS" starttime="20230328 19:59:20.747" endtime="20230328 19:59:20.755"/>
</kw>
<msg timestamp="20230328 19:59:20.755" level="INFO">${is_account_field_present} = True</msg>
<status status="PASS" starttime="20230328 19:59:20.746" endtime="20230328 19:59:20.755"/>
</kw>
<kw name="Run Keyword If" library="BuiltIn">
<arg>'${is_account_field_present}'=='False'</arg>
<arg>Input Text</arg>
<arg>${SEC/S360_ACC_ID}</arg>
<arg>eng_ga8100</arg>
<doc>Runs the given keyword with the given arguments, if ``condition`` is true.</doc>
<status status="PASS" starttime="20230328 19:59:20.756" endtime="20230328 19:59:20.756"/>
</kw>
<kw name="Wait Until Element Is Visible" library="SeleniumLibrary">
<arg>id=welcomeToTxt</arg>
<doc>Waits until the element ``locator`` is visible.</doc>
<status status="PASS" starttime="20230328 19:59:20.756" endtime="20230328 19:59:20.772"/>
</kw>
<kw name="Wait Until Keyword Succeeds" library="BuiltIn">
<arg>3x</arg>
<arg>1s</arg>
<arg>Input Text</arg>
<arg>${SEC/S360_USERNAME_TXT}</arg>
<arg>${Var_Username}</arg>
<doc>Runs the specified keyword and retries if it fails.</doc>
<kw name="Input Text" library="SeleniumLibrary">
<arg>${SEC/S360_USERNAME_TXT}</arg>
<arg>${Var_Username}</arg>
<doc>Types the given ``text`` into the text field identified by ``locator``.</doc>
<msg timestamp="20230328 19:59:20.772" level="INFO">Typing text 'ruleuser' into text field 'id=userName'.</msg>
<status status="PASS" starttime="20230328 19:59:20.772" endtime="20230328 19:59:21.961"/>
</kw>
<status status="PASS" starttime="20230328 19:59:20.772" endtime="20230328 19:59:21.961"/>
</kw>
<kw name="Wait Until Keyword Succeeds" library="BuiltIn">
<arg>3x</arg>
<arg>1s</arg>
<arg>Input Text</arg>
<arg>${SEC/S360_PASSWORD_TXT}</arg>
<arg>${Var_Password}</arg>
<doc>Runs the specified keyword and retries if it fails.</doc>
<kw name="Input Text" library="SeleniumLibrary">
<arg>${SEC/S360_PASSWORD_TXT}</arg>
<arg>${Var_Password}</arg>
<doc>Types the given ``text`` into the text field identified by ``locator``.</doc>
<msg timestamp="20230328 19:59:21.962" level="INFO">Typing text 'Test@101' into text field 'id=password'.</msg>
<status status="PASS" starttime="20230328 19:59:21.962" endtime="20230328 19:59:22.382"/>
</kw>
<status status="PASS" starttime="20230328 19:59:21.962" endtime="20230328 19:59:22.382"/>
</kw>
<kw name="Wait Until Keyword Succeeds" library="BuiltIn">
<arg>3x</arg>
<arg>2s</arg>
<arg>Select From List By Value</arg>
<arg>${SEC/S360_ROLE_LIST}</arg>
<arg>${RoleValue}</arg>
<doc>Runs the specified keyword and retries if it fails.</doc>
<kw name="Select From List By Value" library="SeleniumLibrary">
<arg>${SEC/S360_ROLE_LIST}</arg>
<arg>${RoleValue}</arg>
<doc>Selects options from selection list ``locator`` by ``values``.</doc>
<msg timestamp="20230328 19:59:22.382" level="INFO">Selecting options from selection list 'id=roleList' by value Administrator.</msg>
<status status="PASS" starttime="20230328 19:59:22.382" endtime="20230328 19:59:22.406"/>
</kw>
<status status="PASS" starttime="20230328 19:59:22.382" endtime="20230328 19:59:22.406"/>
</kw>
<kw name="Click Element" library="SeleniumLibrary">
<arg>${SEC/S360_LOGIN_BTN}</arg>
<doc>Click the element identified by ``locator``.</doc>
<msg timestamp="20230328 19:59:22.406" level="INFO">Clicking element 'id=loginBtn'.</msg>
<status status="PASS" starttime="20230328 19:59:22.406" endtime="20230328 19:59:22.851"/>
</kw>
<kw name="Run Keyword And Ignore Error" library="BuiltIn">
<arg>wait until element is not visible</arg>
<arg>${SEC/S360_LOGIN_BTN}</arg>
<arg>10s</arg>
<doc>Runs the given keyword with the given arguments and ignores possible error.</doc>
<kw name="Wait Until Element Is Not Visible" library="SeleniumLibrary">
<arg>${SEC/S360_LOGIN_BTN}</arg>
<arg>10s</arg>
<doc>Waits until the element ``locator`` is not visible.</doc>
<status status="PASS" starttime="20230328 19:59:22.852" endtime="20230328 19:59:27.212"/>
</kw>
<status status="PASS" starttime="20230328 19:59:22.852" endtime="20230328 19:59:27.212"/>
</kw>
<kw name="SEC/S360_Accept End User License Agreement" library="Generic_Keywords">
<doc>Accept end user license aggrement</doc>
<kw name="Run Keyword And Return Status" library="BuiltIn">
<var>${Status}</var>
<arg>element should be visible</arg>
<arg>${SEC/S360_ACCEPT_BTN}</arg>
<doc>Runs the given keyword with given arguments and returns the status as a Boolean value.</doc>
<kw name="Element Should Be Visible" library="SeleniumLibrary">
<arg>${SEC/S360_ACCEPT_BTN}</arg>
<doc>Verifies that the element identified by ``locator`` is visible.</doc>
<msg timestamp="20230328 19:59:28.342" level="INFO" html="true">&lt;/td&gt;&lt;/tr&gt;&lt;tr&gt;&lt;td colspan="3"&gt;&lt;a href="selenium-screenshot-1.png"&gt;&lt;img src="selenium-screenshot-1.png" width="800px"&gt;&lt;/a&gt;</msg>
<msg timestamp="20230328 19:59:28.342" level="FAIL">Element with locator 'id=eusa-accept' not found.</msg>
<status status="FAIL" starttime="20230328 19:59:27.213" endtime="20230328 19:59:28.345"/>
</kw>
<msg timestamp="20230328 19:59:28.346" level="INFO">${Status} = False</msg>
<status status="PASS" starttime="20230328 19:59:27.212" endtime="20230328 19:59:28.346"/>
</kw>
<kw name="Run Keyword If" library="BuiltIn">
<arg>'${Status}'=='${True}'</arg>
<arg>Run Keywords</arg>
<arg>Scroll Element Into View</arg>
<arg>${SEC/S360_ACCEPT_BTN}</arg>
<arg>AND</arg>
<arg>click Element</arg>
<arg>${SEC/S360_ACCEPT_BTN}</arg>
<arg>AND</arg>
<arg>wait until element is not visible</arg>
<arg>${SEC/S360_ACCEPT_BTN}</arg>
<arg>AND</arg>
<arg>SEC/S360_Scroll Page To Location</arg>
<arg>0</arg>
<arg>0</arg>
<doc>Runs the given keyword with the given arguments, if ``condition`` is true.</doc>
<status status="PASS" starttime="20230328 19:59:28.346" endtime="20230328 19:59:28.346"/>
</kw>
<status status="PASS" starttime="20230328 19:59:27.212" endtime="20230328 19:59:28.346"/>
</kw>
<status status="PASS" starttime="20230328 19:59:20.690" endtime="20230328 19:59:28.346"/>
</kw>
<status status="PASS" starttime="20230328 19:59:02.027" endtime="20230328 19:59:28.346"/>
</kw>
<test id="s1-t1" name="TC_01 Verify Landing Page" line="44">
<kw name="Capture Page Screenshot" library="SeleniumLibrary">
<arg>Administrator/Landing Page/LandingPage.png</arg>
<doc>Takes a screenshot of the current page and embeds it into a log file.</doc>
<msg timestamp="20230328 19:59:28.554" level="INFO" html="true">&lt;/td&gt;&lt;/tr&gt;&lt;tr&gt;&lt;td colspan="3"&gt;&lt;a href="Administrator/Landing%20Page/LandingPage.png"&gt;&lt;img src="Administrator/Landing%20Page/LandingPage.png" width="800px"&gt;&lt;/a&gt;</msg>
<status status="PASS" starttime="20230328 19:59:28.347" endtime="20230328 19:59:28.554"/>
</kw>
<doc>Verifies translation of texts for the landing page</doc>
<tag>TC01</tag>
<status status="PASS" starttime="20230328 19:59:28.346" endtime="20230328 19:59:28.554"/>
</test>
<test id="s1-t2" name="TC_02 Verify hover texts, menu and drop downs items" line="50">
<kw name="Mouse Over" library="SeleniumLibrary">
<arg>${sec/s360_hamburger_menu}</arg>
<doc>Simulates hovering the mouse over the element ``locator``.</doc>
<msg timestamp="20230328 19:59:28.555" level="INFO">Simulating Mouse Over on element 'xpath=//*[contains(@class,'fa fa-bars')]'.</msg>
<status status="PASS" starttime="20230328 19:59:28.555" endtime="20230328 19:59:28.863"/>
</kw>
<kw name="Wait Until Element Is Visible" library="SeleniumLibrary">
<arg>${SEC/S360_INFO_CENTER_HAM}</arg>
<doc>Waits until the element ``locator`` is visible.</doc>
<status status="PASS" starttime="20230328 19:59:28.863" endtime="20230328 19:59:28.890"/>
</kw>
<kw name="Capture Page Screenshot" library="SeleniumLibrary">
<arg>Administrator/Landing Page/HamburgerMenu.png</arg>
<doc>Takes a screenshot of the current page and embeds it into a log file.</doc>
<msg timestamp="20230328 19:59:29.089" level="INFO" html="true">&lt;/td&gt;&lt;/tr&gt;&lt;tr&gt;&lt;td colspan="3"&gt;&lt;a href="Administrator/Landing%20Page/HamburgerMenu.png"&gt;&lt;img src="Administrator/Landing%20Page/HamburgerMenu.png" width="800px"&gt;&lt;/a&gt;</msg>
<status status="PASS" starttime="20230328 19:59:28.890" endtime="20230328 19:59:29.089"/>
</kw>
<kw name="Mouse Over" library="SeleniumLibrary">
<arg>${SEC/S360_INFO_CENTER_HAM}</arg>
<doc>Simulates hovering the mouse over the element ``locator``.</doc>
<msg timestamp="20230328 19:59:29.089" level="INFO">Simulating Mouse Over on element '//li[@id='hb_infoCenter']'.</msg>
<status status="PASS" starttime="20230328 19:59:29.089" endtime="20230328 19:59:29.357"/>
</kw>
<kw name="Wait Until Element Is Visible" library="SeleniumLibrary">
<arg>${SEC/S360_INFO_CENTER_GENERAL_HAM}</arg>
<doc>Waits until the element ``locator`` is visible.</doc>
<status status="PASS" starttime="20230328 19:59:29.358" endtime="20230328 19:59:29.389"/>
</kw>
<kw name="Capture Page Screenshot" library="SeleniumLibrary">
<arg>Administrator/Landing Page/HamburgerMenuInfoCenter.png</arg>
<doc>Takes a screenshot of the current page and embeds it into a log file.</doc>
<msg timestamp="20230328 19:59:29.575" level="INFO" html="true">&lt;/td&gt;&lt;/tr&gt;&lt;tr&gt;&lt;td colspan="3"&gt;&lt;a href="Administrator/Landing%20Page/HamburgerMenuInfoCenter.png"&gt;&lt;img src="Administrator/Landing%20Page/HamburgerMenuInfoCenter.png" width="800px"&gt;&lt;/a&gt;</msg>
<status status="PASS" starttime="20230328 19:59:29.389" endtime="20230328 19:59:29.575"/>
</kw>
<kw name="Mouse Over" library="SeleniumLibrary">
<arg>${SEC/S360_INFO_CENTER_GENERAL_HAM}</arg>
<doc>Simulates hovering the mouse over the element ``locator``.</doc>
<msg timestamp="20230328 19:59:29.576" level="INFO">Simulating Mouse Over on element '//li[@id='hb_general']'.</msg>
<status status="PASS" starttime="20230328 19:59:29.575" endtime="20230328 19:59:29.844"/>
</kw>
<kw name="Sleep" library="BuiltIn">
<arg>1s</arg>
<doc>Pauses the test executed for the given time.</doc>
<msg timestamp="20230328 19:59:30.848" level="INFO">Slept 1 second</msg>
<status status="PASS" starttime="20230328 19:59:29.845" endtime="20230328 19:59:30.849"/>
</kw>
<kw name="Capture Page Screenshot" library="SeleniumLibrary">
<arg>Administrator/Landing Page/HamburgerMenuInfoCenterGeneral.png</arg>
<doc>Takes a screenshot of the current page and embeds it into a log file.</doc>
<msg timestamp="20230328 19:59:31.045" level="INFO" html="true">&lt;/td&gt;&lt;/tr&gt;&lt;tr&gt;&lt;td colspan="3"&gt;&lt;a href="Administrator/Landing%20Page/HamburgerMenuInfoCenterGeneral.png"&gt;&lt;img src="Administrator/Landing%20Page/HamburgerMenuInfoCenterGeneral.png" width="800px"&gt;&lt;/a&gt;</msg>
<status status="PASS" starttime="20230328 19:59:30.850" endtime="20230328 19:59:31.045"/>
</kw>
<kw name="Mouse Over" library="SeleniumLibrary">
<arg>${SEC/S360_INFO_CENTER_PRODUCT_HAM}</arg>
<doc>Simulates hovering the mouse over the element ``locator``.</doc>
<msg timestamp="20230328 19:59:31.045" level="INFO">Simulating Mouse Over on element '//li[@id='hb_product']'.</msg>
<status status="PASS" starttime="20230328 19:59:31.045" endtime="20230328 19:59:31.316"/>
</kw>
<kw name="Sleep" library="BuiltIn">
<arg>1s</arg>
<doc>Pauses the test executed for the given time.</doc>
<msg timestamp="20230328 19:59:32.318" level="INFO">Slept 1 second</msg>
<status status="PASS" starttime="20230328 19:59:31.317" endtime="20230328 19:59:32.319"/>
</kw>
<kw name="Capture Page Screenshot" library="SeleniumLibrary">
<arg>Administrator/Landing Page/HamburgerMenuInfoCenterProduct.png</arg>
<doc>Takes a screenshot of the current page and embeds it into a log file.</doc>
<msg timestamp="20230328 19:59:32.520" level="INFO" html="true">&lt;/td&gt;&lt;/tr&gt;&lt;tr&gt;&lt;td colspan="3"&gt;&lt;a href="Administrator/Landing%20Page/HamburgerMenuInfoCenterProduct.png"&gt;&lt;img src="Administrator/Landing%20Page/HamburgerMenuInfoCenterProduct.png" width="800px"&gt;&lt;/a&gt;</msg>
<status status="PASS" starttime="20230328 19:59:32.320" endtime="20230328 19:59:32.521"/>
</kw>
<kw name="Mouse Over" library="SeleniumLibrary">
<arg>${SEC/S360_INFO_CENTER_SYSTECH_HAM}</arg>
<doc>Simulates hovering the mouse over the element ``locator``.</doc>
<msg timestamp="20230328 19:59:32.521" level="INFO">Simulating Mouse Over on element '//li[@id='hb_sysGAMP']'.</msg>
<status status="PASS" starttime="20230328 19:59:32.521" endtime="20230328 19:59:32.792"/>
</kw>
<kw name="Sleep" library="BuiltIn">
<arg>1s</arg>
<doc>Pauses the test executed for the given time.</doc>
<msg timestamp="20230328 19:59:33.796" level="INFO">Slept 1 second</msg>
<status status="PASS" starttime="20230328 19:59:32.793" endtime="20230328 19:59:33.796"/>
</kw>
<kw name="Capture Page Screenshot" library="SeleniumLibrary">
<arg>Administrator/Landing Page/HamburgerMenuInfoCenterSystechGAMP.png</arg>
<doc>Takes a screenshot of the current page and embeds it into a log file.</doc>
<msg timestamp="20230328 19:59:34.002" level="INFO" html="true">&lt;/td&gt;&lt;/tr&gt;&lt;tr&gt;&lt;td colspan="3"&gt;&lt;a href="Administrator/Landing%20Page/HamburgerMenuInfoCenterSystechGAMP.png"&gt;&lt;img src="Administrator/Landing%20Page/HamburgerMenuInfoCenterSystechGAMP.png" width="800px"&gt;&lt;/a&gt;</msg>
<status status="PASS" starttime="20230328 19:59:33.797" endtime="20230328 19:59:34.002"/>
</kw>
<kw name="Mouse Over" library="SeleniumLibrary">
<arg>${SEC/S360_SUPPORT_CENTER_HAM}</arg>
<doc>Simulates hovering the mouse over the element ``locator``.</doc>
<msg timestamp="20230328 19:59:34.003" level="INFO">Simulating Mouse Over on element 'id=hb_supportCenter'.</msg>
<status status="PASS" starttime="20230328 19:59:34.002" endtime="20230328 19:59:34.273"/>
</kw>
<kw name="Sleep" library="BuiltIn">
<arg>1s</arg>
<doc>Pauses the test executed for the given time.</doc>
<msg timestamp="20230328 19:59:35.276" level="INFO">Slept 1 second</msg>
<status status="PASS" starttime="20230328 19:59:34.274" endtime="20230328 19:59:35.276"/>
</kw>
<kw name="Capture Page Screenshot" library="SeleniumLibrary">
<arg>Administrator/Landing Page/HamburgerMenuSupportCenter.png</arg>
<doc>Takes a screenshot of the current page and embeds it into a log file.</doc>
<msg timestamp="20230328 19:59:35.495" level="INFO" html="true">&lt;/td&gt;&lt;/tr&gt;&lt;tr&gt;&lt;td colspan="3"&gt;&lt;a href="Administrator/Landing%20Page/HamburgerMenuSupportCenter.png"&gt;&lt;img src="Administrator/Landing%20Page/HamburgerMenuSupportCenter.png" width="800px"&gt;&lt;/a&gt;</msg>
<status status="PASS" starttime="20230328 19:59:35.277" endtime="20230328 19:59:35.495"/>
</kw>
<kw name="Mouse Over" library="SeleniumLibrary">
<arg>${SEC/S360_TRAINING_CENTER_HAM}</arg>
<doc>Simulates hovering the mouse over the element ``locator``.</doc>
<msg timestamp="20230328 19:59:35.495" level="INFO">Simulating Mouse Over on element '//li[@id='hb_trainingCenter']'.</msg>
<status status="PASS" starttime="20230328 19:59:35.495" endtime="20230328 19:59:35.775"/>
</kw>
<kw name="Sleep" library="BuiltIn">
<arg>1s</arg>
<doc>Pauses the test executed for the given time.</doc>
<msg timestamp="20230328 19:59:36.777" level="INFO">Slept 1 second</msg>
<status status="PASS" starttime="20230328 19:59:35.776" endtime="20230328 19:59:36.778"/>
</kw>
<kw name="Capture Page Screenshot" library="SeleniumLibrary">
<arg>Administrator/Landing Page/HamburgerMenuTrainingCenter.png</arg>
<doc>Takes a screenshot of the current page and embeds it into a log file.</doc>
<msg timestamp="20230328 19:59:36.993" level="INFO" html="true">&lt;/td&gt;&lt;/tr&gt;&lt;tr&gt;&lt;td colspan="3"&gt;&lt;a href="Administrator/Landing%20Page/HamburgerMenuTrainingCenter.png"&gt;&lt;img src="Administrator/Landing%20Page/HamburgerMenuTrainingCenter.png" width="800px"&gt;&lt;/a&gt;</msg>
<status status="PASS" starttime="20230328 19:59:36.779" endtime="20230328 19:59:36.993"/>
</kw>
<kw name="Mouse Over" library="SeleniumLibrary">
<arg>${SEC/S360_WELCOME_LINK}</arg>
<doc>Simulates hovering the mouse over the element ``locator``.</doc>
<msg timestamp="20230328 19:59:36.993" level="INFO">Simulating Mouse Over on element 'id=navBtn_welcome'.</msg>
<status status="PASS" starttime="20230328 19:59:36.993" endtime="20230328 19:59:37.262"/>
</kw>
<kw name="Sleep" library="BuiltIn">
<arg>1s</arg>
<doc>Pauses the test executed for the given time.</doc>
<msg timestamp="20230328 19:59:38.266" level="INFO">Slept 1 second</msg>
<status status="PASS" starttime="20230328 19:59:37.263" endtime="20230328 19:59:38.267"/>
</kw>
<kw name="Capture Page Screenshot" library="SeleniumLibrary">
<arg>Administrator/Landing Page/WelcomeTT.png</arg>
<doc>Takes a screenshot of the current page and embeds it into a log file.</doc>
<msg timestamp="20230328 19:59:38.496" level="INFO" html="true">&lt;/td&gt;&lt;/tr&gt;&lt;tr&gt;&lt;td colspan="3"&gt;&lt;a href="Administrator/Landing%20Page/WelcomeTT.png"&gt;&lt;img src="Administrator/Landing%20Page/WelcomeTT.png" width="800px"&gt;&lt;/a&gt;</msg>
<status status="PASS" starttime="20230328 19:59:38.267" endtime="20230328 19:59:38.496"/>
</kw>
<kw name="Mouse Over" library="SeleniumLibrary">
<arg>${SEC/S360_UNITRACE_HEADER}</arg>
<doc>Simulates hovering the mouse over the element ``locator``.</doc>
<msg timestamp="20230328 19:59:38.496" level="INFO">Simulating Mouse Over on element '//a[@id='navBtnSolutions_1']'.</msg>
<status status="PASS" starttime="20230328 19:59:38.496" endtime="20230328 19:59:44.847"/>
</kw>
<kw name="Sleep" library="BuiltIn">
<arg>1s</arg>
<doc>Pauses the test executed for the given time.</doc>
<msg timestamp="20230328 19:59:45.850" level="INFO">Slept 1 second</msg>
<status status="PASS" starttime="20230328 19:59:44.848" endtime="20230328 19:59:45.851"/>
</kw>
<kw name="Capture Page Screenshot" library="SeleniumLibrary">
<arg>Administrator/Landing Page/UniTraceTT.png</arg>
<doc>Takes a screenshot of the current page and embeds it into a log file.</doc>
<msg timestamp="20230328 19:59:46.354" level="INFO" html="true">&lt;/td&gt;&lt;/tr&gt;&lt;tr&gt;&lt;td colspan="3"&gt;&lt;a href="Administrator/Landing%20Page/UniTraceTT.png"&gt;&lt;img src="Administrator/Landing%20Page/UniTraceTT.png" width="800px"&gt;&lt;/a&gt;</msg>
<status status="PASS" starttime="20230328 19:59:45.852" endtime="20230328 19:59:46.354"/>
</kw>
<kw name="Mouse Over" library="SeleniumLibrary">
<arg>${SEC/S360_TOP_BANNER_SOL_DD}</arg>
<doc>Simulates hovering the mouse over the element ``locator``.</doc>
<msg timestamp="20230328 19:59:46.354" level="INFO">Simulating Mouse Over on element 'id=navBtnSolutions_2'.</msg>
<status status="PASS" starttime="20230328 19:59:46.354" endtime="20230328 19:59:46.625"/>
</kw>
<kw name="Sleep" library="BuiltIn">
<arg>1s</arg>
<doc>Pauses the test executed for the given time.</doc>
<msg timestamp="20230328 19:59:47.629" level="INFO">Slept 1 second</msg>
<status status="PASS" starttime="20230328 19:59:46.626" endtime="20230328 19:59:47.630"/>
</kw>
<kw name="Capture Page Screenshot" library="SeleniumLibrary">
<arg>Administrator/Landing Page/UniSecureDropDown.png</arg>
<doc>Takes a screenshot of the current page and embeds it into a log file.</doc>
<msg timestamp="20230328 19:59:47.843" level="INFO" html="true">&lt;/td&gt;&lt;/tr&gt;&lt;tr&gt;&lt;td colspan="3"&gt;&lt;a href="Administrator/Landing%20Page/UniSecureDropDown.png"&gt;&lt;img src="Administrator/Landing%20Page/UniSecureDropDown.png" width="800px"&gt;&lt;/a&gt;</msg>
<status status="PASS" starttime="20230328 19:59:47.630" endtime="20230328 19:59:47.843"/>
</kw>
<kw name="Mouse Over" library="SeleniumLibrary">
<arg>${SEC/S360_ABOUT_HEADER}</arg>
<doc>Simulates hovering the mouse over the element ``locator``.</doc>
<msg timestamp="20230328 19:59:47.843" level="INFO">Simulating Mouse Over on element '//a[@id='navBtn_about']'.</msg>
<status status="PASS" starttime="20230328 19:59:47.843" endtime="20230328 19:59:48.114"/>
</kw>
<kw name="Sleep" library="BuiltIn">
<arg>1s</arg>
<doc>Pauses the test executed for the given time.</doc>
<msg timestamp="20230328 19:59:49.118" level="INFO">Slept 1 second</msg>
<status status="PASS" starttime="20230328 19:59:48.115" endtime="20230328 19:59:49.119"/>
</kw>
<kw name="Capture Page Screenshot" library="SeleniumLibrary">
<arg>Administrator/Landing Page/AboutTT.png</arg>
<doc>Takes a screenshot of the current page and embeds it into a log file.</doc>
<msg timestamp="20230328 19:59:49.326" level="INFO" html="true">&lt;/td&gt;&lt;/tr&gt;&lt;tr&gt;&lt;td colspan="3"&gt;&lt;a href="Administrator/Landing%20Page/AboutTT.png"&gt;&lt;img src="Administrator/Landing%20Page/AboutTT.png" width="800px"&gt;&lt;/a&gt;</msg>
<status status="PASS" starttime="20230328 19:59:49.120" endtime="20230328 19:59:49.326"/>
</kw>
<kw name="Mouse Over" library="SeleniumLibrary">
<arg>${SEC/S360_MAIN_PLAY_VIDEO_ICON}</arg>
<doc>Simulates hovering the mouse over the element ``locator``.</doc>
<msg timestamp="20230328 19:59:49.326" level="INFO">Simulating Mouse Over on element 'id=video-play-iconTopnav'.</msg>
<status status="PASS" starttime="20230328 19:59:49.326" endtime="20230328 19:59:49.595"/>
</kw>
<kw name="Sleep" library="BuiltIn">
<arg>1s</arg>
<doc>Pauses the test executed for the given time.</doc>
<msg timestamp="20230328 19:59:50.598" level="INFO">Slept 1 second</msg>
<status status="PASS" starttime="20230328 19:59:49.596" endtime="20230328 19:59:50.599"/>
</kw>
<kw name="Capture Page Screenshot" library="SeleniumLibrary">
<arg>Administrator/Landing Page/MainPlayVideoIconTT.png</arg>
<doc>Takes a screenshot of the current page and embeds it into a log file.</doc>
<msg timestamp="20230328 19:59:50.811" level="INFO" html="true">&lt;/td&gt;&lt;/tr&gt;&lt;tr&gt;&lt;td colspan="3"&gt;&lt;a href="Administrator/Landing%20Page/MainPlayVideoIconTT.png"&gt;&lt;img src="Administrator/Landing%20Page/MainPlayVideoIconTT.png" width="800px"&gt;&lt;/a&gt;</msg>
<status status="PASS" starttime="20230328 19:59:50.600" endtime="20230328 19:59:50.812"/>
</kw>
<kw name="Mouse Over" library="SeleniumLibrary">
<arg>${SEC/S360_CHANGE_ROLE_DD}</arg>
<doc>Simulates hovering the mouse over the element ``locator``.</doc>
<msg timestamp="20230328 19:59:50.812" level="INFO">Simulating Mouse Over on element '//*[@id="dropdownMenu1"]'.</msg>
<status status="PASS" starttime="20230328 19:59:50.812" endtime="20230328 19:59:51.080"/>
</kw>
<kw name="Sleep" library="BuiltIn">
<arg>1s</arg>
<doc>Pauses the test executed for the given time.</doc>
<msg timestamp="20230328 19:59:52.081" level="INFO">Slept 1 second</msg>
<status status="PASS" starttime="20230328 19:59:51.080" endtime="20230328 19:59:52.082"/>
</kw>
<kw name="Capture Page Screenshot" library="SeleniumLibrary">
<arg>Administrator/Landing Page/ChangeRoleDropDownTT.png</arg>
<doc>Takes a screenshot of the current page and embeds it into a log file.</doc>
<msg timestamp="20230328 19:59:52.304" level="INFO" html="true">&lt;/td&gt;&lt;/tr&gt;&lt;tr&gt;&lt;td colspan="3"&gt;&lt;a href="Administrator/Landing%20Page/ChangeRoleDropDownTT.png"&gt;&lt;img src="Administrator/Landing%20Page/ChangeRoleDropDownTT.png" width="800px"&gt;&lt;/a&gt;</msg>
<status status="PASS" starttime="20230328 19:59:52.083" endtime="20230328 19:59:52.304"/>
</kw>
<doc>Verifies translation of all the hover texts, menu items and drop downs</doc>
<tag>TC02</tag>
<status status="PASS" starttime="20230328 19:59:28.554" endtime="20230328 19:59:52.304"/>
</test>
<test id="s1-t3" name="TC_03 Verify Users/Groups page" line="96">
<kw name="SEC/S360 Navigate to Card" library="Generic_Keywords">
<arg>${S360_USERGROUPS_CARD}</arg>
<arg>${SEC/S360_ADD_NEW_USER_BTN}</arg>
<doc>Navigate to respective card</doc>
<kw name="Element Should Be Visible" library="SeleniumLibrary">
<var>${Status}</var>
<arg>${CardLocator}</arg>
<doc>Verifies that the element identified by ``locator`` is visible.</doc>
<msg timestamp="20230328 19:59:52.323" level="INFO">Element 'id=preferenceCardName_0' is displayed.</msg>
<msg timestamp="20230328 19:59:52.323" level="INFO">${Status} = None</msg>
<status status="PASS" starttime="20230328 19:59:52.305" endtime="20230328 19:59:52.323"/>
</kw>
<kw name="Run Keyword If" library="BuiltIn">
<arg>${Status}=='False'</arg>
<arg>SEC/S360 Navigate To Landing Page</arg>
<doc>Runs the given keyword with the given arguments, if ``condition`` is true.</doc>
<status status="PASS" starttime="20230328 19:59:52.323" endtime="20230328 19:59:52.324"/>
</kw>
<kw name="Wait Until Element Is Visible" library="SeleniumLibrary">
<arg>${CardLocator}</arg>
<doc>Waits until the element ``locator`` is visible.</doc>
<status status="PASS" starttime="20230328 19:59:52.324" endtime="20230328 19:59:52.332"/>
</kw>
<kw name="Wait Until Keyword Succeeds" library="BuiltIn">
<arg>3x</arg>
<arg>2s</arg>
<arg>Click Element</arg>
<arg>${CardLocator}</arg>
<doc>Runs the specified keyword and retries if it fails.</doc>
<kw name="Click Element" library="SeleniumLibrary">
<arg>${CardLocator}</arg>
<doc>Click the element identified by ``locator``.</doc>
<msg timestamp="20230328 19:59:52.332" level="INFO">Clicking element 'id=preferenceCardName_0'.</msg>
<status status="PASS" starttime="20230328 19:59:52.332" endtime="20230328 19:59:54.505"/>
</kw>
<status status="PASS" starttime="20230328 19:59:52.332" endtime="20230328 19:59:54.505"/>
</kw>
<kw name="Sleep" library="BuiltIn">
<arg>2s</arg>
<doc>Pauses the test executed for the given time.</doc>
<msg timestamp="20230328 19:59:56.506" level="INFO">Slept 2 seconds</msg>
<status status="PASS" starttime="20230328 19:59:54.505" endtime="20230328 19:59:56.507"/>
</kw>
<kw name="Wait Until Element Is Visible" library="SeleniumLibrary">
<arg>${ValidationLocator}</arg>
<doc>Waits until the element ``locator`` is visible.</doc>
<status status="PASS" starttime="20230328 19:59:56.508" endtime="20230328 19:59:56.546"/>
</kw>
<status status="PASS" starttime="20230328 19:59:52.305" endtime="20230328 19:59:56.546"/>
</kw>
<kw name="Capture Page Screenshot" library="SeleniumLibrary">
<arg>Administrator/Users Groups/UsersGroupsUpperHalf.png</arg>
<doc>Takes a screenshot of the current page and embeds it into a log file.</doc>
<msg timestamp="20230328 19:59:56.786" level="INFO" html="true">&lt;/td&gt;&lt;/tr&gt;&lt;tr&gt;&lt;td colspan="3"&gt;&lt;a href="Administrator/Users%20Groups/UsersGroupsUpperHalf.png"&gt;&lt;img src="Administrator/Users%20Groups/UsersGroupsUpperHalf.png" width="800px"&gt;&lt;/a&gt;</msg>
<status status="PASS" starttime="20230328 19:59:56.546" endtime="20230328 19:59:56.786"/>
</kw>
<kw name="Mouse Over" library="SeleniumLibrary">
<arg>${SEC/S360_MSGCNTR_ICON}</arg>
<doc>Simulates hovering the mouse over the element ``locator``.</doc>
<msg timestamp="20230328 19:59:56.786" level="INFO">Simulating Mouse Over on element 'id=toggle-filter-icon'.</msg>
<status status="PASS" starttime="20230328 19:59:56.786" endtime="20230328 19:59:57.071"/>
</kw>
<kw name="Sleep" library="BuiltIn">
<arg>1s</arg>
<doc>Pauses the test executed for the given time.</doc>
<msg timestamp="20230328 19:59:58.075" level="INFO">Slept 1 second</msg>
<status status="PASS" starttime="20230328 19:59:57.072" endtime="20230328 19:59:58.076"/>
</kw>
<kw name="Capture Page Screenshot" library="SeleniumLibrary">
<arg>Administrator/Users Groups/MessageCenterTT.png</arg>
<doc>Takes a screenshot of the current page and embeds it into a log file.</doc>
<msg timestamp="20230328 19:59:58.338" level="INFO" html="true">&lt;/td&gt;&lt;/tr&gt;&lt;tr&gt;&lt;td colspan="3"&gt;&lt;a href="Administrator/Users%20Groups/MessageCenterTT.png"&gt;&lt;img src="Administrator/Users%20Groups/MessageCenterTT.png" width="800px"&gt;&lt;/a&gt;</msg>
<status status="PASS" starttime="20230328 19:59:58.077" endtime="20230328 19:59:58.338"/>
</kw>
<kw name="Mouse Over" library="SeleniumLibrary">
<arg>${SEC/S360_SHOW_HIDE_INTRO_ICON}</arg>
<doc>Simulates hovering the mouse over the element ``locator``.</doc>
<msg timestamp="20230328 19:59:58.339" level="INFO">Simulating Mouse Over on element '//i[@class="fa fa-info fa-lg"]'.</msg>
<status status="PASS" starttime="20230328 19:59:58.338" endtime="20230328 19:59:58.625"/>
</kw>
<kw name="Sleep" library="BuiltIn">
<arg>1s</arg>
<doc>Pauses the test executed for the given time.</doc>
<msg timestamp="20230328 19:59:59.627" level="INFO">Slept 1 second</msg>
<status status="PASS" starttime="20230328 19:59:58.626" endtime="20230328 19:59:59.627"/>
</kw>
<kw name="Capture Page Screenshot" library="SeleniumLibrary">
<arg>Administrator/Users Groups/ShowHideIntroTT.png</arg>
<doc>Takes a screenshot of the current page and embeds it into a log file.</doc>
<msg timestamp="20230328 19:59:59.832" level="INFO" html="true">&lt;/td&gt;&lt;/tr&gt;&lt;tr&gt;&lt;td colspan="3"&gt;&lt;a href="Administrator/Users%20Groups/ShowHideIntroTT.png"&gt;&lt;img src="Administrator/Users%20Groups/ShowHideIntroTT.png" width="800px"&gt;&lt;/a&gt;</msg>
<status status="PASS" starttime="20230328 19:59:59.627" endtime="20230328 19:59:59.832"/>
</kw>
<kw name="Click Element" library="SeleniumLibrary">
<arg>${SEC/S360_FILTER_USER_DD}</arg>
<doc>Click the element identified by ``locator``.</doc>
<msg timestamp="20230328 19:59:59.832" level="INFO">Clicking element 'id=listFilterCriteria'.</msg>
<status status="PASS" starttime="20230328 19:59:59.832" endtime="20230328 20:00:00.035"/>
</kw>
<kw name="Sleep" library="BuiltIn">
<arg>1s</arg>
<doc>Pauses the test executed for the given time.</doc>
<msg timestamp="20230328 20:00:01.036" level="INFO">Slept 1 second</msg>
<status status="PASS" starttime="20230328 20:00:00.035" endtime="20230328 20:00:01.037"/>
</kw>
<kw name="Capture Page Screenshot" library="SeleniumLibrary">
<arg>Administrator/Users Groups/FilterDropDownList.png</arg>
<doc>Takes a screenshot of the current page and embeds it into a log file.</doc>
<msg timestamp="20230328 20:00:01.294" level="INFO" html="true">&lt;/td&gt;&lt;/tr&gt;&lt;tr&gt;&lt;td colspan="3"&gt;&lt;a href="Administrator/Users%20Groups/FilterDropDownList.png"&gt;&lt;img src="Administrator/Users%20Groups/FilterDropDownList.png" width="800px"&gt;&lt;/a&gt;</msg>
<status status="PASS" starttime="20230328 20:00:01.038" endtime="20230328 20:00:01.295"/>
</kw>
<kw name="Click Element" library="SeleniumLibrary">
<arg>${SEC/S360_FILTER_USER_DD}</arg>
<doc>Click the element identified by ``locator``.</doc>
<msg timestamp="20230328 20:00:01.295" level="INFO">Clicking element 'id=listFilterCriteria'.</msg>
<status status="PASS" starttime="20230328 20:00:01.295" endtime="20230328 20:00:01.589"/>
</kw>
<kw name="Mouse Over" library="SeleniumLibrary">
<arg>${SEC/S360_ASCENDING_BTN}</arg>
<doc>Simulates hovering the mouse over the element ``locator``.</doc>
<msg timestamp="20230328 20:00:01.589" level="INFO">Simulating Mouse Over on element 'id=AscdBtn'.</msg>
<status status="PASS" starttime="20230328 20:00:01.589" endtime="20230328 20:00:01.887"/>
</kw>
<kw name="Sleep" library="BuiltIn">
<arg>1s</arg>
<doc>Pauses the test executed for the given time.</doc>
<msg timestamp="20230328 20:00:02.892" level="INFO">Slept 1 second</msg>
<status status="PASS" starttime="20230328 20:00:01.888" endtime="20230328 20:00:02.892"/>
</kw>
<kw name="Capture Page Screenshot" library="SeleniumLibrary">
<arg>Administrator/Users Groups/AscendingButtonTT.png</arg>
<doc>Takes a screenshot of the current page and embeds it into a log file.</doc>
<msg timestamp="20230328 20:00:03.203" level="INFO" html="true">&lt;/td&gt;&lt;/tr&gt;&lt;tr&gt;&lt;td colspan="3"&gt;&lt;a href="Administrator/Users%20Groups/AscendingButtonTT.png"&gt;&lt;img src="Administrator/Users%20Groups/AscendingButtonTT.png" width="800px"&gt;&lt;/a&gt;</msg>
<status status="PASS" starttime="20230328 20:00:02.893" endtime="20230328 20:00:03.203"/>
</kw>
<kw name="Mouse Over" library="SeleniumLibrary">
<arg>${SEC/S360_DESCENDING_BTN}</arg>
<doc>Simulates hovering the mouse over the element ``locator``.</doc>
<msg timestamp="20230328 20:00:03.203" level="INFO">Simulating Mouse Over on element 'id=DscdBtn'.</msg>
<status status="PASS" starttime="20230328 20:00:03.203" endtime="20230328 20:00:03.491"/>
</kw>
<kw name="Sleep" library="BuiltIn">
<arg>1s</arg>
<doc>Pauses the test executed for the given time.</doc>
<msg timestamp="20230328 20:00:04.492" level="INFO">Slept 1 second</msg>
<status status="PASS" starttime="20230328 20:00:03.491" endtime="20230328 20:00:04.493"/>
</kw>
<kw name="Capture Page Screenshot" library="SeleniumLibrary">
<arg>Administrator/Users Groups/DescendingButtonTT.png</arg>
<doc>Takes a screenshot of the current page and embeds it into a log file.</doc>
<msg timestamp="20230328 20:00:04.747" level="INFO" html="true">&lt;/td&gt;&lt;/tr&gt;&lt;tr&gt;&lt;td colspan="3"&gt;&lt;a href="Administrator/Users%20Groups/DescendingButtonTT.png"&gt;&lt;img src="Administrator/Users%20Groups/DescendingButtonTT.png" width="800px"&gt;&lt;/a&gt;</msg>
<status status="PASS" starttime="20230328 20:00:04.494" endtime="20230328 20:00:04.747"/>
</kw>
<kw name="SEC/S360_Scroll Page To Location" library="Generic_Keywords">
<arg>0</arg>
<arg>700</arg>
<doc>Scrolls to the location mentioned</doc>
<kw name="Execute Javascript" library="SeleniumLibrary">
<arg>window.scrollTo(${x_location},${y_location})</arg>
<doc>Executes the given JavaScript code with possible arguments.</doc>
<msg timestamp="20230328 20:00:04.748" level="INFO">Executing JavaScript:
window.scrollTo(0,700)
Without any arguments.</msg>
<status status="PASS" starttime="20230328 20:00:04.747" endtime="20230328 20:00:04.751"/>
</kw>
<status status="PASS" starttime="20230328 20:00:04.747" endtime="20230328 20:00:04.751"/>
</kw>
<kw name="Capture Page Screenshot" library="SeleniumLibrary">
<arg>Administrator/Users Groups/UsersGroupsBottomHalf.png</arg>
<doc>Takes a screenshot of the current page and embeds it into a log file.</doc>
<msg timestamp="20230328 20:00:05.010" level="INFO" html="true">&lt;/td&gt;&lt;/tr&gt;&lt;tr&gt;&lt;td colspan="3"&gt;&lt;a href="Administrator/Users%20Groups/UsersGroupsBottomHalf.png"&gt;&lt;img src="Administrator/Users%20Groups/UsersGroupsBottomHalf.png" width="800px"&gt;&lt;/a&gt;</msg>
<status status="PASS" starttime="20230328 20:00:04.751" endtime="20230328 20:00:05.010"/>
</kw>
<kw name="SEC/S360_Scroll Page To Location" library="Generic_Keywords">
<arg>0</arg>
<arg>0</arg>
<doc>Scrolls to the location mentioned</doc>
<kw name="Execute Javascript" library="SeleniumLibrary">
<arg>window.scrollTo(${x_location},${y_location})</arg>
<doc>Executes the given JavaScript code with possible arguments.</doc>
<msg timestamp="20230328 20:00:05.011" level="INFO">Executing JavaScript:
window.scrollTo(0,0)
Without any arguments.</msg>
<status status="PASS" starttime="20230328 20:00:05.010" endtime="20230328 20:00:05.014"/>
</kw>
<status status="PASS" starttime="20230328 20:00:05.010" endtime="20230328 20:00:05.014"/>
</kw>
<doc>Verifies translation of texts for Users/Groups page</doc>
<tag>TC03</tag>
<status status="PASS" starttime="20230328 19:59:52.305" endtime="20230328 20:00:05.014"/>
</test>
<test id="s1-t4" name="TC_04 Verify Add New Group under Users/Groups page" line="122">
<kw name="SEC/S360_Scroll Page To Location" library="Generic_Keywords">
<arg>0</arg>
<arg>500</arg>
<doc>Scrolls to the location mentioned</doc>
<kw name="Execute Javascript" library="SeleniumLibrary">
<arg>window.scrollTo(${x_location},${y_location})</arg>
<doc>Executes the given JavaScript code with possible arguments.</doc>
<msg timestamp="20230328 20:00:05.016" level="INFO">Executing JavaScript:
window.scrollTo(0,500)
Without any arguments.</msg>
<status status="PASS" starttime="20230328 20:00:05.015" endtime="20230328 20:00:05.018"/>
</kw>
<status status="PASS" starttime="20230328 20:00:05.015" endtime="20230328 20:00:05.018"/>
</kw>
<kw name="Wait Until Keyword Succeeds" library="BuiltIn">
<arg>5x</arg>
<arg>2s</arg>
<arg>Wait Until Element Is Visible</arg>
<arg>${SEC/S360_ADD_NEW_GROUP_BTN}</arg>
<arg>timeout=10</arg>
<doc>Runs the specified keyword and retries if it fails.</doc>
<kw name="Wait Until Element Is Visible" library="SeleniumLibrary">
<arg>${SEC/S360_ADD_NEW_GROUP_BTN}</arg>
<arg>timeout=10</arg>
<doc>Waits until the element ``locator`` is visible.</doc>
<status status="PASS" starttime="20230328 20:00:05.018" endtime="20230328 20:00:05.034"/>
</kw>
<status status="PASS" starttime="20230328 20:00:05.018" endtime="20230328 20:00:05.034"/>
</kw>
<kw name="Click Element" library="SeleniumLibrary">
<arg>${SEC/S360_ADD_NEW_GROUP_BTN}</arg>
<doc>Click the element identified by ``locator``.</doc>
<msg timestamp="20230328 20:00:05.034" level="INFO">Clicking element 'xpath=//i[@id='newGroup']'.</msg>
<status status="PASS" starttime="20230328 20:00:05.034" endtime="20230328 20:00:05.231"/>
</kw>
<kw name="Capture Page Screenshot" library="SeleniumLibrary">
<arg>Administrator/Users Groups/Add New Group/NewGroupfields.png</arg>
<doc>Takes a screenshot of the current page and embeds it into a log file.</doc>
<msg timestamp="20230328 20:00:05.477" level="INFO" html="true">&lt;/td&gt;&lt;/tr&gt;&lt;tr&gt;&lt;td colspan="3"&gt;&lt;a href="Administrator/Users%20Groups/Add%20New%20Group/NewGroupfields.png"&gt;&lt;img src="Administrator/Users%20Groups/Add%20New%20Group/NewGroupfields.png" width="800px"&gt;&lt;/a&gt;</msg>
<status status="PASS" starttime="20230328 20:00:05.231" endtime="20230328 20:00:05.477"/>
</kw>
<kw name="Mouse Over" library="SeleniumLibrary">
<arg>${SEC/S360_GROUP_NAME_TXT_BOX}</arg>
<doc>Simulates hovering the mouse over the element ``locator``.</doc>
<msg timestamp="20230328 20:00:05.477" level="INFO">Simulating Mouse Over on element 'id=txtBoxNewGroupName'.</msg>
<status status="PASS" starttime="20230328 20:00:05.477" endtime="20230328 20:00:05.767"/>
</kw>
<kw name="Sleep" library="BuiltIn">
<arg>1s</arg>
<doc>Pauses the test executed for the given time.</doc>
<msg timestamp="20230328 20:00:06.769" level="INFO">Slept 1 second</msg>
<status status="PASS" starttime="20230328 20:00:05.767" endtime="20230328 20:00:06.769"/>
</kw>
<kw name="Capture Page Screenshot" library="SeleniumLibrary">
<arg>Administrator/Users Groups/Add New Group/GroupNamefieldTT.png</arg>
<doc>Takes a screenshot of the current page and embeds it into a log file.</doc>
<msg timestamp="20230328 20:00:07.014" level="INFO" html="true">&lt;/td&gt;&lt;/tr&gt;&lt;tr&gt;&lt;td colspan="3"&gt;&lt;a href="Administrator/Users%20Groups/Add%20New%20Group/GroupNamefieldTT.png"&gt;&lt;img src="Administrator/Users%20Groups/Add%20New%20Group/GroupNamefieldTT.png" width="800px"&gt;&lt;/a&gt;</msg>
<status status="PASS" starttime="20230328 20:00:06.770" endtime="20230328 20:00:07.014"/>
</kw>
<kw name="Mouse Over" library="SeleniumLibrary">
<arg>${SEC/S360_GROUP_DESC_TXT_BOX}</arg>
<doc>Simulates hovering the mouse over the element ``locator``.</doc>
<msg timestamp="20230328 20:00:07.015" level="INFO">Simulating Mouse Over on element 'id=txtBoxNewGroupDesc'.</msg>
<status status="PASS" starttime="20230328 20:00:07.014" endtime="20230328 20:00:07.307"/>
</kw>
<kw name="Sleep" library="BuiltIn">
<arg>1s</arg>
<doc>Pauses the test executed for the given time.</doc>
<msg timestamp="20230328 20:00:08.310" level="INFO">Slept 1 second</msg>
<status status="PASS" starttime="20230328 20:00:07.307" endtime="20230328 20:00:08.310"/>
</kw>
<kw name="Capture Page Screenshot" library="SeleniumLibrary">
<arg>Administrator/Users Groups/Add New Group/GroupDescfieldTT.png</arg>
<doc>Takes a screenshot of the current page and embeds it into a log file.</doc>
<msg timestamp="20230328 20:00:08.726" level="INFO" html="true">&lt;/td&gt;&lt;/tr&gt;&lt;tr&gt;&lt;td colspan="3"&gt;&lt;a href="Administrator/Users%20Groups/Add%20New%20Group/GroupDescfieldTT.png"&gt;&lt;img src="Administrator/Users%20Groups/Add%20New%20Group/GroupDescfieldTT.png" width="800px"&gt;&lt;/a&gt;</msg>
<status status="PASS" starttime="20230328 20:00:08.310" endtime="20230328 20:00:08.727"/>
</kw>
<kw name="Mouse Over" library="SeleniumLibrary">
<arg>${SEC/S360_SAVE_GROUP_BTN}</arg>
<doc>Simulates hovering the mouse over the element ``locator``.</doc>
<msg timestamp="20230328 20:00:08.727" level="INFO">Simulating Mouse Over on element 'id=btnCreateNewGrp'.</msg>
<status status="PASS" starttime="20230328 20:00:08.727" endtime="20230328 20:00:09.005"/>
</kw>
<kw name="Sleep" library="BuiltIn">
<arg>1s</arg>
<doc>Pauses the test executed for the given time.</doc>
<msg timestamp="20230328 20:00:10.006" level="INFO">Slept 1 second</msg>
<status status="PASS" starttime="20230328 20:00:09.006" endtime="20230328 20:00:10.007"/>
</kw>
<kw name="Capture Page Screenshot" library="SeleniumLibrary">
<arg>Administrator/Users Groups/Add New Group/CreateGroupTT.png</arg>
<doc>Takes a screenshot of the current page and embeds it into a log file.</doc>
<msg timestamp="20230328 20:00:10.234" level="INFO" html="true">&lt;/td&gt;&lt;/tr&gt;&lt;tr&gt;&lt;td colspan="3"&gt;&lt;a href="Administrator/Users%20Groups/Add%20New%20Group/CreateGroupTT.png"&gt;&lt;img src="Administrator/Users%20Groups/Add%20New%20Group/CreateGroupTT.png" width="800px"&gt;&lt;/a&gt;</msg>
<status status="PASS" starttime="20230328 20:00:10.007" endtime="20230328 20:00:10.234"/>
</kw>
<kw name="Mouse Over" library="SeleniumLibrary">
<arg>${SEC/S360_CANCEL_GROUP_BTN}</arg>
<doc>Simulates hovering the mouse over the element ``locator``.</doc>
<msg timestamp="20230328 20:00:10.234" level="INFO">Simulating Mouse Over on element '//span[@id='btnCancelNewGrp']'.</msg>
<status status="PASS" starttime="20230328 20:00:10.234" endtime="20230328 20:00:10.504"/>
</kw>
<kw name="Sleep" library="BuiltIn">
<arg>1s</arg>
<doc>Pauses the test executed for the given time.</doc>
<msg timestamp="20230328 20:00:11.506" level="INFO">Slept 1 second</msg>
<status status="PASS" starttime="20230328 20:00:10.505" endtime="20230328 20:00:11.507"/>
</kw>
<kw name="Capture Page Screenshot" library="SeleniumLibrary">
<arg>Administrator/Users Groups/Add New Group/CancelGroupTT.png</arg>
<doc>Takes a screenshot of the current page and embeds it into a log file.</doc>
<msg timestamp="20230328 20:00:11.712" level="INFO" html="true">&lt;/td&gt;&lt;/tr&gt;&lt;tr&gt;&lt;td colspan="3"&gt;&lt;a href="Administrator/Users%20Groups/Add%20New%20Group/CancelGroupTT.png"&gt;&lt;img src="Administrator/Users%20Groups/Add%20New%20Group/CancelGroupTT.png" width="800px"&gt;&lt;/a&gt;</msg>
<status status="PASS" starttime="20230328 20:00:11.508" endtime="20230328 20:00:11.712"/>
</kw>
<kw name="Mouse Over" library="SeleniumLibrary">
<arg>${SEC/S360_OPERATOR_ROLE}</arg>
<doc>Simulates hovering the mouse over the element ``locator``.</doc>
<msg timestamp="20230328 20:00:11.712" level="INFO">Simulating Mouse Over on element '(//*[contains(@id,"role_")]//img[contains(@src,"_icon_inspector")])[1]'.</msg>
<status status="PASS" starttime="20230328 20:00:11.712" endtime="20230328 20:00:12.009"/>
</kw>
<kw name="Sleep" library="BuiltIn">
<arg>1s</arg>
<doc>Pauses the test executed for the given time.</doc>
<msg timestamp="20230328 20:00:13.011" level="INFO">Slept 1 second</msg>
<status status="PASS" starttime="20230328 20:00:12.009" endtime="20230328 20:00:13.012"/>
</kw>
<kw name="Capture Page Screenshot" library="SeleniumLibrary">
<arg>Administrator/Users Groups/Add New Group/OperatorTT.png</arg>
<doc>Takes a screenshot of the current page and embeds it into a log file.</doc>
<msg timestamp="20230328 20:00:13.451" level="INFO" html="true">&lt;/td&gt;&lt;/tr&gt;&lt;tr&gt;&lt;td colspan="3"&gt;&lt;a href="Administrator/Users%20Groups/Add%20New%20Group/OperatorTT.png"&gt;&lt;img src="Administrator/Users%20Groups/Add%20New%20Group/OperatorTT.png" width="800px"&gt;&lt;/a&gt;</msg>
<status status="PASS" starttime="20230328 20:00:13.013" endtime="20230328 20:00:13.451"/>
</kw>
<kw name="Mouse Over" library="SeleniumLibrary">
<arg>${SEC/S360_DESIGNER_ROLE}</arg>
<doc>Simulates hovering the mouse over the element ``locator``.</doc>
<msg timestamp="20230328 20:00:13.451" level="INFO">Simulating Mouse Over on element '(//*[contains(@id,"role_")]//img[contains(@src,"_icon_designer")])[1]'.</msg>
<status status="PASS" starttime="20230328 20:00:13.451" endtime="20230328 20:00:13.726"/>
</kw>
<kw name="Sleep" library="BuiltIn">
<arg>1s</arg>
<doc>Pauses the test executed for the given time.</doc>
<msg timestamp="20230328 20:00:14.730" level="INFO">Slept 1 second</msg>
<status status="PASS" starttime="20230328 20:00:13.727" endtime="20230328 20:00:14.730"/>
</kw>
<kw name="Capture Page Screenshot" library="SeleniumLibrary">
<arg>Administrator/Users Groups/Add New Group/DesignerTT.png</arg>
<doc>Takes a screenshot of the current page and embeds it into a log file.</doc>
<msg timestamp="20230328 20:00:14.932" level="INFO" html="true">&lt;/td&gt;&lt;/tr&gt;&lt;tr&gt;&lt;td colspan="3"&gt;&lt;a href="Administrator/Users%20Groups/Add%20New%20Group/DesignerTT.png"&gt;&lt;img src="Administrator/Users%20Groups/Add%20New%20Group/DesignerTT.png" width="800px"&gt;&lt;/a&gt;</msg>
<status status="PASS" starttime="20230328 20:00:14.730" endtime="20230328 20:00:14.932"/>
</kw>
<kw name="Mouse Over" library="SeleniumLibrary">
<arg>${SEC/S360_ADMIN_ROLE}</arg>
<doc>Simulates hovering the mouse over the element ``locator``.</doc>
<msg timestamp="20230328 20:00:14.933" level="INFO">Simulating Mouse Over on element '(//*[contains(@id,"role_")]//img[contains(@src,"_icon_administrator")])[1]'.</msg>
<status status="PASS" starttime="20230328 20:00:14.933" endtime="20230328 20:00:20.286"/>
</kw>
<kw name="Sleep" library="BuiltIn">
<arg>1s</arg>
<doc>Pauses the test executed for the given time.</doc>
<msg timestamp="20230328 20:00:21.289" level="INFO">Slept 1 second</msg>
<status status="PASS" starttime="20230328 20:00:20.287" endtime="20230328 20:00:21.289"/>
</kw>
<kw name="Capture Page Screenshot" library="SeleniumLibrary">
<arg>Administrator/Users Groups/Add New Group/AdministratorTT.png</arg>
<doc>Takes a screenshot of the current page and embeds it into a log file.</doc>
<msg timestamp="20230328 20:00:21.713" level="INFO" html="true">&lt;/td&gt;&lt;/tr&gt;&lt;tr&gt;&lt;td colspan="3"&gt;&lt;a href="Administrator/Users%20Groups/Add%20New%20Group/AdministratorTT.png"&gt;&lt;img src="Administrator/Users%20Groups/Add%20New%20Group/AdministratorTT.png" width="800px"&gt;&lt;/a&gt;</msg>
<status status="PASS" starttime="20230328 20:00:21.290" endtime="20230328 20:00:21.713"/>
</kw>
<kw name="SEC/S360_Scroll Page To Location" library="Generic_Keywords">
<arg>0</arg>
<arg>0</arg>
<doc>Scrolls to the location mentioned</doc>
<kw name="Execute Javascript" library="SeleniumLibrary">
<arg>window.scrollTo(${x_location},${y_location})</arg>
<doc>Executes the given JavaScript code with possible arguments.</doc>
<msg timestamp="20230328 20:00:21.714" level="INFO">Executing JavaScript:
window.scrollTo(0,0)
Without any arguments.</msg>
<status status="PASS" starttime="20230328 20:00:21.713" endtime="20230328 20:00:21.762"/>
</kw>
<status status="PASS" starttime="20230328 20:00:21.713" endtime="20230328 20:00:21.762"/>
</kw>
<doc>Verifies translation for Add New Group functionality</doc>
<tag>TC04</tag>
<status status="PASS" starttime="20230328 20:00:05.015" endtime="20230328 20:00:21.762"/>
</test>
<test id="s1-t5" name="TC_05 Verify Add New User window under Users/Groups page" line="172">
<kw name="Wait Until Keyword Succeeds" library="BuiltIn">
<arg>5x</arg>
<arg>2s</arg>
<arg>Wait Until Element Is Visible</arg>
<arg>${SEC/S360_ADD_NEW_USER_BTN}</arg>
<arg>timeout=10</arg>
<doc>Runs the specified keyword and retries if it fails.</doc>
<kw name="Wait Until Element Is Visible" library="SeleniumLibrary">
<arg>${SEC/S360_ADD_NEW_USER_BTN}</arg>
<arg>timeout=10</arg>
<doc>Waits until the element ``locator`` is visible.</doc>
<status status="PASS" starttime="20230328 20:00:21.764" endtime="20230328 20:00:21.886"/>
</kw>
<status status="PASS" starttime="20230328 20:00:21.763" endtime="20230328 20:00:21.886"/>
</kw>
<kw name="Click Element" library="SeleniumLibrary">
<arg>${SEC/S360_ADD_NEW_USER_BTN}</arg>
<doc>Click the element identified by ``locator``.</doc>
<msg timestamp="20230328 20:00:21.887" level="INFO">Clicking element 'id=lblAddNewUser'.</msg>
<status status="PASS" starttime="20230328 20:00:21.886" endtime="20230328 20:00:22.644"/>
</kw>
<kw name="Split String" library="String">
<var>@{User_Details_zh}</var>
<arg>${User_Details_zh}</arg>
<arg>,</arg>
<doc>Splits the ``string`` using ``separator`` as a delimiter string.</doc>
<msg timestamp="20230328 20:00:22.644" level="INFO">@{User_Details_zh} = [ TestAdminUserzh | Test@123 | Test@123 | Test | RolesUser | tstdmnsruserzh@gmail.com ]</msg>
<status status="PASS" starttime="20230328 20:00:22.644" endtime="20230328 20:00:22.644"/>
</kw>
<kw name="SEC/S360_Enters All new User Details" library="Admin_Keywords">
<arg>@{User_Details_zh}</arg>
<doc>Creates a new user with an associated user group</doc>
<kw name="Wait Until Element Is Visible" library="SeleniumLibrary">
<arg>${SEC/S360_USERNAME_TXT_BOX}</arg>
<doc>Waits until the element ``locator`` is visible.</doc>
<status status="PASS" starttime="20230328 20:00:22.644" endtime="20230328 20:00:22.992"/>
</kw>
<kw name="Input Text" library="SeleniumLibrary">
<arg>${SEC/S360_USERNAME_TXT_BOX}</arg>
<arg>${User_Details_List}[0]</arg>
<doc>Types the given ``text`` into the text field identified by ``locator``.</doc>
<msg timestamp="20230328 20:00:22.992" level="INFO">Typing text 'TestAdminUserzh' into text field 'id=txtBoxUserName'.</msg>
<status status="PASS" starttime="20230328 20:00:22.992" endtime="20230328 20:00:23.167"/>
</kw>
<kw name="Input Text" library="SeleniumLibrary">
<arg>${SEC/S360_PASSWORD_TXT_BOX}</arg>
<arg>${User_Details_List}[1]</arg>
<doc>Types the given ``text`` into the text field identified by ``locator``.</doc>
<msg timestamp="20230328 20:00:23.167" level="INFO">Typing text 'Test@123' into text field 'id=txtPassword'.</msg>
<status status="PASS" starttime="20230328 20:00:23.167" endtime="20230328 20:00:23.374"/>
</kw>
<kw name="Input Text" library="SeleniumLibrary">
<arg>${SEC/S360_VER_PASSWORD_TXT_BOX}</arg>
<arg>${User_Details_List}[2]</arg>
<doc>Types the given ``text`` into the text field identified by ``locator``.</doc>
<msg timestamp="20230328 20:00:23.375" level="INFO">Typing text 'Test@123' into text field 'id=txtVerifyPwdTxt'.</msg>
<status status="PASS" starttime="20230328 20:00:23.374" endtime="20230328 20:00:23.573"/>
</kw>
<kw name="Input Text" library="SeleniumLibrary">
<arg>${SEC/S360_FIRST_NAME_TXT_BOX}</arg>
<arg>${User_Details_List}[3]</arg>
<doc>Types the given ``text`` into the text field identified by ``locator``.</doc>
<msg timestamp="20230328 20:00:23.574" level="INFO">Typing text 'Test' into text field 'id=txtFirstName'.</msg>
<status status="PASS" starttime="20230328 20:00:23.574" endtime="20230328 20:00:23.652"/>
</kw>
<kw name="Input Text" library="SeleniumLibrary">
<arg>${SEC/S360_LAST_NAME_TXT_BOX}</arg>
<arg>${User_Details_List}[4]</arg>
<doc>Types the given ``text`` into the text field identified by ``locator``.</doc>
<msg timestamp="20230328 20:00:23.653" level="INFO">Typing text 'RolesUser' into text field 'id=txtLastName'.</msg>
<status status="PASS" starttime="20230328 20:00:23.652" endtime="20230328 20:00:23.723"/>
</kw>
<kw name="Input Text" library="SeleniumLibrary">
<arg>${SEC/S360_EMAIL_TXT_BOX}</arg>
<arg>${User_Details_List}[5]</arg>
<doc>Types the given ``text`` into the text field identified by ``locator``.</doc>
<msg timestamp="20230328 20:00:23.724" level="INFO">Typing text 'tstdmnsruserzh@gmail.com' into text field 'xpath=//input[@type='email']'.</msg>
<status status="PASS" starttime="20230328 20:00:23.723" endtime="20230328 20:00:23.882"/>
</kw>
<status status="PASS" starttime="20230328 20:00:22.644" endtime="20230328 20:00:23.882"/>
</kw>
<kw name="Sleep" library="BuiltIn">
<arg>2s</arg>
<doc>Pauses the test executed for the given time.</doc>
<msg timestamp="20230328 20:00:25.884" level="INFO">Slept 2 seconds</msg>
<status status="PASS" starttime="20230328 20:00:23.882" endtime="20230328 20:00:25.884"/>
</kw>
<kw name="Scroll Element Into View" library="SeleniumLibrary">
<arg>${SEC/S360_USER_GROUP}</arg>
<doc>Scrolls the element identified by ``locator`` into view.</doc>
<status status="PASS" starttime="20230328 20:00:25.884" endtime="20230328 20:00:27.214"/>
</kw>
<kw name="Wait Until Keyword Succeeds" library="BuiltIn">
<arg>5x</arg>
<arg>2s</arg>
<arg>Wait Until Element Is Visible</arg>
<arg>${SEC/S360_USER_GROUP}</arg>
<arg>timeout=10</arg>
<doc>Runs the specified keyword and retries if it fails.</doc>
<kw name="Wait Until Element Is Visible" library="SeleniumLibrary">
<arg>${SEC/S360_USER_GROUP}</arg>
<arg>timeout=10</arg>
<doc>Waits until the element ``locator`` is visible.</doc>
<status status="PASS" starttime="20230328 20:00:27.215" endtime="20230328 20:00:27.233"/>
</kw>
<status status="PASS" starttime="20230328 20:00:27.214" endtime="20230328 20:00:27.234"/>
</kw>
<kw name="Click Element" library="SeleniumLibrary">
<arg>${SEC/S360_USER_GROUP}</arg>
<doc>Click the element identified by ``locator``.</doc>
<msg timestamp="20230328 20:00:27.234" level="INFO">Clicking element 'id=chkUserGroup_0'.</msg>
<status status="PASS" starttime="20230328 20:00:27.234" endtime="20230328 20:00:27.367"/>
</kw>
<kw name="Mouse Over" library="SeleniumLibrary">
<arg>${SEC/S360_FORM_CANCEL_BTN}</arg>
<doc>Simulates hovering the mouse over the element ``locator``.</doc>
<msg timestamp="20230328 20:00:27.367" level="INFO">Simulating Mouse Over on element 'id=form_closeBtn'.</msg>
<status status="PASS" starttime="20230328 20:00:27.367" endtime="20230328 20:00:27.661"/>
</kw>
<kw name="Sleep" library="BuiltIn">
<arg>1s</arg>
<doc>Pauses the test executed for the given time.</doc>
<msg timestamp="20230328 20:00:28.661" level="INFO">Slept 1 second</msg>
<status status="PASS" starttime="20230328 20:00:27.661" endtime="20230328 20:00:28.662"/>
</kw>
<kw name="Capture Page Screenshot" library="SeleniumLibrary">
<arg>Administrator/Users Groups/Add New User window/CloseTT.png</arg>
<doc>Takes a screenshot of the current page and embeds it into a log file.</doc>
<msg timestamp="20230328 20:00:29.276" level="INFO" html="true">&lt;/td&gt;&lt;/tr&gt;&lt;tr&gt;&lt;td colspan="3"&gt;&lt;a href="Administrator/Users%20Groups/Add%20New%20User%20window/CloseTT.png"&gt;&lt;img src="Administrator/Users%20Groups/Add%20New%20User%20window/CloseTT.png" width="800px"&gt;&lt;/a&gt;</msg>
<status status="PASS" starttime="20230328 20:00:28.662" endtime="20230328 20:00:29.276"/>
</kw>
<kw name="Mouse Over" library="SeleniumLibrary">
<arg>${SEC/S360_FLOAT_SAVE_BTN}</arg>
<doc>Simulates hovering the mouse over the element ``locator``.</doc>
<msg timestamp="20230328 20:00:29.276" level="INFO">Simulating Mouse Over on element '//button[@id="floatBtn_SaveTxt"]'.</msg>
<status status="PASS" starttime="20230328 20:00:29.276" endtime="20230328 20:00:29.544"/>
</kw>
<kw name="Sleep" library="BuiltIn">
<arg>1s</arg>
<doc>Pauses the test executed for the given time.</doc>
<msg timestamp="20230328 20:00:30.547" level="INFO">Slept 1 second</msg>
<status status="PASS" starttime="20230328 20:00:29.544" endtime="20230328 20:00:30.547"/>
</kw>
<kw name="Capture Page Screenshot" library="SeleniumLibrary">
<arg>Administrator/Users Groups/Add New User window/SaveTT.png</arg>
<doc>Takes a screenshot of the current page and embeds it into a log file.</doc>
<msg timestamp="20230328 20:00:30.791" level="INFO" html="true">&lt;/td&gt;&lt;/tr&gt;&lt;tr&gt;&lt;td colspan="3"&gt;&lt;a href="Administrator/Users%20Groups/Add%20New%20User%20window/SaveTT.png"&gt;&lt;img src="Administrator/Users%20Groups/Add%20New%20User%20window/SaveTT.png" width="800px"&gt;&lt;/a&gt;</msg>
<status status="PASS" starttime="20230328 20:00:30.548" endtime="20230328 20:00:30.791"/>
</kw>
<kw name="Wait Until Keyword Succeeds" library="BuiltIn">
<arg>5x</arg>
<arg>2s</arg>
<arg>Wait Until Element Is Visible</arg>
<arg>${SEC/S360_FLOAT_SAVE_BTN}</arg>
<arg>timeout=10</arg>
<doc>Runs the specified keyword and retries if it fails.</doc>
<kw name="Wait Until Element Is Visible" library="SeleniumLibrary">
<arg>${SEC/S360_FLOAT_SAVE_BTN}</arg>
<arg>timeout=10</arg>
<doc>Waits until the element ``locator`` is visible.</doc>
<status status="PASS" starttime="20230328 20:00:30.791" endtime="20230328 20:00:30.803"/>
</kw>
<status status="PASS" starttime="20230328 20:00:30.791" endtime="20230328 20:00:30.803"/>
</kw>
<kw name="Click Element" library="SeleniumLibrary">
<arg>${SEC/S360_FLOAT_SAVE_BTN}</arg>
<doc>Click the element identified by ``locator``.</doc>
<msg timestamp="20230328 20:00:30.804" level="INFO">Clicking element '//button[@id="floatBtn_SaveTxt"]'.</msg>
<status status="PASS" starttime="20230328 20:00:30.803" endtime="20230328 20:00:30.875"/>
</kw>
<kw name="Wait Until Element Is Visible" library="SeleniumLibrary">
<arg>${S360_FILTER_MSG_DETAILS_DRPDOWNBTN}</arg>
<doc>Waits until the element ``locator`` is visible.</doc>
<status status="PASS" starttime="20230328 20:00:30.875" endtime="20230328 20:00:32.988"/>
</kw>
<kw name="Capture Page Screenshot" library="SeleniumLibrary">
<arg>Administrator/Users Groups/Add New User window/NewUserSuccessMessage.png</arg>
<doc>Takes a screenshot of the current page and embeds it into a log file.</doc>
<msg timestamp="20230328 20:00:33.624" level="INFO" html="true">&lt;/td&gt;&lt;/tr&gt;&lt;tr&gt;&lt;td colspan="3"&gt;&lt;a href="Administrator/Users%20Groups/Add%20New%20User%20window/NewUserSuccessMessage.png"&gt;&lt;img src="Administrator/Users%20Groups/Add%20New%20User%20window/NewUserSuccessMessage.png" width="800px"&gt;&lt;/a&gt;</msg>
<status status="PASS" starttime="20230328 20:00:32.988" endtime="20230328 20:00:33.624"/>
</kw>
<kw name="Mouse Over" library="SeleniumLibrary">
<arg>${SEC/S360_SEND_INVITE_BTN}</arg>
<doc>Simulates hovering the mouse over the element ``locator``.</doc>
<msg timestamp="20230328 20:00:33.625" level="INFO">Simulating Mouse Over on element 'id=btnSendInvite'.</msg>
<status status="PASS" starttime="20230328 20:00:33.624" endtime="20230328 20:00:33.907"/>
</kw>
<kw name="Sleep" library="BuiltIn">
<arg>1s</arg>
<doc>Pauses the test executed for the given time.</doc>
<msg timestamp="20230328 20:00:34.908" level="INFO">Slept 1 second</msg>
<status status="PASS" starttime="20230328 20:00:33.907" endtime="20230328 20:00:34.909"/>
</kw>
<kw name="Capture Page Screenshot" library="SeleniumLibrary">
<arg>Administrator/Users Groups/Add New User window/SendInvitationTT.png</arg>
<doc>Takes a screenshot of the current page and embeds it into a log file.</doc>
<msg timestamp="20230328 20:00:35.136" level="INFO" html="true">&lt;/td&gt;&lt;/tr&gt;&lt;tr&gt;&lt;td colspan="3"&gt;&lt;a href="Administrator/Users%20Groups/Add%20New%20User%20window/SendInvitationTT.png"&gt;&lt;img src="Administrator/Users%20Groups/Add%20New%20User%20window/SendInvitationTT.png" width="800px"&gt;&lt;/a&gt;</msg>
<status status="PASS" starttime="20230328 20:00:34.910" endtime="20230328 20:00:35.136"/>
</kw>
<kw name="Mouse Over" library="SeleniumLibrary">
<arg>${SEC/S360_SAVE_SEND_INVITE_BTN}</arg>
<doc>Simulates hovering the mouse over the element ``locator``.</doc>
<msg timestamp="20230328 20:00:35.136" level="INFO">Simulating Mouse Over on element 'id=btnSaveAndSendInvite'.</msg>
<status status="PASS" starttime="20230328 20:00:35.136" endtime="20230328 20:00:35.403"/>
</kw>
<kw name="Sleep" library="BuiltIn">
<arg>1s</arg>
<doc>Pauses the test executed for the given time.</doc>
<msg timestamp="20230328 20:00:36.406" level="INFO">Slept 1 second</msg>
<status status="PASS" starttime="20230328 20:00:35.404" endtime="20230328 20:00:36.406"/>
</kw>
<kw name="Capture Page Screenshot" library="SeleniumLibrary">
<arg>Administrator/Users Groups/Add New User window/SaveSendInvitationTT.png</arg>
<doc>Takes a screenshot of the current page and embeds it into a log file.</doc>
<msg timestamp="20230328 20:00:36.621" level="INFO" html="true">&lt;/td&gt;&lt;/tr&gt;&lt;tr&gt;&lt;td colspan="3"&gt;&lt;a href="Administrator/Users%20Groups/Add%20New%20User%20window/SaveSendInvitationTT.png"&gt;&lt;img src="Administrator/Users%20Groups/Add%20New%20User%20window/SaveSendInvitationTT.png" width="800px"&gt;&lt;/a&gt;</msg>
<status status="PASS" starttime="20230328 20:00:36.407" endtime="20230328 20:00:36.621"/>
</kw>
<kw name="Mouse Over" library="SeleniumLibrary">
<arg>${SEC/S360_SAVE_SENDINVITE_CU_BTN}</arg>
<doc>Simulates hovering the mouse over the element ``locator``.</doc>
<msg timestamp="20230328 20:00:36.621" level="INFO">Simulating Mouse Over on element 'id=btnSaveAndSendInvite'.</msg>
<status status="PASS" starttime="20230328 20:00:36.621" endtime="20230328 20:00:36.886"/>
</kw>
<kw name="Sleep" library="BuiltIn">
<arg>1s</arg>
<doc>Pauses the test executed for the given time.</doc>
<msg timestamp="20230328 20:00:37.889" level="INFO">Slept 1 second</msg>
<status status="PASS" starttime="20230328 20:00:36.887" endtime="20230328 20:00:37.890"/>
</kw>
<kw name="Capture Page Screenshot" library="SeleniumLibrary">
<arg>Administrator/Users Groups/Add New User window/SaveSendInvitationCUTT.png</arg>
<doc>Takes a screenshot of the current page and embeds it into a log file.</doc>
<msg timestamp="20230328 20:00:38.377" level="INFO" html="true">&lt;/td&gt;&lt;/tr&gt;&lt;tr&gt;&lt;td colspan="3"&gt;&lt;a href="Administrator/Users%20Groups/Add%20New%20User%20window/SaveSendInvitationCUTT.png"&gt;&lt;img src="Administrator/Users%20Groups/Add%20New%20User%20window/SaveSendInvitationCUTT.png" width="800px"&gt;&lt;/a&gt;</msg>
<status status="PASS" starttime="20230328 20:00:37.890" endtime="20230328 20:00:38.377"/>
</kw>
<kw name="Mouse Over" library="SeleniumLibrary">
<arg>${SEC/S360_FLOAT_CANCEL_BTN}</arg>
<doc>Simulates hovering the mouse over the element ``locator``.</doc>
<msg timestamp="20230328 20:00:38.377" level="INFO">Simulating Mouse Over on element 'id=floatBtn_CancelTxt'.</msg>
<status status="PASS" starttime="20230328 20:00:38.377" endtime="20230328 20:00:38.656"/>
</kw>
<kw name="Sleep" library="BuiltIn">
<arg>1s</arg>
<doc>Pauses the test executed for the given time.</doc>
<msg timestamp="20230328 20:00:39.658" level="INFO">Slept 1 second</msg>
<status status="PASS" starttime="20230328 20:00:38.656" endtime="20230328 20:00:39.659"/>
</kw>
<kw name="Capture Page Screenshot" library="SeleniumLibrary">
<arg>Administrator/Users Groups/Add New User window/CancelTT.png</arg>
<doc>Takes a screenshot of the current page and embeds it into a log file.</doc>
<msg timestamp="20230328 20:00:40.122" level="INFO" html="true">&lt;/td&gt;&lt;/tr&gt;&lt;tr&gt;&lt;td colspan="3"&gt;&lt;a href="Administrator/Users%20Groups/Add%20New%20User%20window/CancelTT.png"&gt;&lt;img src="Administrator/Users%20Groups/Add%20New%20User%20window/CancelTT.png" width="800px"&gt;&lt;/a&gt;</msg>
<status status="PASS" starttime="20230328 20:00:39.659" endtime="20230328 20:00:40.122"/>
</kw>
<kw name="SEC/S360_Scroll Page To Location" library="Generic_Keywords">
<arg>0</arg>
<arg>500</arg>
<doc>Scrolls to the location mentioned</doc>
<kw name="Execute Javascript" library="SeleniumLibrary">
<arg>window.scrollTo(${x_location},${y_location})</arg>
<doc>Executes the given JavaScript code with possible arguments.</doc>
<msg timestamp="20230328 20:00:40.123" level="INFO">Executing JavaScript:
window.scrollTo(0,500)
Without any arguments.</msg>
<status status="PASS" starttime="20230328 20:00:40.122" endtime="20230328 20:00:40.125"/>
</kw>
<status status="PASS" starttime="20230328 20:00:40.122" endtime="20230328 20:00:40.125"/>
</kw>
<kw name="Capture Page Screenshot" library="SeleniumLibrary">
<arg>Administrator/Users Groups/Add New User window/AddNewUsersWindowBottomHalf.png</arg>
<doc>Takes a screenshot of the current page and embeds it into a log file.</doc>
<msg timestamp="20230328 20:00:40.313" level="INFO" html="true">&lt;/td&gt;&lt;/tr&gt;&lt;tr&gt;&lt;td colspan="3"&gt;&lt;a href="Administrator/Users%20Groups/Add%20New%20User%20window/AddNewUsersWindowBottomHalf.png"&gt;&lt;img src="Administrator/Users%20Groups/Add%20New%20User%20window/AddNewUsersWindowBottomHalf.png" width="800px"&gt;&lt;/a&gt;</msg>
<status status="PASS" starttime="20230328 20:00:40.126" endtime="20230328 20:00:40.313"/>
</kw>
<kw name="Click Element" library="SeleniumLibrary">
<arg>${SEC/S360_FLOAT_CANCEL_BTN}</arg>
<doc>Click the element identified by ``locator``.</doc>
<msg timestamp="20230328 20:00:40.313" level="INFO">Clicking element 'id=floatBtn_CancelTxt'.</msg>
<status status="PASS" starttime="20230328 20:00:40.313" endtime="20230328 20:00:40.453"/>
</kw>
<kw name="Wait Until Page Contains Element" library="SeleniumLibrary">
<arg>${SEC/S360_FIRST_PAGE_BTN}</arg>
<doc>Waits until the element ``locator`` appears on the current page.</doc>
<status status="PASS" starttime="20230328 20:00:40.453" endtime="20230328 20:00:40.461"/>
</kw>
<kw name="SEC/S360_Scroll Page To Location" library="Generic_Keywords">
<arg>0</arg>
<arg>0</arg>
<doc>Scrolls to the location mentioned</doc>
<kw name="Execute Javascript" library="SeleniumLibrary">
<arg>window.scrollTo(${x_location},${y_location})</arg>
<doc>Executes the given JavaScript code with possible arguments.</doc>
<msg timestamp="20230328 20:00:40.461" level="INFO">Executing JavaScript:
window.scrollTo(0,0)
Without any arguments.</msg>
<status status="PASS" starttime="20230328 20:00:40.461" endtime="20230328 20:00:40.463"/>
</kw>
<status status="PASS" starttime="20230328 20:00:40.461" endtime="20230328 20:00:40.463"/>
</kw>
<kw name="Split String" library="String">
<var>@{Users_List_zh}</var>
<arg>${Delete_User_List_zh}</arg>
<arg>,</arg>
<doc>Splits the ``string`` using ``separator`` as a delimiter string.</doc>
<msg timestamp="20230328 20:00:40.464" level="INFO">@{Users_List_zh} = [ TestAdminUserzh ]</msg>
<status status="PASS" starttime="20230328 20:00:40.464" endtime="20230328 20:00:40.464"/>
</kw>
<kw name="SEC/S360_Delete Users" library="Admin_Keywords">
<arg>@{Users_List_zh}</arg>
<doc>Deletes the user</doc>
<kw name="Get Length" library="BuiltIn">
<var>${Total_Users}</var>
<arg>${NameOfUser}</arg>
<doc>Returns and logs the length of the given item as an integer.</doc>
<msg timestamp="20230328 20:00:40.464" level="INFO">Length is 1</msg>
<msg timestamp="20230328 20:00:40.464" level="INFO">${Total_Users} = 1</msg>
<status status="PASS" starttime="20230328 20:00:40.464" endtime="20230328 20:00:40.464"/>
</kw>
<for flavor="IN RANGE">
<var>${Index}</var>
<value>0</value>
<value>${Total_Users}</value>
<iter>
<var name="${Index}">0</var>
<kw name="SEC/S360_Seach An User" library="Admin_Keywords">
<var>${Index_Number}</var>
<arg>${NameOfUser}[${Index}]</arg>
<doc>Search for specified user</doc>
<kw name="SEC/S360_Scroll Page To Location" library="Generic_Keywords">
<arg>0</arg>
<arg>0</arg>
<doc>Scrolls to the location mentioned</doc>
<kw name="Execute Javascript" library="SeleniumLibrary">
<arg>window.scrollTo(${x_location},${y_location})</arg>
<doc>Executes the given JavaScript code with possible arguments.</doc>
<msg timestamp="20230328 20:00:40.465" level="INFO">Executing JavaScript:
window.scrollTo(0,0)
Without any arguments.</msg>
<status status="PASS" starttime="20230328 20:00:40.465" endtime="20230328 20:00:40.480"/>
</kw>
<status status="PASS" starttime="20230328 20:00:40.465" endtime="20230328 20:00:40.480"/>
</kw>
<kw name="Capture Page Screenshot" library="SeleniumLibrary">
<doc>Takes a screenshot of the current page and embeds it into a log file.</doc>
<msg timestamp="20230328 20:00:40.687" level="INFO" html="true">&lt;/td&gt;&lt;/tr&gt;&lt;tr&gt;&lt;td colspan="3"&gt;&lt;a href="selenium-screenshot-2.png"&gt;&lt;img src="selenium-screenshot-2.png" width="800px"&gt;&lt;/a&gt;</msg>
<status status="PASS" starttime="20230328 20:00:40.480" endtime="20230328 20:00:40.687"/>
</kw>
<kw name="Wait Until Keyword Succeeds" library="BuiltIn">
<arg>5x</arg>
<arg>2s</arg>
<arg>Input Text</arg>
<arg>${SEC/S360_SEARCH_BOX}</arg>
<arg>${NameOfUser}</arg>
<doc>Runs the specified keyword and retries if it fails.</doc>
<kw name="Input Text" library="SeleniumLibrary">
<arg>${SEC/S360_SEARCH_BOX}</arg>
<arg>${NameOfUser}</arg>
<doc>Types the given ``text`` into the text field identified by ``locator``.</doc>
<msg timestamp="20230328 20:00:40.688" level="INFO">Typing text 'TestAdminUserzh' into text field 'id=searchBox'.</msg>
<status status="PASS" starttime="20230328 20:00:40.687" endtime="20230328 20:00:41.259"/>
</kw>
<status status="PASS" starttime="20230328 20:00:40.687" endtime="20230328 20:00:41.259"/>
</kw>
<kw name="Capture Page Screenshot" library="SeleniumLibrary">
<doc>Takes a screenshot of the current page and embeds it into a log file.</doc>
<msg timestamp="20230328 20:00:41.829" level="INFO" html="true">&lt;/td&gt;&lt;/tr&gt;&lt;tr&gt;&lt;td colspan="3"&gt;&lt;a href="selenium-screenshot-3.png"&gt;&lt;img src="selenium-screenshot-3.png" width="800px"&gt;&lt;/a&gt;</msg>
<status status="PASS" starttime="20230328 20:00:41.259" endtime="20230328 20:00:41.829"/>
</kw>
<kw name="Wait Until Keyword Succeeds" library="BuiltIn">
<arg>5x</arg>
<arg>2s</arg>
<arg>Click Element</arg>
<arg>${SEC/S360_SEARCH_BTN}</arg>
<doc>Runs the specified keyword and retries if it fails.</doc>
<kw name="Click Element" library="SeleniumLibrary">
<arg>${SEC/S360_SEARCH_BTN}</arg>
<doc>Click the element identified by ``locator``.</doc>
<msg timestamp="20230328 20:00:41.830" level="INFO">Clicking element 'id=searchBtn'.</msg>
<status status="PASS" starttime="20230328 20:00:41.830" endtime="20230328 20:00:41.879"/>
</kw>
<status status="PASS" starttime="20230328 20:00:41.830" endtime="20230328 20:00:41.879"/>
</kw>
<kw name="Capture Page Screenshot" library="SeleniumLibrary">
<doc>Takes a screenshot of the current page and embeds it into a log file.</doc>
<msg timestamp="20230328 20:00:42.107" level="INFO" html="true">&lt;/td&gt;&lt;/tr&gt;&lt;tr&gt;&lt;td colspan="3"&gt;&lt;a href="selenium-screenshot-4.png"&gt;&lt;img src="selenium-screenshot-4.png" width="800px"&gt;&lt;/a&gt;</msg>
<status status="PASS" starttime="20230328 20:00:41.879" endtime="20230328 20:00:42.107"/>
</kw>
<kw name="Run Keyword And Ignore Error" library="BuiltIn">
<arg>Wait Until Element Is Visible</arg>
<arg>${SEC/S360_FIRST_USER_IMAGE}</arg>
<doc>Runs the given keyword with the given arguments and ignores possible error.</doc>
<kw name="Wait Until Element Is Visible" library="SeleniumLibrary">
<arg>${SEC/S360_FIRST_USER_IMAGE}</arg>
<doc>Waits until the element ``locator`` is visible.</doc>
<msg timestamp="20230328 20:00:52.656" level="INFO" html="true">&lt;/td&gt;&lt;/tr&gt;&lt;tr&gt;&lt;td colspan="3"&gt;&lt;a href="selenium-screenshot-5.png"&gt;&lt;img src="selenium-screenshot-5.png" width="800px"&gt;&lt;/a&gt;</msg>
<msg timestamp="20230328 20:00:52.656" level="FAIL">Element 'xpath=(//*[@id='imageUser_0'])' not visible after 10 seconds.</msg>
<status status="FAIL" starttime="20230328 20:00:42.107" endtime="20230328 20:00:52.657"/>
</kw>
<status status="PASS" starttime="20230328 20:00:42.107" endtime="20230328 20:00:52.657"/>
</kw>
<kw name="Set Variable" library="BuiltIn">
<var>${Index_Number}</var>
<arg>0</arg>
<doc>Returns the given values which can then be assigned to a variables.</doc>
<msg timestamp="20230328 20:00:52.657" level="INFO">${Index_Number} = 0</msg>
<status status="PASS" starttime="20230328 20:00:52.657" endtime="20230328 20:00:52.657"/>
</kw>
<kw name="Get Element Count" library="SeleniumLibrary">
<var>${Usernames_Texts}</var>
<arg>${SEC/S360_USERNAMES_TEXT}</arg>
<doc>Returns the number of elements matching ``locator``.</doc>
<msg timestamp="20230328 20:00:52.667" level="INFO">${Usernames_Texts} = 0</msg>
<status status="PASS" starttime="20230328 20:00:52.657" endtime="20230328 20:00:52.667"/>
</kw>
<for flavor="IN RANGE">
<var>${Index}</var>
<value>1</value>
<value>${Usernames_Texts}+1</value>
<iter>
<var name="${Index}"/>
<kw name="Wait Until Keyword Succeeds" library="BuiltIn">
<var>${Username_Text}</var>
<arg>5x</arg>
<arg>2s</arg>
<arg>Get Text</arg>
<arg>${SEC/S360_USERNAMES_TEXT} [${Index}]</arg>
<doc>Runs the specified keyword and retries if it fails.</doc>
<status status="NOT RUN" starttime="20230328 20:00:52.668" endtime="20230328 20:00:52.668"/>
</kw>
<kw name="Run Keyword If" library="BuiltIn">
<var>${Index_Number}</var>
<arg>'${Username_Text}'=='${NameOfUser}'</arg>
<arg>Evaluate</arg>
<arg>${Index_Number}+${Index}</arg>
<arg>ELSE</arg>
<arg>Evaluate</arg>
<arg>${Index_Number}+${0}</arg>
<doc>Runs the given keyword with the given arguments, if ``condition`` is true.</doc>
<status status="NOT RUN" starttime="20230328 20:00:52.668" endtime="20230328 20:00:52.668"/>
</kw>
<kw name="Exit For Loop If" library="BuiltIn">
<arg>'${Username_Text}'=='${NameOfUser}'</arg>
<doc>Stops executing the enclosing FOR loop if the ``condition`` is true.</doc>
<status status="NOT RUN" starttime="20230328 20:00:52.668" endtime="20230328 20:00:52.668"/>
</kw>
<status status="NOT RUN" starttime="20230328 20:00:52.668" endtime="20230328 20:00:52.668"/>
</iter>
<status status="NOT RUN" starttime="20230328 20:00:52.667" endtime="20230328 20:00:52.668"/>
</for>
<msg timestamp="20230328 20:00:52.668" level="INFO">${Index_Number} = 0</msg>
<status status="PASS" starttime="20230328 20:00:40.465" endtime="20230328 20:00:52.668"/>
</kw>
<kw name="Mouse Over" library="SeleniumLibrary">
<arg>${SEC/S360_USER_IMAGES} [${Index_Number}]</arg>
<doc>Simulates hovering the mouse over the element ``locator``.</doc>
<msg timestamp="20230328 20:00:52.669" level="INFO">Simulating Mouse Over on element 'xpath=(//*[contains(@id, 'imageUser_')]) [0]'.</msg>
<msg timestamp="20230328 20:00:52.865" level="INFO" html="true">&lt;/td&gt;&lt;/tr&gt;&lt;tr&gt;&lt;td colspan="3"&gt;&lt;a href="selenium-screenshot-6.png"&gt;&lt;img src="selenium-screenshot-6.png" width="800px"&gt;&lt;/a&gt;</msg>
<msg timestamp="20230328 20:00:52.865" level="FAIL">Element with locator 'xpath=(//*[contains(@id, 'imageUser_')]) [0]' not found.</msg>
<status status="FAIL" starttime="20230328 20:00:52.668" endtime="20230328 20:00:52.865"/>
</kw>
<kw name="Click Element" library="SeleniumLibrary">
<arg>${SEC/S360_DELETE_USER_BTN} [${Index_Number}]</arg>
<doc>Click the element identified by ``locator``.</doc>
<status status="NOT RUN" starttime="20230328 20:00:52.865" endtime="20230328 20:00:52.865"/>
</kw>
<kw name="Wait Until Element Is Visible" library="SeleniumLibrary">
<arg>${SEC/S360_DELETE_POP_BTN}</arg>
<doc>Waits until the element ``locator`` is visible.</doc>
<status status="NOT RUN" starttime="20230328 20:00:52.865" endtime="20230328 20:00:52.865"/>
</kw>
<kw name="Click Element" library="SeleniumLibrary">
<arg>${SEC/S360_DELETE_POP_BTN}</arg>
<doc>Click the element identified by ``locator``.</doc>
<status status="NOT RUN" starttime="20230328 20:00:52.865" endtime="20230328 20:00:52.865"/>
</kw>
<kw name="SEC/S360_Verify Success Message" library="Generic_Keywords">
<arg>${Delete_User_Msg_ID}</arg>
<doc>Verifies the message prefix in the message center</doc>
<status status="NOT RUN" starttime="20230328 20:00:52.865" endtime="20230328 20:00:52.866"/>
</kw>
[...]
<msg timestamp="20230328 20:11:10.122" level="INFO">Selecting options from selection list 'id=language-list' by label 中文.</msg>
<status status="PASS" starttime="20230328 20:11:10.122" endtime="20230328 20:11:10.189"/>
</kw>
<kw name="SEC/S360_Enter Credentials and Login To Solution" library="Generic_Keywords">
<arg>${Username}</arg>
<arg>${Password}</arg>
<arg>${OperatorRole}</arg>
<doc>Enters the credentials and logs into the solution
Where ${Var_Username} is Username to be entered
${Var_Password} is password to be entered
and ${RoleValue} is the index number of role (0-Admin, 1-Operator, 2-Designer)gi</doc>
<kw name="Run Keyword And Return Status" library="BuiltIn">
<var>${is_your_connection_not_private}</var>
<arg>element should not be visible</arg>
<arg>${ADVANCED_BTN}</arg>
<doc>Runs the given keyword with given arguments and returns the status as a Boolean value.</doc>
<kw name="Element Should Not Be Visible" library="SeleniumLibrary">
<arg>${ADVANCED_BTN}</arg>
<doc>Verifies that the element identified by ``locator`` is NOT visible.</doc>
<msg timestamp="20230328 20:11:10.234" level="INFO">Element 'id=details-button' did not exist.</msg>
<status status="PASS" starttime="20230328 20:11:10.227" endtime="20230328 20:11:10.234"/>
</kw>
<msg timestamp="20230328 20:11:10.234" level="INFO">${is_your_connection_not_private} = True</msg>
<status status="PASS" starttime="20230328 20:11:10.227" endtime="20230328 20:11:10.234"/>
</kw>
<kw name="Run Keyword If" library="BuiltIn">
<arg>'${is_your_connection_not_private}'=='False'</arg>
<arg>run keywords</arg>
<arg>click element</arg>
<arg>${ADVANCED_BTN}</arg>
<doc>Runs the given keyword with the given arguments, if ``condition`` is true.</doc>
<status status="PASS" starttime="20230328 20:11:10.234" endtime="20230328 20:11:10.234"/>
</kw>
<kw name="Wait Until Element Is Visible" library="SeleniumLibrary">
<arg>${SEC/S360_USERNAME_TXT}</arg>
<doc>Waits until the element ``locator`` is visible.</doc>
<status status="PASS" starttime="20230328 20:11:10.234" endtime="20230328 20:11:10.242"/>
</kw>
<kw name="Run Keyword And Return Status" library="BuiltIn">
<var>${is_account_field_present}</var>
<arg>element should not be visible</arg>
<arg>${SEC/S360_ACC_ID}</arg>
<doc>Runs the given keyword with given arguments and returns the status as a Boolean value.</doc>
<kw name="Element Should Not Be Visible" library="SeleniumLibrary">
<arg>${SEC/S360_ACC_ID}</arg>
<doc>Verifies that the element identified by ``locator`` is NOT visible.</doc>
<msg timestamp="20230328 20:11:10.249" level="INFO">Element 'id=accountId' did not exist.</msg>
<status status="PASS" starttime="20230328 20:11:10.243" endtime="20230328 20:11:10.249"/>
</kw>
<msg timestamp="20230328 20:11:10.249" level="INFO">${is_account_field_present} = True</msg>
<status status="PASS" starttime="20230328 20:11:10.243" endtime="20230328 20:11:10.249"/>
</kw>
<kw name="Run Keyword If" library="BuiltIn">
<arg>'${is_account_field_present}'=='False'</arg>
<arg>Input Text</arg>
<arg>${SEC/S360_ACC_ID}</arg>
<arg>eng_ga8100</arg>
<doc>Runs the given keyword with the given arguments, if ``condition`` is true.</doc>
<status status="PASS" starttime="20230328 20:11:10.249" endtime="20230328 20:11:10.249"/>
</kw>
<kw name="Wait Until Element Is Visible" library="SeleniumLibrary">
<arg>id=welcomeToTxt</arg>
<doc>Waits until the element ``locator`` is visible.</doc>
<status status="PASS" starttime="20230328 20:11:10.249" endtime="20230328 20:11:10.262"/>
</kw>
<kw name="Wait Until Keyword Succeeds" library="BuiltIn">
<arg>3x</arg>
<arg>1s</arg>
<arg>Input Text</arg>
<arg>${SEC/S360_USERNAME_TXT}</arg>
<arg>${Var_Username}</arg>
<doc>Runs the specified keyword and retries if it fails.</doc>
<kw name="Input Text" library="SeleniumLibrary">
<arg>${SEC/S360_USERNAME_TXT}</arg>
<arg>${Var_Username}</arg>
<doc>Types the given ``text`` into the text field identified by ``locator``.</doc>
<msg timestamp="20230328 20:11:10.262" level="INFO">Typing text 'ruleuser' into text field 'id=userName'.</msg>
<status status="PASS" starttime="20230328 20:11:10.262" endtime="20230328 20:11:10.339"/>
</kw>
<status status="PASS" starttime="20230328 20:11:10.262" endtime="20230328 20:11:10.339"/>
</kw>
<kw name="Wait Until Keyword Succeeds" library="BuiltIn">
<arg>3x</arg>
<arg>1s</arg>
<arg>Input Text</arg>
<arg>${SEC/S360_PASSWORD_TXT}</arg>
<arg>${Var_Password}</arg>
<doc>Runs the specified keyword and retries if it fails.</doc>
<kw name="Input Text" library="SeleniumLibrary">
<arg>${SEC/S360_PASSWORD_TXT}</arg>
<arg>${Var_Password}</arg>
<doc>Types the given ``text`` into the text field identified by ``locator``.</doc>
<msg timestamp="20230328 20:11:10.340" level="INFO">Typing text 'Test@101' into text field 'id=password'.</msg>
<status status="PASS" starttime="20230328 20:11:10.340" endtime="20230328 20:11:10.401"/>
</kw>
<status status="PASS" starttime="20230328 20:11:10.339" endtime="20230328 20:11:10.401"/>
</kw>
<kw name="Wait Until Keyword Succeeds" library="BuiltIn">
<arg>3x</arg>
<arg>2s</arg>
<arg>Select From List By Value</arg>
<arg>${SEC/S360_ROLE_LIST}</arg>
<arg>${RoleValue}</arg>
<doc>Runs the specified keyword and retries if it fails.</doc>
<kw name="Select From List By Value" library="SeleniumLibrary">
<arg>${SEC/S360_ROLE_LIST}</arg>
<arg>${RoleValue}</arg>
<doc>Selects options from selection list ``locator`` by ``values``.</doc>
<msg timestamp="20230328 20:11:10.401" level="INFO">Selecting options from selection list 'id=roleList' by value Operator.</msg>
<status status="PASS" starttime="20230328 20:11:10.401" endtime="20230328 20:11:10.442"/>
</kw>
<status status="PASS" starttime="20230328 20:11:10.401" endtime="20230328 20:11:10.442"/>
</kw>
<kw name="Click Element" library="SeleniumLibrary">
<arg>${SEC/S360_LOGIN_BTN}</arg>
<doc>Click the element identified by ``locator``.</doc>
<msg timestamp="20230328 20:11:10.442" level="INFO">Clicking element 'id=loginBtn'.</msg>
<status status="PASS" starttime="20230328 20:11:10.442" endtime="20230328 20:11:10.477"/>
</kw>
<kw name="Run Keyword And Ignore Error" library="BuiltIn">
<arg>wait until element is not visible</arg>
<arg>${SEC/S360_LOGIN_BTN}</arg>
<arg>10s</arg>
<doc>Runs the given keyword with the given arguments and ignores possible error.</doc>
<kw name="Wait Until Element Is Not Visible" library="SeleniumLibrary">
<arg>${SEC/S360_LOGIN_BTN}</arg>
<arg>10s</arg>
<doc>Waits until the element ``locator`` is not visible.</doc>
<status status="PASS" starttime="20230328 20:11:10.478" endtime="20230328 20:11:17.381"/>
</kw>
<status status="PASS" starttime="20230328 20:11:10.478" endtime="20230328 20:11:17.381"/>
</kw>
<kw name="SEC/S360_Accept End User License Agreement" library="Generic_Keywords">
<doc>Accept end user license aggrement</doc>
<kw name="Run Keyword And Return Status" library="BuiltIn">
<var>${Status}</var>
<arg>element should be visible</arg>
<arg>${SEC/S360_ACCEPT_BTN}</arg>
<doc>Runs the given keyword with given arguments and returns the status as a Boolean value.</doc>
<kw name="Element Should Be Visible" library="SeleniumLibrary">
<arg>${SEC/S360_ACCEPT_BTN}</arg>
<doc>Verifies that the element identified by ``locator`` is visible.</doc>
<msg timestamp="20230328 20:11:17.849" level="INFO" html="true">&lt;/td&gt;&lt;/tr&gt;&lt;tr&gt;&lt;td colspan="3"&gt;&lt;a href="selenium-screenshot-31.png"&gt;&lt;img src="selenium-screenshot-31.png" width="800px"&gt;&lt;/a&gt;</msg>
<msg timestamp="20230328 20:11:17.850" level="FAIL">Element with locator 'id=eusa-accept' not found.</msg>
<status status="FAIL" starttime="20230328 20:11:17.382" endtime="20230328 20:11:17.850"/>
</kw>
<msg timestamp="20230328 20:11:17.850" level="INFO">${Status} = False</msg>
<status status="PASS" starttime="20230328 20:11:17.382" endtime="20230328 20:11:17.850"/>
</kw>
<kw name="Run Keyword If" library="BuiltIn">
<arg>'${Status}'=='${True}'</arg>
<arg>Run Keywords</arg>
<arg>Scroll Element Into View</arg>
<arg>${SEC/S360_ACCEPT_BTN}</arg>
<arg>AND</arg>
<arg>click Element</arg>
<arg>${SEC/S360_ACCEPT_BTN}</arg>
<arg>AND</arg>
<arg>wait until element is not visible</arg>
<arg>${SEC/S360_ACCEPT_BTN}</arg>
<arg>AND</arg>
<arg>SEC/S360_Scroll Page To Location</arg>
<arg>0</arg>
<arg>0</arg>
<doc>Runs the given keyword with the given arguments, if ``condition`` is true.</doc>
<status status="PASS" starttime="20230328 20:11:17.850" endtime="20230328 20:11:17.850"/>
</kw>
<status status="PASS" starttime="20230328 20:11:17.381" endtime="20230328 20:11:17.850"/>
</kw>
<status status="PASS" starttime="20230328 20:11:10.227" endtime="20230328 20:11:17.850"/>
</kw>
<kw name="Wait Until Element Is Visible" library="SeleniumLibrary">
<arg>${SEC/S360_OPER_VAULT_CARD_zh}</arg>
<doc>Waits until the element ``locator`` is visible.</doc>
<status status="PASS" starttime="20230328 20:11:17.850" endtime="20230328 20:11:17.862"/>
</kw>
<kw name="SEC/S360 Navigate to Card" library="Generic_Keywords">
<arg>${SEC/S360_OPER_VAULT_CARD_zh}</arg>
<arg>${S360_AUDIT_FILTER_ICON}</arg>
<doc>Navigate to respective card</doc>
<kw name="Element Should Be Visible" library="SeleniumLibrary">
<var>${Status}</var>
<arg>${CardLocator}</arg>
<doc>Verifies that the element identified by ``locator`` is visible.</doc>
<msg timestamp="20230328 20:11:17.871" level="INFO">Element '//h4[contains(@id, 'preferenceCardName_') and text()='保管库']' is displayed.</msg>
<msg timestamp="20230328 20:11:17.871" level="INFO">${Status} = None</msg>
<status status="PASS" starttime="20230328 20:11:17.863" endtime="20230328 20:11:17.871"/>
</kw>
<kw name="Run Keyword If" library="BuiltIn">
<arg>${Status}=='False'</arg>
<arg>SEC/S360 Navigate To Landing Page</arg>
<doc>Runs the given keyword with the given arguments, if ``condition`` is true.</doc>
<status status="PASS" starttime="20230328 20:11:17.872" endtime="20230328 20:11:17.872"/>
</kw>
<kw name="Wait Until Element Is Visible" library="SeleniumLibrary">
<arg>${CardLocator}</arg>
<doc>Waits until the element ``locator`` is visible.</doc>
<status status="PASS" starttime="20230328 20:11:17.872" endtime="20230328 20:11:17.880"/>
</kw>
<kw name="Wait Until Keyword Succeeds" library="BuiltIn">
<arg>3x</arg>
<arg>2s</arg>
<arg>Click Element</arg>
<arg>${CardLocator}</arg>
<doc>Runs the specified keyword and retries if it fails.</doc>
<kw name="Click Element" library="SeleniumLibrary">
<arg>${CardLocator}</arg>
<doc>Click the element identified by ``locator``.</doc>
<msg timestamp="20230328 20:11:17.881" level="INFO">Clicking element '//h4[contains(@id, 'preferenceCardName_') and text()='保管库']'.</msg>
<status status="PASS" starttime="20230328 20:11:17.880" endtime="20230328 20:11:17.919"/>
</kw>
<status status="PASS" starttime="20230328 20:11:17.880" endtime="20230328 20:11:17.919"/>
</kw>
<kw name="Sleep" library="BuiltIn">
<arg>2s</arg>
<doc>Pauses the test executed for the given time.</doc>
<msg timestamp="20230328 20:11:19.921" level="INFO">Slept 2 seconds</msg>
<status status="PASS" starttime="20230328 20:11:17.919" endtime="20230328 20:11:19.922"/>
</kw>
<kw name="Wait Until Element Is Visible" library="SeleniumLibrary">
<arg>${ValidationLocator}</arg>
<doc>Waits until the element ``locator`` is visible.</doc>
<status status="PASS" starttime="20230328 20:11:19.923" endtime="20230328 20:11:23.585"/>
</kw>
<status status="PASS" starttime="20230328 20:11:17.862" endtime="20230328 20:11:23.585"/>
</kw>
<kw name="Wait Until Element Is Visible" library="SeleniumLibrary">
<arg>${S360_AUDIT_FILTER_ICON}</arg>
<doc>Waits until the element ``locator`` is visible.</doc>
<status status="PASS" starttime="20230328 20:11:23.585" endtime="20230328 20:11:23.594"/>
</kw>
<kw name="Capture Page Screenshot" library="SeleniumLibrary">
<arg>Operator/Vault/FullPage.png</arg>
<doc>Takes a screenshot of the current page and embeds it into a log file.</doc>
<msg timestamp="20230328 20:11:24.041" level="INFO" html="true">&lt;/td&gt;&lt;/tr&gt;&lt;tr&gt;&lt;td colspan="3"&gt;&lt;a href="Operator/Vault/FullPage.png"&gt;&lt;img src="Operator/Vault/FullPage.png" width="800px"&gt;&lt;/a&gt;</msg>
<status status="PASS" starttime="20230328 20:11:23.594" endtime="20230328 20:11:24.041"/>
</kw>
<kw name="Click Element" library="SeleniumLibrary">
<arg>${S360_AUDIT_FILTER_ICON}</arg>
<doc>Click the element identified by ``locator``.</doc>
<msg timestamp="20230328 20:11:24.041" level="INFO">Clicking element '//i[@id='lblAddFilter']'.</msg>
<status status="PASS" starttime="20230328 20:11:24.041" endtime="20230328 20:11:26.225"/>
</kw>
<kw name="Capture Page Screenshot" library="SeleniumLibrary">
<arg>Operator/Vault/AddFiltertophalf.png</arg>
<doc>Takes a screenshot of the current page and embeds it into a log file.</doc>
<msg timestamp="20230328 20:11:26.723" level="INFO" html="true">&lt;/td&gt;&lt;/tr&gt;&lt;tr&gt;&lt;td colspan="3"&gt;&lt;a href="Operator/Vault/AddFiltertophalf.png"&gt;&lt;img src="Operator/Vault/AddFiltertophalf.png" width="800px"&gt;&lt;/a&gt;</msg>
<status status="PASS" starttime="20230328 20:11:26.226" endtime="20230328 20:11:26.724"/>
</kw>
<kw name="SEC/S360_Scroll Page To Location" library="Generic_Keywords">
<arg>0</arg>
<arg>600</arg>
<doc>Scrolls to the location mentioned</doc>
<kw name="Execute Javascript" library="SeleniumLibrary">
<arg>window.scrollTo(${x_location},${y_location})</arg>
<doc>Executes the given JavaScript code with possible arguments.</doc>
<msg timestamp="20230328 20:11:26.724" level="INFO">Executing JavaScript:
window.scrollTo(0,600)
Without any arguments.</msg>
<status status="PASS" starttime="20230328 20:11:26.724" endtime="20230328 20:11:26.727"/>
</kw>
<status status="PASS" starttime="20230328 20:11:26.724" endtime="20230328 20:11:26.727"/>
</kw>
<kw name="Capture Page Screenshot" library="SeleniumLibrary">
<arg>Operator/Vault/AddFilterbottomhalf.png</arg>
<doc>Takes a screenshot of the current page and embeds it into a log file.</doc>
<msg timestamp="20230328 20:11:26.899" level="INFO" html="true">&lt;/td&gt;&lt;/tr&gt;&lt;tr&gt;&lt;td colspan="3"&gt;&lt;a href="Operator/Vault/AddFilterbottomhalf.png"&gt;&lt;img src="Operator/Vault/AddFilterbottomhalf.png" width="800px"&gt;&lt;/a&gt;</msg>
<status status="PASS" starttime="20230328 20:11:26.727" endtime="20230328 20:11:26.899"/>
</kw>
<kw name="SEC/S360_Common Logout" library="Generic_Keywords">
<doc>Logs out of the current application</doc>
<kw name="SEC/S360_Scroll Page To Location" library="Generic_Keywords">
<arg>0</arg>
<arg>0</arg>
<doc>Scrolls to the location mentioned</doc>
<kw name="Execute Javascript" library="SeleniumLibrary">
<arg>window.scrollTo(${x_location},${y_location})</arg>
<doc>Executes the given JavaScript code with possible arguments.</doc>
<msg timestamp="20230328 20:11:26.900" level="INFO">Executing JavaScript:
window.scrollTo(0,0)
Without any arguments.</msg>
<status status="PASS" starttime="20230328 20:11:26.900" endtime="20230328 20:11:26.903"/>
</kw>
<status status="PASS" starttime="20230328 20:11:26.899" endtime="20230328 20:11:26.903"/>
</kw>
<kw name="Reload Page" library="SeleniumLibrary">
<doc>Simulates user reloading page.</doc>
<status status="PASS" starttime="20230328 20:11:26.903" endtime="20230328 20:11:52.487"/>
</kw>
<kw name="Wait Until Keyword Succeeds" library="BuiltIn">
<arg>5x</arg>
<arg>2s</arg>
<arg>Wait Until Element Is Visible</arg>
<arg>${SEC/S360_CHANGE_ROLE_DD}</arg>
<doc>Runs the specified keyword and retries if it fails.</doc>
<kw name="Wait Until Element Is Visible" library="SeleniumLibrary">
<arg>${SEC/S360_CHANGE_ROLE_DD}</arg>
<doc>Waits until the element ``locator`` is visible.</doc>
<status status="PASS" starttime="20230328 20:11:52.488" endtime="20230328 20:11:56.020"/>
</kw>
<status status="PASS" starttime="20230328 20:11:52.488" endtime="20230328 20:11:56.020"/>
</kw>
<kw name="Wait Until Keyword Succeeds" library="BuiltIn">
<arg>5x</arg>
<arg>2s</arg>
<arg>Click Element</arg>
<arg>${SEC/S360_CHANGE_ROLE_DD}</arg>
<doc>Runs the specified keyword and retries if it fails.</doc>
<kw name="Click Element" library="SeleniumLibrary">
<arg>${SEC/S360_CHANGE_ROLE_DD}</arg>
<doc>Click the element identified by ``locator``.</doc>
<msg timestamp="20230328 20:11:56.021" level="INFO">Clicking element '//*[@id="dropdownMenu1"]'.</msg>
<status status="PASS" starttime="20230328 20:11:56.021" endtime="20230328 20:11:56.057"/>
</kw>
<status status="PASS" starttime="20230328 20:11:56.020" endtime="20230328 20:11:56.057"/>
</kw>
<kw name="Wait Until Keyword Succeeds" library="BuiltIn">
<arg>5x</arg>
<arg>2s</arg>
<arg>Wait Until Element Is Visible</arg>
<arg>${SEC/S360_LOGOUT_LINK}</arg>
<doc>Runs the specified keyword and retries if it fails.</doc>
<kw name="Wait Until Element Is Visible" library="SeleniumLibrary">
<arg>${SEC/S360_LOGOUT_LINK}</arg>
<doc>Waits until the element ``locator`` is visible.</doc>
<status status="PASS" starttime="20230328 20:11:56.057" endtime="20230328 20:11:56.078"/>
</kw>
<status status="PASS" starttime="20230328 20:11:56.057" endtime="20230328 20:11:56.078"/>
</kw>
<kw name="Wait Until Keyword Succeeds" library="BuiltIn">
<arg>5x</arg>
<arg>2s</arg>
<arg>Click Element</arg>
<arg>${SEC/S360_LOGOUT_LINK}</arg>
<doc>Runs the specified keyword and retries if it fails.</doc>
<kw name="Click Element" library="SeleniumLibrary">
<arg>${SEC/S360_LOGOUT_LINK}</arg>
<doc>Click the element identified by ``locator``.</doc>
<msg timestamp="20230328 20:11:56.079" level="INFO">Clicking element '//*[@id="logOut"]'.</msg>
<status status="PASS" starttime="20230328 20:11:56.079" endtime="20230328 20:11:56.113"/>
</kw>
<status status="PASS" starttime="20230328 20:11:56.078" endtime="20230328 20:11:56.113"/>
</kw>
<kw name="Wait Until Element Is Visible" library="SeleniumLibrary">
<arg>${SEC/S360_USERNAME_TXT}</arg>
<doc>Waits until the element ``locator`` is visible.</doc>
<status status="PASS" starttime="20230328 20:11:56.113" endtime="20230328 20:11:57.714"/>
</kw>
<status status="PASS" starttime="20230328 20:11:26.899" endtime="20230328 20:11:57.714"/>
</kw>
<doc>Verifies translation of texts for the Manage Scenes page</doc>
<tag>TC26</tag>
<status status="PASS" starttime="20230328 20:10:27.379" endtime="20230328 20:11:57.714"/>
</test>
<kw name="Close Browser" library="SeleniumLibrary" type="TEARDOWN">
<doc>Closes the current browser.</doc>
<status status="PASS" starttime="20230328 20:11:57.716" endtime="20230328 20:11:58.026"/>
</kw>
<doc>Necessary Libraries and Resources file are mentioned below</doc>
<status status="FAIL" starttime="20230328 19:59:01.531" endtime="20230328 20:11:58.026"/>
</suite>
<statistics>
<total>
<stat pass="13" fail="13" skip="0">All Tests</stat>
</total>
<tag>
<stat pass="1" fail="0" skip="0">TC01</stat>
<stat pass="1" fail="0" skip="0">TC02</stat>
<stat pass="1" fail="0" skip="0">TC03</stat>
<stat pass="1" fail="0" skip="0">TC04</stat>
<stat pass="0" fail="1" skip="0">TC05</stat>
<stat pass="1" fail="0" skip="0">TC06</stat>
<stat pass="1" fail="0" skip="0">TC07</stat>
<stat pass="1" fail="0" skip="0">TC08</stat>
<stat pass="0" fail="1" skip="0">TC09</stat>
<stat pass="0" fail="1" skip="0">TC10</stat>
<stat pass="1" fail="0" skip="0">TC11</stat>
<stat pass="0" fail="1" skip="0">TC12</stat>
<stat pass="0" fail="1" skip="0">TC13</stat>
<stat pass="0" fail="1" skip="0">TC14</stat>
<stat pass="0" fail="1" skip="0">TC15</stat>
<stat pass="0" fail="1" skip="0">TC16</stat>
<stat pass="0" fail="1" skip="0">TC17</stat>
<stat pass="0" fail="1" skip="0">TC18</stat>
<stat pass="1" fail="0" skip="0">TC19</stat>
<stat pass="1" fail="0" skip="0">TC20</stat>
<stat pass="0" fail="1" skip="0">TC21</stat>
<stat pass="1" fail="0" skip="0">TC22</stat>
<stat pass="1" fail="0" skip="0">TC23</stat>
<stat pass="0" fail="1" skip="0">TC24</stat>
<stat pass="0" fail="1" skip="0">TC25</stat>
<stat pass="1" fail="0" skip="0">TC26</stat>
</tag>
<suite>
<stat pass="13" fail="13" skip="0" id="s1" name="Administrator">Administrator</stat>
</suite>
</statistics>
<errors>
</errors>
</robot>
