<?xml version="1.0" encoding="UTF-8"?>
<robot generator="Robot 6.0.2 (Python 3.11.3 on win32)" generated="20230428 20:38:22.273" rpa="false" schemaversion="3">
<suite id="s1" name="Enterprise Notification Filters" source="D:\DOVER\Systech360_Automation_Akash\RF_Systech360_Automation\Tests\Enterprise_Notification_Filters.robot">
<kw name="Run Keywords" library="BuiltIn" type="SETUP">
<arg>SEC/S360_Open Browser And Enter URL</arg>
<arg>${URL}</arg>
<arg>AND</arg>
<arg>GoTo</arg>
<arg>${URL}</arg>
<arg>AND</arg>
<arg>SEC/S360_Enter Credentials and Login To Solution</arg>
<arg>${OperatorUser}</arg>
<arg>${Test_Password}</arg>
<arg>${OperatorRole}</arg>
<arg>AND</arg>
<arg>Wait Until Element Is Visible</arg>
<arg>${SEC/S360_WELCOME_LINK}</arg>
<arg>timeout=10</arg>
<doc>Executes all the given keywords in a sequence.</doc>
<kw name="SEC/S360_Open Browser And Enter URL" library="Generic_Keywords">
<arg>${URL}</arg>
<doc>Launched browser, Navigates to specified URL</doc>
<kw name="Wait Until Keyword Succeeds" library="BuiltIn">
<arg>10x</arg>
<arg>2s</arg>
<arg>Open Browser</arg>
<arg>${Var_URL}</arg>
<arg>${Browser_type}</arg>
<doc>Runs the specified keyword and retries if it fails.</doc>
<kw name="Open Browser" library="SeleniumLibrary">
<arg>${Var_URL}</arg>
<arg>${Browser_type}</arg>
<doc>Opens a new browser instance to the optional ``url``.</doc>
<msg timestamp="20230428 20:38:23.487" level="INFO">Opening browser 'Chrome' to base url 'https://dd-systech-qa2.systechcloud.net/Systech360/#/'.</msg>
<status status="PASS" starttime="20230428 20:38:23.487" endtime="20230428 20:38:30.488"/>
</kw>
<status status="PASS" starttime="20230428 20:38:23.487" endtime="20230428 20:38:30.488"/>
</kw>
<kw name="Maximize Browser Window" library="SeleniumLibrary">
<doc>Maximizes current browser window.</doc>
<status status="PASS" starttime="20230428 20:38:30.488" endtime="20230428 20:38:30.604"/>
</kw>
<status status="PASS" starttime="20230428 20:38:23.487" endtime="20230428 20:38:30.604"/>
</kw>
<kw name="Go To" library="SeleniumLibrary">
<arg>${URL}</arg>
<doc>Navigates the current browser window to the provided ``url``.</doc>
<msg timestamp="20230428 20:38:30.604" level="INFO">Opening url 'https://dd-systech-qa2.systechcloud.net/Systech360/#/'</msg>
<status status="PASS" starttime="20230428 20:38:30.604" endtime="20230428 20:38:40.168"/>
</kw>
<kw name="SEC/S360_Enter Credentials and Login To Solution" library="Generic_Keywords">
<arg>${OperatorUser}</arg>
<arg>${Test_Password}</arg>
<arg>${OperatorRole}</arg>
<doc>Enters the credentials and logs into the solution
Where ${Var_Username} is Username to be entered
${Var_Password} is password to be entered
and ${RoleValue} is the index number of role (0-Admin, 1-Operator, 2-Designer)gi</doc>
<kw name="Run Keyword And Return Status" library="BuiltIn">
<var>${is_your_connection_not_private}</var>
<arg>element should not be visible</arg>
<arg>${ADVANCED_BTN}</arg>
<doc>Runs the given keyword with given arguments and returns the status as a Boolean value.</doc>
<kw name="Element Should Not Be Visible" library="SeleniumLibrary">
<arg>${ADVANCED_BTN}</arg>
<doc>Verifies that the element identified by ``locator`` is NOT visible.</doc>
<msg timestamp="20230428 20:38:40.250" level="INFO">Element 'id=details-button' did not exist.</msg>
<status status="PASS" starttime="20230428 20:38:40.229" endtime="20230428 20:38:40.250"/>
</kw>
<msg timestamp="20230428 20:38:40.250" level="INFO">${is_your_connection_not_private} = True</msg>
<status status="PASS" starttime="20230428 20:38:40.229" endtime="20230428 20:38:40.250"/>
</kw>
<kw name="Run Keyword If" library="BuiltIn">
<arg>'${is_your_connection_not_private}'=='False'</arg>
<arg>run keywords</arg>
<arg>click element</arg>
<arg>${ADVANCED_BTN}</arg>
<doc>Runs the given keyword with the given arguments, if ``condition`` is true.</doc>
<status status="PASS" starttime="20230428 20:38:40.250" endtime="20230428 20:38:40.251"/>
</kw>
<kw name="Wait Until Element Is Visible" library="SeleniumLibrary">
<arg>${SEC/S360_USERNAME_TXT}</arg>
<doc>Waits until the element ``locator`` is visible.</doc>
<status status="PASS" starttime="20230428 20:38:40.251" endtime="20230428 20:38:40.547"/>
</kw>
<kw name="Run Keyword And Return Status" library="BuiltIn">
<var>${is_account_field_present}</var>
<arg>element should not be visible</arg>
<arg>${SEC/S360_ACC_ID}</arg>
<doc>Runs the given keyword with given arguments and returns the status as a Boolean value.</doc>
<kw name="Element Should Not Be Visible" library="SeleniumLibrary">
<arg>${SEC/S360_ACC_ID}</arg>
<doc>Verifies that the element identified by ``locator`` is NOT visible.</doc>
<msg timestamp="20230428 20:38:40.560" level="INFO">Element 'id=accountId' did not exist.</msg>
<status status="PASS" starttime="20230428 20:38:40.548" endtime="20230428 20:38:40.560"/>
</kw>
<msg timestamp="20230428 20:38:40.560" level="INFO">${is_account_field_present} = True</msg>
<status status="PASS" starttime="20230428 20:38:40.548" endtime="20230428 20:38:40.560"/>
</kw>
<kw name="Run Keyword If" library="BuiltIn">
<arg>'${is_account_field_present}'=='False'</arg>
<arg>Input Text</arg>
<arg>${SEC/S360_ACC_ID}</arg>
<arg>eng_ga8100</arg>
<doc>Runs the given keyword with the given arguments, if ``condition`` is true.</doc>
<status status="PASS" starttime="20230428 20:38:40.560" endtime="20230428 20:38:40.560"/>
</kw>
<kw name="Wait Until Element Is Visible" library="SeleniumLibrary">
<arg>id=welcomeToTxt</arg>
<doc>Waits until the element ``locator`` is visible.</doc>
<status status="PASS" starttime="20230428 20:38:40.560" endtime="20230428 20:38:40.589"/>
</kw>
<kw name="Wait Until Keyword Succeeds" library="BuiltIn">
<arg>3x</arg>
<arg>1s</arg>
<arg>Input Text</arg>
<arg>${SEC/S360_USERNAME_TXT}</arg>
<arg>${Var_Username}</arg>
<doc>Runs the specified keyword and retries if it fails.</doc>
<kw name="Input Text" library="SeleniumLibrary">
<arg>${SEC/S360_USERNAME_TXT}</arg>
<arg>${Var_Username}</arg>
<doc>Types the given ``text`` into the text field identified by ``locator``.</doc>
<msg timestamp="20230428 20:38:40.590" level="INFO">Typing text 'ruleuser' into text field 'id=userName'.</msg>
<status status="PASS" starttime="20230428 20:38:40.590" endtime="20230428 20:38:40.735"/>
</kw>
<status status="PASS" starttime="20230428 20:38:40.589" endtime="20230428 20:38:40.735"/>
</kw>
<kw name="Wait Until Keyword Succeeds" library="BuiltIn">
<arg>3x</arg>
<arg>1s</arg>
<arg>Input Text</arg>
<arg>${SEC/S360_PASSWORD_TXT}</arg>
<arg>${Var_Password}</arg>
<doc>Runs the specified keyword and retries if it fails.</doc>
<kw name="Input Text" library="SeleniumLibrary">
<arg>${SEC/S360_PASSWORD_TXT}</arg>
<arg>${Var_Password}</arg>
<doc>Types the given ``text`` into the text field identified by ``locator``.</doc>
<msg timestamp="20230428 20:38:40.737" level="INFO">Typing text 'Test@101' into text field 'id=password'.</msg>
<status status="PASS" starttime="20230428 20:38:40.736" endtime="20230428 20:38:40.920"/>
</kw>
<status status="PASS" starttime="20230428 20:38:40.735" endtime="20230428 20:38:40.920"/>
</kw>
<kw name="Wait Until Keyword Succeeds" library="BuiltIn">
<arg>3x</arg>
<arg>2s</arg>
<arg>Select From List By Value</arg>
<arg>${SEC/S360_ROLE_LIST}</arg>
<arg>${RoleValue}</arg>
<doc>Runs the specified keyword and retries if it fails.</doc>
<kw name="Select From List By Value" library="SeleniumLibrary">
<arg>${SEC/S360_ROLE_LIST}</arg>
<arg>${RoleValue}</arg>
<doc>Selects options from selection list ``locator`` by ``values``.</doc>
<msg timestamp="20230428 20:38:40.922" level="INFO">Selecting options from selection list 'id=roleList' by value Operator.</msg>
<status status="PASS" starttime="20230428 20:38:40.921" endtime="20230428 20:38:41.028"/>
</kw>
<status status="PASS" starttime="20230428 20:38:40.920" endtime="20230428 20:38:41.028"/>
</kw>
<kw name="Click Element" library="SeleniumLibrary">
<arg>${SEC/S360_LOGIN_BTN}</arg>
<doc>Click the element identified by ``locator``.</doc>
<msg timestamp="20230428 20:38:41.029" level="INFO">Clicking element 'id=loginBtn'.</msg>
<status status="PASS" starttime="20230428 20:38:41.028" endtime="20230428 20:38:41.104"/>
</kw>
<kw name="Run Keyword And Ignore Error" library="BuiltIn">
<arg>wait until element is not visible</arg>
<arg>${SEC/S360_LOGIN_BTN}</arg>
<arg>10s</arg>
<doc>Runs the given keyword with the given arguments and ignores possible error.</doc>
<kw name="Wait Until Element Is Not Visible" library="SeleniumLibrary">
<arg>${SEC/S360_LOGIN_BTN}</arg>
<arg>10s</arg>
<doc>Waits until the element ``locator`` is not visible.</doc>
<status status="PASS" starttime="20230428 20:38:41.104" endtime="20230428 20:38:42.886"/>
</kw>
<status status="PASS" starttime="20230428 20:38:41.104" endtime="20230428 20:38:42.886"/>
</kw>
<kw name="SEC/S360_Accept End User License Agreement" library="Generic_Keywords">
<doc>Accept end user license aggrement</doc>
<kw name="Run Keyword And Return Status" library="BuiltIn">
<var>${Status}</var>
<arg>element should be visible</arg>
<arg>${SEC/S360_ACCEPT_BTN}</arg>
<doc>Runs the given keyword with given arguments and returns the status as a Boolean value.</doc>
<kw name="Element Should Be Visible" library="SeleniumLibrary">
<arg>${SEC/S360_ACCEPT_BTN}</arg>
<doc>Verifies that the element identified by ``locator`` is visible.</doc>
<msg timestamp="20230428 20:38:43.320" level="INFO" html="true">&lt;/td&gt;&lt;/tr&gt;&lt;tr&gt;&lt;td colspan="3"&gt;&lt;a href="selenium-screenshot-167.png"&gt;&lt;img src="selenium-screenshot-167.png" width="800px"&gt;&lt;/a&gt;</msg>
<msg timestamp="20230428 20:38:43.320" level="FAIL">Element with locator 'id=eusa-accept' not found.</msg>
<status status="FAIL" starttime="20230428 20:38:42.886" endtime="20230428 20:38:43.324"/>
</kw>
<msg timestamp="20230428 20:38:43.324" level="INFO">${Status} = False</msg>
<status status="PASS" starttime="20230428 20:38:42.886" endtime="20230428 20:38:43.324"/>
</kw>
<kw name="Run Keyword If" library="BuiltIn">
<arg>'${Status}'=='${True}'</arg>
<arg>Run Keywords</arg>
<arg>Scroll Element Into View</arg>
<arg>${SEC/S360_ACCEPT_BTN}</arg>
<arg>AND</arg>
<arg>click Element</arg>
<arg>${SEC/S360_ACCEPT_BTN}</arg>
<arg>AND</arg>
<arg>wait until element is not visible</arg>
<arg>${SEC/S360_ACCEPT_BTN}</arg>
<arg>AND</arg>
<arg>SEC/S360_Scroll Page To Location</arg>
<arg>0</arg>
<arg>0</arg>
<doc>Runs the given keyword with the given arguments, if ``condition`` is true.</doc>
<status status="PASS" starttime="20230428 20:38:43.324" endtime="20230428 20:38:43.325"/>
</kw>
<status status="PASS" starttime="20230428 20:38:42.886" endtime="20230428 20:38:43.325"/>
</kw>
<status status="PASS" starttime="20230428 20:38:40.229" endtime="20230428 20:38:43.325"/>
</kw>
<kw name="Wait Until Element Is Visible" library="SeleniumLibrary">
<arg>${SEC/S360_WELCOME_LINK}</arg>
<arg>timeout=10</arg>
<doc>Waits until the element ``locator`` is visible.</doc>
<status status="PASS" starttime="20230428 20:38:43.326" endtime="20230428 20:38:43.354"/>
</kw>
<status status="PASS" starttime="20230428 20:38:23.487" endtime="20230428 20:38:43.354"/>
</kw>
<test id="s1-t1" name="TC_01 Create a Notification Rule Filter" line="79">
<kw name="Set Variable If" library="BuiltIn">
<var>${Card_ID}</var>
<arg>'${Card_Name}'=='Rule'</arg>
<arg>${S360_EN_NOTI_RULES_CARD}</arg>
<arg>${S360_EN_ENT_SUMM_CARD}</arg>
<doc>Sets variable based on the given condition.</doc>
<msg timestamp="20230428 20:38:43.354" level="INFO">${Card_ID} = id=preferenceCardName_0</msg>
<status status="PASS" starttime="20230428 20:38:43.354" endtime="20230428 20:38:43.354"/>
</kw>
<kw name="Set Global Variable" library="BuiltIn">
<arg>${Card_ID}</arg>
<doc>Makes a variable available globally in all tests and suites.</doc>
<msg timestamp="20230428 20:38:43.354" level="INFO">${Card_ID} = id=preferenceCardName_0</msg>
<status status="PASS" starttime="20230428 20:38:43.354" endtime="20230428 20:38:43.354"/>
</kw>
<kw name="Create List" library="BuiltIn">
<var>@{StatesList}</var>
<arg>${S360_EN_STATE_SELECT_ALL_CHCKBOX}</arg>
<doc>Returns a list containing given items.</doc>
<msg timestamp="20230428 20:38:43.354" level="INFO">@{StatesList} = [ xpath=(//*[contains(@class,'ui-chkbox-box')])[1] ]</msg>
<status status="PASS" starttime="20230428 20:38:43.354" endtime="20230428 20:38:43.354"/>
</kw>
<kw name="S360_EN_Navigate to Cards In Operator" library="Enterprise_Notification_Keywords">
<arg>${Card_ID}</arg>
<doc>Navigate to Cards present in Operator welcome page</doc>
<kw name="SEC/S360_Scroll Page To Location" library="Generic_Keywords">
<arg>0</arg>
<arg>0</arg>
<doc>Scrolls to the location mentioned</doc>
<kw name="Execute Javascript" library="SeleniumLibrary">
<arg>window.scrollTo(${x_location},${y_location})</arg>
<doc>Executes the given JavaScript code with possible arguments.</doc>
<msg timestamp="20230428 20:38:43.354" level="INFO">Executing JavaScript:
window.scrollTo(0,0)
Without any arguments.</msg>
<status status="PASS" starttime="20230428 20:38:43.354" endtime="20230428 20:38:43.354"/>
</kw>
<status status="PASS" starttime="20230428 20:38:43.354" endtime="20230428 20:38:43.354"/>
</kw>
<kw name="Wait Until Keyword Succeeds" library="BuiltIn">
<arg>5x</arg>
<arg>2s</arg>
<arg>Click Element</arg>
<arg>${SEC/S360_WELCOME_LINK}</arg>
<doc>Runs the specified keyword and retries if it fails.</doc>
<kw name="Click Element" library="SeleniumLibrary">
<arg>${SEC/S360_WELCOME_LINK}</arg>
<doc>Click the element identified by ``locator``.</doc>
<msg timestamp="20230428 20:38:43.354" level="INFO">Clicking element 'id=navBtn_welcome'.</msg>
<status status="PASS" starttime="20230428 20:38:43.354" endtime="20230428 20:38:43.459"/>
</kw>
<status status="PASS" starttime="20230428 20:38:43.354" endtime="20230428 20:38:43.459"/>
</kw>
<kw name="Wait Until Element Is Visible" library="SeleniumLibrary">
<arg>${Card_ID}</arg>
<doc>Waits until the element ``locator`` is visible.</doc>
<status status="PASS" starttime="20230428 20:38:43.460" endtime="20230428 20:38:43.489"/>
</kw>
<kw name="Wait Until Keyword Succeeds" library="BuiltIn">
<arg>5x</arg>
<arg>2s</arg>
<arg>Click Element</arg>
<arg>${Card_ID}</arg>
<doc>Runs the specified keyword and retries if it fails.</doc>
<kw name="Click Element" library="SeleniumLibrary">
<arg>${Card_ID}</arg>
<doc>Click the element identified by ``locator``.</doc>
<msg timestamp="20230428 20:38:43.490" level="INFO">Clicking element 'id=preferenceCardName_0'.</msg>
<status status="PASS" starttime="20230428 20:38:43.490" endtime="20230428 20:38:43.547"/>
</kw>
<status status="PASS" starttime="20230428 20:38:43.489" endtime="20230428 20:38:43.547"/>
</kw>
<kw name="Wait Until Element Is Not Visible" library="SeleniumLibrary">
<arg>${S360_EN_LOADING_IMAGE} [1]</arg>
<arg>timeout=20</arg>
<doc>Waits until the element ``locator`` is not visible.</doc>
<status status="PASS" starttime="20230428 20:38:43.548" endtime="20230428 20:38:43.563"/>
</kw>
<kw name="Run Keyword And Ignore Error" library="BuiltIn">
<arg>Wait Until Element Is Visible</arg>
<arg>${S360_EN_FILTERS_XPATH} [1]</arg>
<arg>timeout=20</arg>
<doc>Runs the given keyword with the given arguments and ignores possible error.</doc>
<kw name="Wait Until Element Is Visible" library="SeleniumLibrary">
<arg>${S360_EN_FILTERS_XPATH} [1]</arg>
<arg>timeout=20</arg>
<doc>Waits until the element ``locator`` is visible.</doc>
<msg timestamp="20230428 20:39:04.023" level="INFO" html="true">&lt;/td&gt;&lt;/tr&gt;&lt;tr&gt;&lt;td colspan="3"&gt;&lt;a href="selenium-screenshot-168.png"&gt;&lt;img src="selenium-screenshot-168.png" width="800px"&gt;&lt;/a&gt;</msg>
<msg timestamp="20230428 20:39:04.023" level="FAIL">Element '(//*[contains(@id,'filter_')]) [1]' not visible after 20 seconds.</msg>
<status status="FAIL" starttime="20230428 20:38:43.563" endtime="20230428 20:39:04.023"/>
</kw>
<status status="PASS" starttime="20230428 20:38:43.563" endtime="20230428 20:39:04.023"/>
</kw>
<status status="PASS" starttime="20230428 20:38:43.354" endtime="20230428 20:39:04.023"/>
</kw>
<kw name="S360_EN_Create Filter" library="Enterprise_Notification_Keywords">
<var>${Status}</var>
<arg>${EN_Rules_Filter_Details}</arg>
<arg>${StatesList}</arg>
<doc>Creates the new filter</doc>
<kw name="SEC/S360_Scroll Page To Location" library="Generic_Keywords">
<arg>0</arg>
<arg>0</arg>
<doc>Scrolls to the location mentioned</doc>
<kw name="Execute Javascript" library="SeleniumLibrary">
<arg>window.scrollTo(${x_location},${y_location})</arg>
<doc>Executes the given JavaScript code with possible arguments.</doc>
<msg timestamp="20230428 20:39:04.039" level="INFO">Executing JavaScript:
window.scrollTo(0,0)
Without any arguments.</msg>
<status status="PASS" starttime="20230428 20:39:04.039" endtime="20230428 20:39:04.039"/>
</kw>
<status status="PASS" starttime="20230428 20:39:04.039" endtime="20230428 20:39:04.039"/>
</kw>
<kw name="Wait Until Element Is Visible" library="SeleniumLibrary">
<arg>${S360_EN_ADD_FILTER_BTN}</arg>
<doc>Waits until the element ``locator`` is visible.</doc>
<msg timestamp="20230428 20:39:24.217" level="INFO" html="true">&lt;/td&gt;&lt;/tr&gt;&lt;tr&gt;&lt;td colspan="3"&gt;&lt;a href="selenium-screenshot-169.png"&gt;&lt;img src="selenium-screenshot-169.png" width="800px"&gt;&lt;/a&gt;</msg>
<msg timestamp="20230428 20:39:24.217" level="FAIL">Element 'id=newFilter' not visible after 20 seconds.</msg>
<status status="FAIL" starttime="20230428 20:39:04.039" endtime="20230428 20:39:24.217"/>
</kw>
<kw name="Run Keyword And Ignore Error" library="BuiltIn">
<arg>Wait Until Page Does not Contain</arg>
<arg>Loading...</arg>
<arg>timeout=10</arg>
<doc>Runs the given keyword with the given arguments and ignores possible error.</doc>
<status status="NOT RUN" starttime="20230428 20:39:24.217" endtime="20230428 20:39:24.217"/>
</kw>
<kw name="Wait Until Element Is Visible" library="SeleniumLibrary">
<arg>${S360_EN_ADD_FILTER_BTN}</arg>
<doc>Waits until the element ``locator`` is visible.</doc>
<status status="NOT RUN" starttime="20230428 20:39:24.217" endtime="20230428 20:39:24.217"/>
</kw>
<kw name="Click Element" library="SeleniumLibrary">
<arg>${S360_EN_ADD_FILTER_BTN}</arg>
<doc>Click the element identified by ``locator``.</doc>
<status status="NOT RUN" starttime="20230428 20:39:24.217" endtime="20230428 20:39:24.217"/>
</kw>
<kw name="Split String" library="String">
<var>@{FilterDetails}</var>
<arg>${FilterDetails}</arg>
<arg>,</arg>
<doc>Splits the ``string`` using ``separator`` as a delimiter string.</doc>
<status status="NOT RUN" starttime="20230428 20:39:24.217" endtime="20230428 20:39:24.217"/>
</kw>
<kw name="Wait Until Element Is Visible" library="SeleniumLibrary">
<arg>${S360_EN_FILTER_NAME_TXTBOX}</arg>
<doc>Waits until the element ``locator`` is visible.</doc>
<status status="NOT RUN" starttime="20230428 20:39:24.217" endtime="20230428 20:39:24.217"/>
</kw>
<kw name="Wait Until Keyword Succeeds" library="BuiltIn">
<arg>5x</arg>
<arg>2s</arg>
<arg>Click Element</arg>
<arg>${S360_EN_FILTER_NAME_TXTBOX}</arg>
<doc>Runs the specified keyword and retries if it fails.</doc>
<status status="NOT RUN" starttime="20230428 20:39:24.217" endtime="20230428 20:39:24.217"/>
</kw>
<kw name="Wait Until Keyword Succeeds" library="BuiltIn">
<arg>5x</arg>
<arg>2s</arg>
<arg>Input Text</arg>
<arg>${S360_EN_FILTER_NAME_TXTBOX}</arg>
<arg>${FilterDetails}[0]</arg>
<doc>Runs the specified keyword and retries if it fails.</doc>
<status status="NOT RUN" starttime="20230428 20:39:24.217" endtime="20230428 20:39:24.217"/>
</kw>
<kw name="Click Element" library="SeleniumLibrary">
<arg>${S360_EN_FIXED_FROM_RADIO_BUTTON}</arg>
<doc>Click the element identified by ``locator``.</doc>
<status status="NOT RUN" starttime="20230428 20:39:24.217" endtime="20230428 20:39:24.217"/>
</kw>
<kw name="SEC/S360_Clear Text Field" library="Generic_Keywords">
<arg>${S360_EN_FROM_DATE_TXTBOX}</arg>
<doc>Clears text present in text field</doc>
<status status="NOT RUN" starttime="20230428 20:39:24.217" endtime="20230428 20:39:24.217"/>
</kw>
<kw name="Input Text" library="SeleniumLibrary">
<arg>${S360_EN_FROM_DATE_TXTBOX}</arg>
<arg>${FilterDetails}[1]</arg>
<doc>Types the given ``text`` into the text field identified by ``locator``.</doc>
<status status="NOT RUN" starttime="20230428 20:39:24.217" endtime="20230428 20:39:24.217"/>
</kw>
<kw name="Click Element" library="SeleniumLibrary">
<arg>${S360_EN_FIXED_TO_RADIO_BUTTON}</arg>
<doc>Click the element identified by ``locator``.</doc>
<status status="NOT RUN" starttime="20230428 20:39:24.217" endtime="20230428 20:39:24.217"/>
</kw>
<kw name="SEC/S360_Clear Text Field" library="Generic_Keywords">
<arg>${S360_EN_TO_DATE_TXTBOX}</arg>
<doc>Clears text present in text field</doc>
<status status="NOT RUN" starttime="20230428 20:39:24.217" endtime="20230428 20:39:24.217"/>
</kw>
<kw name="Input Text" library="SeleniumLibrary">
<arg>${S360_EN_TO_DATE_TXTBOX}</arg>
<arg>${FilterDetails}[2]</arg>
<doc>Types the given ``text`` into the text field identified by ``locator``.</doc>
<status status="NOT RUN" starttime="20230428 20:39:24.217" endtime="20230428 20:39:24.217"/>
</kw>
<kw name="Click Element" library="SeleniumLibrary">
<arg>${S360_EN_FIXED_FROM_RADIO_BUTTON}</arg>
<doc>Click the element identified by ``locator``.</doc>
<status status="NOT RUN" starttime="20230428 20:39:24.217" endtime="20230428 20:39:24.217"/>
</kw>
<kw name="Sleep" library="BuiltIn">
<arg>1s</arg>
<doc>Pauses the test executed for the given time.</doc>
<status status="NOT RUN" starttime="20230428 20:39:24.217" endtime="20230428 20:39:24.217"/>
</kw>
<kw name="Log" library="BuiltIn">
<arg>${ProductsList}</arg>
<doc>Logs the given message with the given level.</doc>
<status status="NOT RUN" starttime="20230428 20:39:24.217" endtime="20230428 20:39:24.217"/>
</kw>
<kw name="Log" library="BuiltIn">
<arg>${StatesList}</arg>
<doc>Logs the given message with the given level.</doc>
<status status="NOT RUN" starttime="20230428 20:39:24.217" endtime="20230428 20:39:24.217"/>
</kw>
<kw name="Run Keyword And Return Status" library="BuiltIn">
<var>${StateStatus}</var>
<arg>Should Be Empty</arg>
<arg>${StatesList}</arg>
<doc>Runs the given keyword with given arguments and returns the status as a Boolean value.</doc>
<status status="NOT RUN" starttime="20230428 20:39:24.217" endtime="20230428 20:39:24.217"/>
</kw>
<kw name="Run Keyword And Return Status" library="BuiltIn">
<var>${NoStateStatus}</var>
<arg>Should Be Equal</arg>
<arg>${StatesList}</arg>
<arg>NO</arg>
<doc>Runs the given keyword with given arguments and returns the status as a Boolean value.</doc>
<status status="NOT RUN" starttime="20230428 20:39:24.217" endtime="20230428 20:39:24.217"/>
</kw>
<kw name="Run Keyword If" library="BuiltIn">
<arg>'${StateStatus}'=='${TRUE}'</arg>
<arg>Run Keywords</arg>
<arg>Click Element</arg>
<arg>${S360_EN_STATE_DD}</arg>
<arg>AND</arg>
<arg>Click Element</arg>
<arg>${S360_EN_STATE_SELECT_ALL_CHCKBOX}</arg>
<arg>ELSE IF</arg>
<arg>'${NoStateStatus}'=='${TRUE}'</arg>
<arg>Log</arg>
<arg>No States Selected</arg>
<arg>ELSE</arg>
<arg>S360_EN_Select States For Filter</arg>
<arg>${StatesList}</arg>
<doc>Runs the given keyword with the given arguments, if ``condition`` is true.</doc>
<status status="NOT RUN" starttime="20230428 20:39:24.217" endtime="20230428 20:39:24.217"/>
</kw>
<kw name="SEC/S360_Scroll Page To Location" library="Generic_Keywords">
<arg>0</arg>
<arg>500</arg>
<doc>Scrolls to the location mentioned</doc>
<status status="NOT RUN" starttime="20230428 20:39:24.217" endtime="20230428 20:39:24.217"/>
</kw>
<kw name="Run Keyword And Return Status" library="BuiltIn">
<var>${SiteStatus}</var>
<arg>Should Be Empty</arg>
<arg>${SitesList}</arg>
<doc>Runs the given keyword with given arguments and returns the status as a Boolean value.</doc>
<status status="NOT RUN" starttime="20230428 20:39:24.217" endtime="20230428 20:39:24.217"/>
</kw>
<kw name="Run Keyword And Return Status" library="BuiltIn">
<var>${NoSiteStatus}</var>
<arg>Should Be Equal</arg>
<arg>${SitesList}</arg>
<arg>NO</arg>
<doc>Runs the given keyword with given arguments and returns the status as a Boolean value.</doc>
<status status="NOT RUN" starttime="20230428 20:39:24.217" endtime="20230428 20:39:24.217"/>
</kw>
<kw name="Run Keyword If" library="BuiltIn">
<arg>'${SiteStatus}'=='${TRUE}'</arg>
<arg>Click Element</arg>
<arg>${S360_EN_SELECT_ALL_SITE_BTN}</arg>
<arg>ELSE IF</arg>
<arg>'${NoSiteStatus}'=='${TRUE}'</arg>
<arg>Log</arg>
<arg>No Sites Selected</arg>
<arg>ELSE</arg>
<arg>S360_EN_Select Sites For Filter</arg>
<arg>${SitesList}</arg>
<doc>Runs the given keyword with the given arguments, if ``condition`` is true.</doc>
<status status="NOT RUN" starttime="20230428 20:39:24.217" endtime="20230428 20:39:24.217"/>
</kw>
<kw name="SEC/S360_Scroll Page To Location" library="Generic_Keywords">
<arg>0</arg>
<arg>1000</arg>
<doc>Scrolls to the location mentioned</doc>
<status status="NOT RUN" starttime="20230428 20:39:24.217" endtime="20230428 20:39:24.217"/>
</kw>
<kw name="Run Keyword And Return Status" library="BuiltIn">
<var>${ProductStatus}</var>
<arg>Should Be Empty</arg>
<arg>${ProductsList}</arg>
<doc>Runs the given keyword with given arguments and returns the status as a Boolean value.</doc>
<status status="NOT RUN" starttime="20230428 20:39:24.217" endtime="20230428 20:39:24.217"/>
</kw>
<kw name="Run Keyword And Return Status" library="BuiltIn">
<var>${NoProductStatus}</var>
<arg>Should Be Equal</arg>
<arg>${ProductsList}</arg>
<arg>NO</arg>
<doc>Runs the given keyword with given arguments and returns the status as a Boolean value.</doc>
<status status="NOT RUN" starttime="20230428 20:39:24.217" endtime="20230428 20:39:24.217"/>
</kw>
<kw name="Run Keyword If" library="BuiltIn">
<arg>'${ProductStatus}'=='${TRUE}'</arg>
<arg>Click Element</arg>
<arg>${S360_EN_SELECT_ALL_PROD_BTN}</arg>
<arg>ELSE IF</arg>
<arg>'${NoProductStatus}'=='${TRUE}'</arg>
<arg>Log</arg>
<arg>No Products Selected</arg>
<arg>ELSE</arg>
<arg>S360_EN_Select Products For Filter</arg>
<arg>${ProductsList}</arg>
<doc>Runs the given keyword with the given arguments, if ``condition`` is true.</doc>
<status status="NOT RUN" starttime="20230428 20:39:24.217" endtime="20230428 20:39:24.217"/>
</kw>
<kw name="S360_EN_Save/Apply Filter" library="Enterprise_Notification_Keywords">
<arg>${SEC/S360_FLOAT_SAVE_BTN}</arg>
<doc>Mouse hover on Options button and save changes</doc>
<status status="NOT RUN" starttime="20230428 20:39:24.217" endtime="20230428 20:39:24.217"/>
</kw>
<kw name="SEC/S360_Verify Success Message" library="Generic_Keywords">
<var>${Status}</var>
<arg>${Create_Filter_Msg}</arg>
<doc>Verifies the message prefix in the message center</doc>
<status status="NOT RUN" starttime="20230428 20:39:24.217" endtime="20230428 20:39:24.217"/>
</kw>
<status status="FAIL" starttime="20230428 20:39:04.023" endtime="20230428 20:39:24.217"/>
</kw>
<kw name="Run Keyword If" library="BuiltIn">
<arg>'${Status}'=='${FALSE}'</arg>
<arg>Fail</arg>
<doc>Runs the given keyword with the given arguments, if ``condition`` is true.</doc>
<status status="NOT RUN" starttime="20230428 20:39:24.217" endtime="20230428 20:39:24.217"/>
</kw>
<doc>Creates a filter in Notification Rule page</doc>
<tag>EnterpriseNotificationFilters</tag>
<tag>Operator</tag>
<tag>P1</tag>
<tag>Sanity</tag>
<tag>TC-417</tag>
<status status="FAIL" starttime="20230428 20:38:43.354" endtime="20230428 20:39:24.217">Element 'id=newFilter' not visible after 20 seconds.</status>
</test>
<test id="s1-t2" name="TC_02 Verify Bookmarking a Filter In Notification Rule" line="94">
<kw name="S360_EN_Bookmark a Filter" library="Enterprise_Notification_Keywords">
<arg>${EN_Filter_Name}</arg>
<doc>Bookmarks the filter</doc>
<kw name="SEC/S360_Scroll Page To Location" library="Generic_Keywords">
<arg>0</arg>
<arg>0</arg>
<doc>Scrolls to the location mentioned</doc>
<kw name="Execute Javascript" library="SeleniumLibrary">
<arg>window.scrollTo(${x_location},${y_location})</arg>
<doc>Executes the given JavaScript code with possible arguments.</doc>
<msg timestamp="20230428 20:39:24.233" level="INFO">Executing JavaScript:
window.scrollTo(0,0)
Without any arguments.</msg>
<status status="PASS" starttime="20230428 20:39:24.233" endtime="20230428 20:39:24.233"/>
</kw>
<status status="PASS" starttime="20230428 20:39:24.217" endtime="20230428 20:39:24.233"/>
</kw>
<kw name="S360_Search Filter" library="Enterprise_Notification_Keywords">
<arg>${FilterName}</arg>
<doc>Searches for the required filter and selects it</doc>
<kw name="Wait Until Element Is Visible" library="SeleniumLibrary">
<arg>${S360_EN_FILTER_SEARCH_BOX}</arg>
<doc>Waits until the element ``locator`` is visible.</doc>
<msg timestamp="20230428 20:39:44.478" level="INFO" html="true">&lt;/td&gt;&lt;/tr&gt;&lt;tr&gt;&lt;td colspan="3"&gt;&lt;a href="selenium-screenshot-170.png"&gt;&lt;img src="selenium-screenshot-170.png" width="800px"&gt;&lt;/a&gt;</msg>
<msg timestamp="20230428 20:39:44.478" level="FAIL">Element 'xpath=(//*[@id='searchInternal']//input)[1]' not visible after 20 seconds.</msg>
<status status="FAIL" starttime="20230428 20:39:24.233" endtime="20230428 20:39:44.478"/>
</kw>
<kw name="Input Text" library="SeleniumLibrary">
<arg>${S360_EN_FILTER_SEARCH_BOX}</arg>
<arg>${NameOfFilter}</arg>
<doc>Types the given ``text`` into the text field identified by ``locator``.</doc>
<status status="NOT RUN" starttime="20230428 20:39:44.478" endtime="20230428 20:39:44.478"/>
</kw>
<kw name="Capture Page Screenshot" library="SeleniumLibrary">
<doc>Takes a screenshot of the current page and embeds it into a log file.</doc>
<status status="NOT RUN" starttime="20230428 20:39:44.478" endtime="20230428 20:39:44.478"/>
</kw>
<kw name="Wait Until Element Is Visible" library="SeleniumLibrary">
<arg>${S360_EN_AUTOCOMP_TXT}</arg>
<doc>Waits until the element ``locator`` is visible.</doc>
<status status="NOT RUN" starttime="20230428 20:39:44.478" endtime="20230428 20:39:44.478"/>
</kw>
<kw name="Get Element Count" library="SeleniumLibrary">
<var>${Total_Matching_Txt}</var>
<arg>${S360_EN_AUTOCOMP_TXT}</arg>
<doc>Returns the number of elements matching ``locator``.</doc>
<status status="NOT RUN" starttime="20230428 20:39:44.478" endtime="20230428 20:39:44.478"/>
</kw>
<for flavor="IN RANGE">
<var>${Index}</var>
<value>1</value>
<value>${Total_Matching_Txt}+1</value>
<iter>
<var name="${Index}"/>
<kw name="Get Text" library="SeleniumLibrary">
<var>${Text}</var>
<arg>${S360_EN_AUTOCOMP_TXT} [${Index}]</arg>
<doc>Returns the text value of the element identified by ``locator``.</doc>
<status status="NOT RUN" starttime="20230428 20:39:44.478" endtime="20230428 20:39:44.478"/>
</kw>
<kw name="Run Keyword And Return Status" library="BuiltIn">
<var>${Found_Status}</var>
<arg>Should Be Equal</arg>
<arg>${NameOfFilter}</arg>
<arg>${Text}</arg>
<arg>ignore_case=true</arg>
<doc>Runs the given keyword with given arguments and returns the status as a Boolean value.</doc>
<status status="NOT RUN" starttime="20230428 20:39:44.478" endtime="20230428 20:39:44.478"/>
</kw>
<kw name="Run Keyword If" library="BuiltIn">
<arg>'${Found_Status}'=='${TRUE}'</arg>
<arg>Run Keywords</arg>
<arg>Click Element</arg>
<arg>${S360_EN_AUTOCOMP_TXT} [${Index}]</arg>
<arg>AND</arg>
<arg>Wait Until Element Is Not Visible</arg>
<arg>${S360_EN_LOADING_IMAGE} [1]</arg>
<arg>timeout=20</arg>
<arg>AND</arg>
<arg>Exit For Loop</arg>
<doc>Runs the given keyword with the given arguments, if ``condition`` is true.</doc>
<status status="NOT RUN" starttime="20230428 20:39:44.478" endtime="20230428 20:39:44.478"/>
</kw>
<status status="NOT RUN" starttime="20230428 20:39:44.478" endtime="20230428 20:39:44.478"/>
</iter>
<status status="NOT RUN" starttime="20230428 20:39:44.478" endtime="20230428 20:39:44.478"/>
</for>
<status status="FAIL" starttime="20230428 20:39:24.233" endtime="20230428 20:39:44.478"/>
</kw>
<kw name="Click Element" library="SeleniumLibrary">
<arg>${S360_EN_BOOKMARK_ICON}</arg>
<doc>Click the element identified by ``locator``.</doc>
<status status="NOT RUN" starttime="20230428 20:39:44.478" endtime="20230428 20:39:44.478"/>
</kw>
<kw name="SEC/S360_Verify Success Message" library="Generic_Keywords">
<var>${Status}</var>
<arg>${Bookmark_Filter_Msg}</arg>
<doc>Verifies the message prefix in the message center</doc>
<status status="NOT RUN" starttime="20230428 20:39:44.478" endtime="20230428 20:39:44.478"/>
</kw>
<kw name="Run Keyword If" library="BuiltIn">
<arg>'${Status}'=='${FALSE}'</arg>
<arg>Fail</arg>
<doc>Runs the given keyword with the given arguments, if ``condition`` is true.</doc>
<status status="NOT RUN" starttime="20230428 20:39:44.478" endtime="20230428 20:39:44.478"/>
</kw>
<status status="FAIL" starttime="20230428 20:39:24.217" endtime="20230428 20:39:44.478"/>
</kw>
<kw name="S360_EN_Navigate to Cards In Operator" library="Enterprise_Notification_Keywords">
<arg>${Card_ID}</arg>
<doc>Navigate to Cards present in Operator welcome page</doc>
<status status="NOT RUN" starttime="20230428 20:39:44.478" endtime="20230428 20:39:44.478"/>
</kw>
<kw name="Run Keyword And Ignore Error" library="BuiltIn">
<arg>Wait Until Element Is Visible</arg>
<arg>${S360_EN_LOADING_IMAGE} [1]</arg>
<doc>Runs the given keyword with the given arguments and ignores possible error.</doc>
<status status="NOT RUN" starttime="20230428 20:39:44.478" endtime="20230428 20:39:44.478"/>
</kw>
<kw name="Wait Until Element Is Not Visible" library="SeleniumLibrary">
<arg>${S360_EN_LOADING_IMAGE} [1]</arg>
<arg>timeout=20</arg>
<doc>Waits until the element ``locator`` is not visible.</doc>
<status status="NOT RUN" starttime="20230428 20:39:44.478" endtime="20230428 20:39:44.478"/>
</kw>
<kw name="Element Should Not Be Visible" library="SeleniumLibrary">
<arg>${S360_EN_BOOKMARK_ICON}</arg>
<doc>Verifies that the element identified by ``locator`` is NOT visible.</doc>
<status status="NOT RUN" starttime="20230428 20:39:44.478" endtime="20230428 20:39:44.478"/>
</kw>
<kw name="Element Should Be Visible" library="SeleniumLibrary">
<arg>${S360_EN_BOOKMARKED_BTN}</arg>
<doc>Verifies that the element identified by ``locator`` is visible.</doc>
<status status="NOT RUN" starttime="20230428 20:39:44.478" endtime="20230428 20:39:44.478"/>
</kw>
<doc>Bookmarks a filter and verifies it when navigated again to Notification rules card</doc>
<tag>EnterpriseNotificationFilters</tag>
<tag>Operator</tag>
<tag>P1</tag>
<tag>Sanity</tag>
<tag>TC-418</tag>
<status status="FAIL" starttime="20230428 20:39:24.217" endtime="20230428 20:39:44.478">Element 'xpath=(//*[@id='searchInternal']//input)[1]' not visible after 20 seconds.</status>
</test>
<test id="s1-t3" name="TC_03 Verify Removing Bookmark" line="109">
<kw name="Mouse Over" library="SeleniumLibrary">
<arg>${S360_EN_BOOKMARKED_BTN}</arg>
<doc>Simulates hovering the mouse over the element ``locator``.</doc>
<msg timestamp="20230428 20:39:44.478" level="INFO">Simulating Mouse Over on element 'id=bookmark_button'.</msg>
<msg timestamp="20230428 20:39:44.662" level="INFO" html="true">&lt;/td&gt;&lt;/tr&gt;&lt;tr&gt;&lt;td colspan="3"&gt;&lt;a href="selenium-screenshot-171.png"&gt;&lt;img src="selenium-screenshot-171.png" width="800px"&gt;&lt;/a&gt;</msg>
<msg timestamp="20230428 20:39:44.662" level="FAIL">Element with locator 'id=bookmark_button' not found.</msg>
<status status="FAIL" starttime="20230428 20:39:44.478" endtime="20230428 20:39:44.662"/>
</kw>
<kw name="Wait Until Keyword Succeeds" library="BuiltIn">
<arg>4x</arg>
<arg>2S</arg>
<arg>Click Element</arg>
<arg>${S360_EN_REMOVE_BM_BTN}</arg>
<doc>Runs the specified keyword and retries if it fails.</doc>
<status status="NOT RUN" starttime="20230428 20:39:44.662" endtime="20230428 20:39:44.662"/>
</kw>
<kw name="SEC/S360_Verify Success Message" library="Generic_Keywords">
<var>${Status}</var>
<arg>${Remove_BM_Filter_Msg}</arg>
<doc>Verifies the message prefix in the message center</doc>
<status status="NOT RUN" starttime="20230428 20:39:44.662" endtime="20230428 20:39:44.662"/>
</kw>
<kw name="Run Keyword If" library="BuiltIn">
<arg>'${Status}'=='${FALSE}'</arg>
<arg>Fail</arg>
<doc>Runs the given keyword with the given arguments, if ``condition`` is true.</doc>
<status status="NOT RUN" starttime="20230428 20:39:44.662" endtime="20230428 20:39:44.662"/>
</kw>
<kw name="S360_EN_Navigate to Cards In Operator" library="Enterprise_Notification_Keywords">
<arg>${Card_ID}</arg>
<doc>Navigate to Cards present in Operator welcome page</doc>
<status status="NOT RUN" starttime="20230428 20:39:44.662" endtime="20230428 20:39:44.662"/>
</kw>
<kw name="Run Keyword And Ignore Error" library="BuiltIn">
<arg>Wait Until Element Is Visible</arg>
<arg>${S360_EN_LOADING_IMAGE} [1]</arg>
<doc>Runs the given keyword with the given arguments and ignores possible error.</doc>
<status status="NOT RUN" starttime="20230428 20:39:44.662" endtime="20230428 20:39:44.662"/>
</kw>
<kw name="Wait Until Element Is Not Visible" library="SeleniumLibrary">
<arg>${S360_EN_LOADING_IMAGE} [1]</arg>
<arg>timeout=20</arg>
<doc>Waits until the element ``locator`` is not visible.</doc>
<status status="NOT RUN" starttime="20230428 20:39:44.662" endtime="20230428 20:39:44.662"/>
</kw>
<kw name="Element Should Not Be Visible" library="SeleniumLibrary">
<arg>${S360_EN_BOOKMARKED_BTN}</arg>
<doc>Verifies that the element identified by ``locator`` is NOT visible.</doc>
<status status="NOT RUN" starttime="20230428 20:39:44.662" endtime="20230428 20:39:44.662"/>
</kw>
<doc>Removes the bookmarked filer</doc>
<tag>EnterpriseNotificationFilters</tag>
<tag>Operator</tag>
<tag>P1</tag>
<tag>Sanity</tag>
<tag>TC-419</tag>
<status status="FAIL" starttime="20230428 20:39:44.478" endtime="20230428 20:39:44.662">Element with locator 'id=bookmark_button' not found.</status>
</test>
<test id="s1-t4" name="TC_04 Verify Updating Filter" line="129">
<kw name="Create List" library="BuiltIn">
<var>@{StatesList}</var>
<arg>${S360_EN_STATE_COMP_ICON}</arg>
<arg>${S360_EN_STATE_PENDING_ICON}</arg>
<doc>Returns a list containing given items.</doc>
<msg timestamp="20230428 20:39:44.678" level="INFO">@{StatesList} = [ xpath=(//img[contains(@src,'StateIcons_ProcessCompleted')]) | xpath=(//img[contains(@src,'StateIcons_Pending')]) ]</msg>
<status status="PASS" starttime="20230428 20:39:44.678" endtime="20230428 20:39:44.678"/>
</kw>
<kw name="S360_EN_Update Filter" library="Enterprise_Notification_Keywords">
<var>${Status}</var>
<arg>${EN_Filter_Name}</arg>
<arg>${EN_Rules_Update_Filter_Details}</arg>
<arg>${StatesList}</arg>
<arg>${Select_Sites}</arg>
<doc>Creates the new filter</doc>
<kw name="S360_Edit/Delete Filter" library="Enterprise_Notification_Keywords">
<arg>${NameOfFilter}</arg>
<arg>${S360_EN_EDIT_FILTER_BTN}</arg>
<doc>Clicks on Edit or delete button for the filter</doc>
<kw name="SEC/S360_Scroll Page To Location" library="Generic_Keywords">
<arg>0</arg>
<arg>0</arg>
<doc>Scrolls to the location mentioned</doc>
<kw name="Execute Javascript" library="SeleniumLibrary">
<arg>window.scrollTo(${x_location},${y_location})</arg>
<doc>Executes the given JavaScript code with possible arguments.</doc>
<msg timestamp="20230428 20:39:44.678" level="INFO">Executing JavaScript:
window.scrollTo(0,0)
Without any arguments.</msg>
<status status="PASS" starttime="20230428 20:39:44.678" endtime="20230428 20:39:44.694"/>
</kw>
<status status="PASS" starttime="20230428 20:39:44.678" endtime="20230428 20:39:44.694"/>
</kw>
<kw name="Sleep" library="BuiltIn">
<arg>1S</arg>
<doc>Pauses the test executed for the given time.</doc>
<msg timestamp="20230428 20:39:45.694" level="INFO">Slept 1 second</msg>
<status status="PASS" starttime="20230428 20:39:44.694" endtime="20230428 20:39:45.694"/>
</kw>
<kw name="Get Element Count" library="SeleniumLibrary">
<var>${Total_Filters}</var>
<arg>${S360_EN_FILTERS_XPATH}</arg>
<doc>Returns the number of elements matching ``locator``.</doc>
<msg timestamp="20230428 20:39:45.696" level="INFO">${Total_Filters} = 0</msg>
<status status="PASS" starttime="20230428 20:39:45.694" endtime="20230428 20:39:45.696"/>
</kw>
<for flavor="IN RANGE">
<var>${Index}</var>
<value>1</value>
<value>${Total_Filters}+1</value>
<iter>
<var name="${Index}"/>
<kw name="Get Text" library="SeleniumLibrary">
<var>${Name}</var>
<arg>${S360_EN_FILTERS_XPATH} [${Index}]</arg>
<doc>Returns the text value of the element identified by ``locator``.</doc>
<status status="NOT RUN" starttime="20230428 20:39:45.696" endtime="20230428 20:39:45.696"/>
</kw>
<kw name="Run Keyword If" library="BuiltIn">
<arg>'${NameOfFilter}'=='${Name}'</arg>
<arg>Run Keywords</arg>
<arg>Mouse Over</arg>
<arg>${S360_EN_FILTERS_XPATH} [${Index}]</arg>
<arg>AND</arg>
<arg>Click Element</arg>
<arg>${S360_EN_FILTERS_XPATH} [${Index}]${ButtonID}</arg>
<arg>AND</arg>
<arg>Exit For Loop</arg>
<doc>Runs the given keyword with the given arguments, if ``condition`` is true.</doc>
<status status="NOT RUN" starttime="20230428 20:39:45.696" endtime="20230428 20:39:45.696"/>
</kw>
<status status="NOT RUN" starttime="20230428 20:39:45.696" endtime="20230428 20:39:45.696"/>
</iter>
<status status="NOT RUN" starttime="20230428 20:39:45.696" endtime="20230428 20:39:45.696"/>
</for>
<kw name="Sleep" library="BuiltIn">
<arg>1S</arg>
<doc>Pauses the test executed for the given time.</doc>
<msg timestamp="20230428 20:39:46.696" level="INFO">Slept 1 second</msg>
<status status="PASS" starttime="20230428 20:39:45.696" endtime="20230428 20:39:46.696"/>
</kw>
<kw name="Run Keyword And Return Status" library="BuiltIn">
<var>${EditStatus}</var>
<arg>Should Contain</arg>
<arg>${ButtonID}</arg>
<arg>edit</arg>
<doc>Runs the given keyword with given arguments and returns the status as a Boolean value.</doc>
<kw name="Should Contain" library="BuiltIn">
<arg>${ButtonID}</arg>
<arg>edit</arg>
<doc>Fails if ``container`` does not contain ``item`` one or more times.</doc>
<status status="PASS" starttime="20230428 20:39:46.696" endtime="20230428 20:39:46.696"/>
</kw>
<msg timestamp="20230428 20:39:46.696" level="INFO">${EditStatus} = True</msg>
<status status="PASS" starttime="20230428 20:39:46.696" endtime="20230428 20:39:46.696"/>
</kw>
<kw name="Run Keyword If" library="BuiltIn">
<var>${Status}</var>
<arg>'${EditStatus}'=='${TRUE}'</arg>
<arg>Wait Until Element Is Visible</arg>
<arg>${S360_EN_FILTER_NAME_TXTBOX}</arg>
<arg>ELSE</arg>
<arg>SEC/S360_Verify Success Message</arg>
<arg>${Delete_Filter_Msg_ID}</arg>
<doc>Runs the given keyword with the given arguments, if ``condition`` is true.</doc>
<kw name="Wait Until Element Is Visible" library="SeleniumLibrary">
<arg>${S360_EN_FILTER_NAME_TXTBOX}</arg>
<doc>Waits until the element ``locator`` is visible.</doc>
<msg timestamp="20230428 20:40:07.054" level="INFO" html="true">&lt;/td&gt;&lt;/tr&gt;&lt;tr&gt;&lt;td colspan="3"&gt;&lt;a href="selenium-screenshot-172.png"&gt;&lt;img src="selenium-screenshot-172.png" width="800px"&gt;&lt;/a&gt;</msg>
<msg timestamp="20230428 20:40:07.054" level="FAIL">Element '//*[@id="filter-name"]' not visible after 20 seconds.</msg>
<status status="FAIL" starttime="20230428 20:39:46.696" endtime="20230428 20:40:07.054"/>
</kw>
<status status="FAIL" starttime="20230428 20:39:46.696" endtime="20230428 20:40:07.054"/>
</kw>
<kw name="Run Keyword If" library="BuiltIn">
<arg>'${Status}'=='${FALSE}'</arg>
<arg>Fail</arg>
<doc>Runs the given keyword with the given arguments, if ``condition`` is true.</doc>
<status status="NOT RUN" starttime="20230428 20:40:07.054" endtime="20230428 20:40:07.054"/>
</kw>
<status status="FAIL" starttime="20230428 20:39:44.678" endtime="20230428 20:40:07.054"/>
</kw>
<kw name="Split String" library="String">
<var>@{FilterDetails}</var>
<arg>${FilterDetails}</arg>
<arg>,</arg>
<doc>Splits the ``string`` using ``separator`` as a delimiter string.</doc>
<status status="NOT RUN" starttime="20230428 20:40:07.054" endtime="20230428 20:40:07.054"/>
</kw>
<kw name="Run Keyword If" library="BuiltIn">
<arg>'${FilterDetails}[0]'!='${EMPTY}'</arg>
<arg>Run Keywords</arg>
<arg>wait until keyword succeeds</arg>
<arg>5x</arg>
<arg>2s</arg>
<arg>Click Element</arg>
<arg>${S360_EN_FILTER_NAME_TXTBOX}</arg>
<arg>AND</arg>
<arg>wait until keyword succeeds</arg>
<arg>5x</arg>
<arg>2s</arg>
<arg>Input Text</arg>
<arg>${S360_EN_FILTER_NAME_TXTBOX}</arg>
<arg>${FilterDetails}[0]</arg>
<arg>AND</arg>
<arg>SEC/S360_Scroll Page To Location</arg>
<arg>0</arg>
<arg>500</arg>
<arg>AND</arg>
<arg>click element</arg>
<arg>${S360_EN_ENABLE_DATE_BUTTON}</arg>
<arg>AND</arg>
<arg>SEC/S360_Clear Text Field</arg>
<arg>${S360_EN_FROM_DATE_TXTBOX}</arg>
<arg>AND</arg>
<arg>Input Text</arg>
<arg>${S360_EN_FROM_DATE_TXTBOX}</arg>
<arg>${FilterDetails}[1]</arg>
<arg>AND</arg>
<arg>sleep</arg>
<arg>2s</arg>
<arg>AND</arg>
<arg>click element</arg>
<arg>${S360_EN_ENABLE_DATE_BUTTON_2}</arg>
<arg>AND</arg>
<arg>SEC/S360_Clear Text Field</arg>
<arg>${S360_EN_TO_DATE_TXTBOX}</arg>
<arg>AND</arg>
<arg>Input Text</arg>
<arg>${S360_EN_TO_DATE_TXTBOX}</arg>
<arg>${FilterDetails}[2]</arg>
<doc>Runs the given keyword with the given arguments, if ``condition`` is true.</doc>
<status status="NOT RUN" starttime="20230428 20:40:07.054" endtime="20230428 20:40:07.054"/>
</kw>
<kw name="SEC/S360_Scroll Page To Location" library="Generic_Keywords">
<arg>0</arg>
<arg>0</arg>
<doc>Scrolls to the location mentioned</doc>
<status status="NOT RUN" starttime="20230428 20:40:07.054" endtime="20230428 20:40:07.054"/>
</kw>
<kw name="Run Keyword And Return Status" library="BuiltIn">
<var>${StateStatus}</var>
<arg>Should Be Equal</arg>
<arg>${StatesList}</arg>
<arg>${EMPTY}</arg>
<doc>Runs the given keyword with given arguments and returns the status as a Boolean value.</doc>
<status status="NOT RUN" starttime="20230428 20:40:07.054" endtime="20230428 20:40:07.054"/>
</kw>
<kw name="Run Keyword If" library="BuiltIn">
<arg>'${StateStatus}'=='${TRUE}'</arg>
<arg>Click Element</arg>
<arg>${ada}</arg>
<arg>ELSE</arg>
<arg>S360_EN_Select States For Filter</arg>
<arg>${StatesList}</arg>
<doc>Runs the given keyword with the given arguments, if ``condition`` is true.</doc>
<status status="NOT RUN" starttime="20230428 20:40:07.054" endtime="20230428 20:40:07.054"/>
</kw>
<kw name="SEC/S360_Scroll Page To Location" library="Generic_Keywords">
<arg>0</arg>
<arg>500</arg>
<doc>Scrolls to the location mentioned</doc>
<status status="NOT RUN" starttime="20230428 20:40:07.054" endtime="20230428 20:40:07.054"/>
</kw>
<kw name="Run Keyword And Return Status" library="BuiltIn">
<var>${SiteStatus}</var>
<arg>Should Be Equal</arg>
<arg>${SitesList}</arg>
<arg>${EMPTY}</arg>
<doc>Runs the given keyword with given arguments and returns the status as a Boolean value.</doc>
<status status="NOT RUN" starttime="20230428 20:40:07.054" endtime="20230428 20:40:07.054"/>
</kw>
<kw name="Run Keyword If" library="BuiltIn">
<arg>'${SiteStatus}'=='${TRUE}'</arg>
<arg>Click Element</arg>
<arg>${S360_EN_SELECT_ALL_SITE_BTN}</arg>
<arg>ELSE</arg>
<arg>Run Keywords</arg>
<arg>Click Element</arg>
<arg>${S360_EN_REMOVE_ALL_SITE_BTN}</arg>
<arg>AND</arg>
<arg>S360_EN_Select Sites For Filter</arg>
<arg>${SitesList}</arg>
<doc>Runs the given keyword with the given arguments, if ``condition`` is true.</doc>
<status status="NOT RUN" starttime="20230428 20:40:07.054" endtime="20230428 20:40:07.054"/>
</kw>
<kw name="SEC/S360_Scroll Page To Location" library="Generic_Keywords">
<arg>0</arg>
<arg>1000</arg>
<doc>Scrolls to the location mentioned</doc>
<status status="NOT RUN" starttime="20230428 20:40:07.054" endtime="20230428 20:40:07.054"/>
</kw>
<kw name="Run Keyword And Return Status" library="BuiltIn">
<var>${ProductStatus}</var>
<arg>Should Be Equal</arg>
<arg>${ProductsList}</arg>
<arg>${EMPTY}</arg>
<doc>Runs the given keyword with given arguments and returns the status as a Boolean value.</doc>
<status status="NOT RUN" starttime="20230428 20:40:07.054" endtime="20230428 20:40:07.054"/>
</kw>
<kw name="Run Keyword If" library="BuiltIn">
<arg>'${ProductStatus}'=='${TRUE}'</arg>
<arg>Click Element</arg>
<arg>${S360_EN_SELECT_ALL_PROD_BTN}</arg>
<arg>ELSE</arg>
<arg>Run Keywords</arg>
<arg>Click Element</arg>
<arg>${S360_EN_REMOVE_ALL_PROD_BTN}</arg>
<arg>AND</arg>
<arg>S360_EN_Select Products For Filter</arg>
<arg>${ProductsList}</arg>
<doc>Runs the given keyword with the given arguments, if ``condition`` is true.</doc>
<status status="NOT RUN" starttime="20230428 20:40:07.054" endtime="20230428 20:40:07.054"/>
</kw>
<kw name="S360_EN_Save/Apply Filter" library="Enterprise_Notification_Keywords">
<arg>${SEC/S360_FLOAT_SAVE_BTN}</arg>
<doc>Mouse hover on Options button and save changes</doc>
<status status="NOT RUN" starttime="20230428 20:40:07.054" endtime="20230428 20:40:07.054"/>
</kw>
<kw name="SEC/S360_Verify Success Message" library="Generic_Keywords">
<var>${Status}</var>
<arg>${Update_Filter_Msg_ID}</arg>
<doc>Verifies the message prefix in the message center</doc>
<status status="NOT RUN" starttime="20230428 20:40:07.054" endtime="20230428 20:40:07.054"/>
</kw>
<status status="FAIL" starttime="20230428 20:39:44.678" endtime="20230428 20:40:07.054"/>
</kw>
<kw name="Run Keyword If" library="BuiltIn">
<arg>'${Status}'=='${FALSE}'</arg>
<arg>Fail</arg>
<doc>Runs the given keyword with the given arguments, if ``condition`` is true.</doc>
<status status="NOT RUN" starttime="20230428 20:40:07.054" endtime="20230428 20:40:07.054"/>
</kw>
<kw name="S360_EN_Save/Apply Filter" library="Enterprise_Notification_Keywords">
<arg>${S360_EN_APPLY_FILTER_BTN}</arg>
<doc>Mouse hover on Options button and save changes</doc>
<status status="NOT RUN" starttime="20230428 20:40:07.054" endtime="20230428 20:40:07.054"/>
</kw>
<kw name="SEC/S360_Verify Success Message" library="Generic_Keywords">
<var>${Apply_Status}</var>
<arg>${Update_Filter_Msg_ID}</arg>
<doc>Verifies the message prefix in the message center</doc>
<status status="NOT RUN" starttime="20230428 20:40:07.054" endtime="20230428 20:40:07.054"/>
</kw>
<kw name="Run Keyword If" library="BuiltIn">
<arg>'${Apply_Status}'=='${FALSE}'</arg>
<arg>Fail</arg>
<doc>Runs the given keyword with the given arguments, if ``condition`` is true.</doc>
<status status="NOT RUN" starttime="20230428 20:40:07.054" endtime="20230428 20:40:07.054"/>
</kw>
<doc>Verifies updating a created filter</doc>
<tag>EnterpriseNotificationFilters</tag>
<tag>Operator</tag>
<tag>P1</tag>
<tag>Sanity</tag>
<tag>TC-420</tag>
<status status="FAIL" starttime="20230428 20:39:44.678" endtime="20230428 20:40:07.054">Element '//*[@id="filter-name"]' not visible after 20 seconds.</status>
</test>
<test id="s1-t5" name="TC_05 Create Filter With All State, All Site and All Product" line="143">
<kw name="S360_EN_Create Filter" library="Enterprise_Notification_Keywords">
<var>${Status}</var>
<arg>${Filter1Details}</arg>
<doc>Creates the new filter</doc>
<kw name="SEC/S360_Scroll Page To Location" library="Generic_Keywords">
<arg>0</arg>
<arg>0</arg>
<doc>Scrolls to the location mentioned</doc>
<kw name="Execute Javascript" library="SeleniumLibrary">
<arg>window.scrollTo(${x_location},${y_location})</arg>
<doc>Executes the given JavaScript code with possible arguments.</doc>
<msg timestamp="20230428 20:40:07.085" level="INFO">Executing JavaScript:
window.scrollTo(0,0)
Without any arguments.</msg>
<status status="PASS" starttime="20230428 20:40:07.085" endtime="20230428 20:40:07.085"/>
</kw>
<status status="PASS" starttime="20230428 20:40:07.085" endtime="20230428 20:40:07.085"/>
</kw>
<kw name="Wait Until Element Is Visible" library="SeleniumLibrary">
<arg>${S360_EN_ADD_FILTER_BTN}</arg>
<doc>Waits until the element ``locator`` is visible.</doc>
<msg timestamp="20230428 20:40:27.431" level="INFO" html="true">&lt;/td&gt;&lt;/tr&gt;&lt;tr&gt;&lt;td colspan="3"&gt;&lt;a href="selenium-screenshot-173.png"&gt;&lt;img src="selenium-screenshot-173.png" width="800px"&gt;&lt;/a&gt;</msg>
<msg timestamp="20230428 20:40:27.431" level="FAIL">Element 'id=newFilter' not visible after 20 seconds.</msg>
<status status="FAIL" starttime="20230428 20:40:07.085" endtime="20230428 20:40:27.431"/>
</kw>
<kw name="Run Keyword And Ignore Error" library="BuiltIn">
<arg>Wait Until Page Does not Contain</arg>
<arg>Loading...</arg>
<arg>timeout=10</arg>
<doc>Runs the given keyword with the given arguments and ignores possible error.</doc>
<status status="NOT RUN" starttime="20230428 20:40:27.431" endtime="20230428 20:40:27.431"/>
</kw>
<kw name="Wait Until Element Is Visible" library="SeleniumLibrary">
<arg>${S360_EN_ADD_FILTER_BTN}</arg>
<doc>Waits until the element ``locator`` is visible.</doc>
<status status="NOT RUN" starttime="20230428 20:40:27.431" endtime="20230428 20:40:27.431"/>
</kw>
<kw name="Click Element" library="SeleniumLibrary">
<arg>${S360_EN_ADD_FILTER_BTN}</arg>
<doc>Click the element identified by ``locator``.</doc>
<status status="NOT RUN" starttime="20230428 20:40:27.431" endtime="20230428 20:40:27.431"/>
</kw>
<kw name="Split String" library="String">
<var>@{FilterDetails}</var>
<arg>${FilterDetails}</arg>
<arg>,</arg>
<doc>Splits the ``string`` using ``separator`` as a delimiter string.</doc>
<status status="NOT RUN" starttime="20230428 20:40:27.431" endtime="20230428 20:40:27.431"/>
</kw>
<kw name="Wait Until Element Is Visible" library="SeleniumLibrary">
<arg>${S360_EN_FILTER_NAME_TXTBOX}</arg>
<doc>Waits until the element ``locator`` is visible.</doc>
<status status="NOT RUN" starttime="20230428 20:40:27.431" endtime="20230428 20:40:27.431"/>
</kw>
<kw name="Wait Until Keyword Succeeds" library="BuiltIn">
<arg>5x</arg>
<arg>2s</arg>
<arg>Click Element</arg>
<arg>${S360_EN_FILTER_NAME_TXTBOX}</arg>
<doc>Runs the specified keyword and retries if it fails.</doc>
<status status="NOT RUN" starttime="20230428 20:40:27.431" endtime="20230428 20:40:27.431"/>
</kw>
<kw name="Wait Until Keyword Succeeds" library="BuiltIn">
<arg>5x</arg>
<arg>2s</arg>
<arg>Input Text</arg>
<arg>${S360_EN_FILTER_NAME_TXTBOX}</arg>
<arg>${FilterDetails}[0]</arg>
<doc>Runs the specified keyword and retries if it fails.</doc>
<status status="NOT RUN" starttime="20230428 20:40:27.431" endtime="20230428 20:40:27.431"/>
</kw>
<kw name="Click Element" library="SeleniumLibrary">
<arg>${S360_EN_FIXED_FROM_RADIO_BUTTON}</arg>
<doc>Click the element identified by ``locator``.</doc>
<status status="NOT RUN" starttime="20230428 20:40:27.431" endtime="20230428 20:40:27.431"/>
</kw>
<kw name="SEC/S360_Clear Text Field" library="Generic_Keywords">
<arg>${S360_EN_FROM_DATE_TXTBOX}</arg>
<doc>Clears text present in text field</doc>
<status status="NOT RUN" starttime="20230428 20:40:27.431" endtime="20230428 20:40:27.431"/>
</kw>
<kw name="Input Text" library="SeleniumLibrary">
<arg>${S360_EN_FROM_DATE_TXTBOX}</arg>
<arg>${FilterDetails}[1]</arg>
<doc>Types the given ``text`` into the text field identified by ``locator``.</doc>
<status status="NOT RUN" starttime="20230428 20:40:27.431" endtime="20230428 20:40:27.431"/>
</kw>
<kw name="Click Element" library="SeleniumLibrary">
<arg>${S360_EN_FIXED_TO_RADIO_BUTTON}</arg>
<doc>Click the element identified by ``locator``.</doc>
<status status="NOT RUN" starttime="20230428 20:40:27.431" endtime="20230428 20:40:27.431"/>
</kw>
<kw name="SEC/S360_Clear Text Field" library="Generic_Keywords">
<arg>${S360_EN_TO_DATE_TXTBOX}</arg>
<doc>Clears text present in text field</doc>
<status status="NOT RUN" starttime="20230428 20:40:27.431" endtime="20230428 20:40:27.431"/>
</kw>
<kw name="Input Text" library="SeleniumLibrary">
<arg>${S360_EN_TO_DATE_TXTBOX}</arg>
<arg>${FilterDetails}[2]</arg>
<doc>Types the given ``text`` into the text field identified by ``locator``.</doc>
<status status="NOT RUN" starttime="20230428 20:40:27.431" endtime="20230428 20:40:27.431"/>
</kw>
<kw name="Click Element" library="SeleniumLibrary">
<arg>${S360_EN_FIXED_FROM_RADIO_BUTTON}</arg>
<doc>Click the element identified by ``locator``.</doc>
<status status="NOT RUN" starttime="20230428 20:40:27.431" endtime="20230428 20:40:27.431"/>
</kw>
<kw name="Sleep" library="BuiltIn">
<arg>1s</arg>
<doc>Pauses the test executed for the given time.</doc>
<status status="NOT RUN" starttime="20230428 20:40:27.431" endtime="20230428 20:40:27.431"/>
</kw>
<kw name="Log" library="BuiltIn">
<arg>${ProductsList}</arg>
<doc>Logs the given message with the given level.</doc>
<status status="NOT RUN" starttime="20230428 20:40:27.431" endtime="20230428 20:40:27.431"/>
</kw>
<kw name="Log" library="BuiltIn">
<arg>${StatesList}</arg>
<doc>Logs the given message with the given level.</doc>
<status status="NOT RUN" starttime="20230428 20:40:27.431" endtime="20230428 20:40:27.431"/>
</kw>
<kw name="Run Keyword And Return Status" library="BuiltIn">
<var>${StateStatus}</var>
<arg>Should Be Empty</arg>
<arg>${StatesList}</arg>
<doc>Runs the given keyword with given arguments and returns the status as a Boolean value.</doc>
<status status="NOT RUN" starttime="20230428 20:40:27.431" endtime="20230428 20:40:27.431"/>
</kw>
<kw name="Run Keyword And Return Status" library="BuiltIn">
<var>${NoStateStatus}</var>
<arg>Should Be Equal</arg>
<arg>${StatesList}</arg>
<arg>NO</arg>
<doc>Runs the given keyword with given arguments and returns the status as a Boolean value.</doc>
<status status="NOT RUN" starttime="20230428 20:40:27.431" endtime="20230428 20:40:27.431"/>
</kw>
<kw name="Run Keyword If" library="BuiltIn">
<arg>'${StateStatus}'=='${TRUE}'</arg>
<arg>Run Keywords</arg>
<arg>Click Element</arg>
<arg>${S360_EN_STATE_DD}</arg>
<arg>AND</arg>
<arg>Click Element</arg>
<arg>${S360_EN_STATE_SELECT_ALL_CHCKBOX}</arg>
<arg>ELSE IF</arg>
<arg>'${NoStateStatus}'=='${TRUE}'</arg>
<arg>Log</arg>
<arg>No States Selected</arg>
<arg>ELSE</arg>
<arg>S360_EN_Select States For Filter</arg>
<arg>${StatesList}</arg>
<doc>Runs the given keyword with the given arguments, if ``condition`` is true.</doc>
<status status="NOT RUN" starttime="20230428 20:40:27.431" endtime="20230428 20:40:27.431"/>
</kw>
<kw name="SEC/S360_Scroll Page To Location" library="Generic_Keywords">
<arg>0</arg>
<arg>500</arg>
<doc>Scrolls to the location mentioned</doc>
<status status="NOT RUN" starttime="20230428 20:40:27.431" endtime="20230428 20:40:27.431"/>
</kw>
<kw name="Run Keyword And Return Status" library="BuiltIn">
<var>${SiteStatus}</var>
<arg>Should Be Empty</arg>
<arg>${SitesList}</arg>
<doc>Runs the given keyword with given arguments and returns the status as a Boolean value.</doc>
<status status="NOT RUN" starttime="20230428 20:40:27.431" endtime="20230428 20:40:27.431"/>
</kw>
<kw name="Run Keyword And Return Status" library="BuiltIn">
<var>${NoSiteStatus}</var>
<arg>Should Be Equal</arg>
<arg>${SitesList}</arg>
<arg>NO</arg>
<doc>Runs the given keyword with given arguments and returns the status as a Boolean value.</doc>
<status status="NOT RUN" starttime="20230428 20:40:27.431" endtime="20230428 20:40:27.431"/>
</kw>
<kw name="Run Keyword If" library="BuiltIn">
<arg>'${SiteStatus}'=='${TRUE}'</arg>
<arg>Click Element</arg>
<arg>${S360_EN_SELECT_ALL_SITE_BTN}</arg>
<arg>ELSE IF</arg>
<arg>'${NoSiteStatus}'=='${TRUE}'</arg>
<arg>Log</arg>
<arg>No Sites Selected</arg>
<arg>ELSE</arg>
<arg>S360_EN_Select Sites For Filter</arg>
<arg>${SitesList}</arg>
<doc>Runs the given keyword with the given arguments, if ``condition`` is true.</doc>
<status status="NOT RUN" starttime="20230428 20:40:27.431" endtime="20230428 20:40:27.431"/>
</kw>
<kw name="SEC/S360_Scroll Page To Location" library="Generic_Keywords">
<arg>0</arg>
<arg>1000</arg>
<doc>Scrolls to the location mentioned</doc>
<status status="NOT RUN" starttime="20230428 20:40:27.431" endtime="20230428 20:40:27.431"/>
</kw>
<kw name="Run Keyword And Return Status" library="BuiltIn">
<var>${ProductStatus}</var>
<arg>Should Be Empty</arg>
<arg>${ProductsList}</arg>
<doc>Runs the given keyword with given arguments and returns the status as a Boolean value.</doc>
<status status="NOT RUN" starttime="20230428 20:40:27.431" endtime="20230428 20:40:27.431"/>
</kw>
<kw name="Run Keyword And Return Status" library="BuiltIn">
<var>${NoProductStatus}</var>
<arg>Should Be Equal</arg>
<arg>${ProductsList}</arg>
<arg>NO</arg>
<doc>Runs the given keyword with given arguments and returns the status as a Boolean value.</doc>
<status status="NOT RUN" starttime="20230428 20:40:27.431" endtime="20230428 20:40:27.431"/>
</kw>
<kw name="Run Keyword If" library="BuiltIn">
<arg>'${ProductStatus}'=='${TRUE}'</arg>
<arg>Click Element</arg>
<arg>${S360_EN_SELECT_ALL_PROD_BTN}</arg>
<arg>ELSE IF</arg>
<arg>'${NoProductStatus}'=='${TRUE}'</arg>
<arg>Log</arg>
<arg>No Products Selected</arg>
<arg>ELSE</arg>
<arg>S360_EN_Select Products For Filter</arg>
<arg>${ProductsList}</arg>
<doc>Runs the given keyword with the given arguments, if ``condition`` is true.</doc>
<status status="NOT RUN" starttime="20230428 20:40:27.431" endtime="20230428 20:40:27.431"/>
</kw>
<kw name="S360_EN_Save/Apply Filter" library="Enterprise_Notification_Keywords">
<arg>${SEC/S360_FLOAT_SAVE_BTN}</arg>
<doc>Mouse hover on Options button and save changes</doc>
<status status="NOT RUN" starttime="20230428 20:40:27.431" endtime="20230428 20:40:27.431"/>
</kw>
<kw name="SEC/S360_Verify Success Message" library="Generic_Keywords">
<var>${Status}</var>
<arg>${Create_Filter_Msg}</arg>
<doc>Verifies the message prefix in the message center</doc>
<status status="NOT RUN" starttime="20230428 20:40:27.431" endtime="20230428 20:40:27.431"/>
</kw>
<status status="FAIL" starttime="20230428 20:40:07.054" endtime="20230428 20:40:27.431"/>
</kw>
<kw name="Run Keyword If" library="BuiltIn">
<arg>'${Status}'=='${FALSE}'</arg>
<arg>Fail</arg>
<doc>Runs the given keyword with the given arguments, if ``condition`` is true.</doc>
<status status="NOT RUN" starttime="20230428 20:40:27.431" endtime="20230428 20:40:27.431"/>
</kw>
<doc>Creates a filter which includes all states, all sites and all products</doc>
<tag>EnterpriseNotificationFilters</tag>
<tag>Operator</tag>
<tag>P1</tag>
<tag>Sanity</tag>
<tag>TC-421</tag>
<status status="FAIL" starttime="20230428 20:40:07.054" endtime="20230428 20:40:27.431">Element 'id=newFilter' not visible after 20 seconds.</status>
</test>
<test id="s1-t6" name="TC_06 Create Filter With All State, All Site and No Product" line="152">
<kw name="S360_EN_Create Filter" library="Enterprise_Notification_Keywords">
<var>${Status}</var>
<arg>${Filter2Details}</arg>
<arg>${EMPTY}</arg>
<arg>${EMPTY}</arg>
<arg>NO</arg>
<doc>Creates the new filter</doc>
<kw name="SEC/S360_Scroll Page To Location" library="Generic_Keywords">
<arg>0</arg>
<arg>0</arg>
<doc>Scrolls to the location mentioned</doc>
<kw name="Execute Javascript" library="SeleniumLibrary">
<arg>window.scrollTo(${x_location},${y_location})</arg>
<doc>Executes the given JavaScript code with possible arguments.</doc>
<msg timestamp="20230428 20:40:27.452" level="INFO">Executing JavaScript:
window.scrollTo(0,0)
Without any arguments.</msg>
<status status="PASS" starttime="20230428 20:40:27.452" endtime="20230428 20:40:27.462"/>
</kw>
<status status="PASS" starttime="20230428 20:40:27.452" endtime="20230428 20:40:27.462"/>
</kw>
<kw name="Wait Until Element Is Visible" library="SeleniumLibrary">
<arg>${S360_EN_ADD_FILTER_BTN}</arg>
<doc>Waits until the element ``locator`` is visible.</doc>
<msg timestamp="20230428 20:40:47.742" level="INFO" html="true">&lt;/td&gt;&lt;/tr&gt;&lt;tr&gt;&lt;td colspan="3"&gt;&lt;a href="selenium-screenshot-174.png"&gt;&lt;img src="selenium-screenshot-174.png" width="800px"&gt;&lt;/a&gt;</msg>
<msg timestamp="20230428 20:40:47.742" level="FAIL">Element 'id=newFilter' not visible after 20 seconds.</msg>
<status status="FAIL" starttime="20230428 20:40:27.462" endtime="20230428 20:40:47.742"/>
</kw>
<kw name="Run Keyword And Ignore Error" library="BuiltIn">
<arg>Wait Until Page Does not Contain</arg>
<arg>Loading...</arg>
<arg>timeout=10</arg>
<doc>Runs the given keyword with the given arguments and ignores possible error.</doc>
<status status="NOT RUN" starttime="20230428 20:40:47.742" endtime="20230428 20:40:47.742"/>
</kw>
<kw name="Wait Until Element Is Visible" library="SeleniumLibrary">
<arg>${S360_EN_ADD_FILTER_BTN}</arg>
<doc>Waits until the element ``locator`` is visible.</doc>
<status status="NOT RUN" starttime="20230428 20:40:47.742" endtime="20230428 20:40:47.742"/>
</kw>
<kw name="Click Element" library="SeleniumLibrary">
<arg>${S360_EN_ADD_FILTER_BTN}</arg>
<doc>Click the element identified by ``locator``.</doc>
<status status="NOT RUN" starttime="20230428 20:40:47.742" endtime="20230428 20:40:47.742"/>
</kw>
<kw name="Split String" library="String">
<var>@{FilterDetails}</var>
<arg>${FilterDetails}</arg>
<arg>,</arg>
<doc>Splits the ``string`` using ``separator`` as a delimiter string.</doc>
<status status="NOT RUN" starttime="20230428 20:40:47.742" endtime="20230428 20:40:47.742"/>
</kw>
<kw name="Wait Until Element Is Visible" library="SeleniumLibrary">
<arg>${S360_EN_FILTER_NAME_TXTBOX}</arg>
<doc>Waits until the element ``locator`` is visible.</doc>
<status status="NOT RUN" starttime="20230428 20:40:47.742" endtime="20230428 20:40:47.742"/>
</kw>
<kw name="Wait Until Keyword Succeeds" library="BuiltIn">
<arg>5x</arg>
<arg>2s</arg>
<arg>Click Element</arg>
<arg>${S360_EN_FILTER_NAME_TXTBOX}</arg>
<doc>Runs the specified keyword and retries if it fails.</doc>
<status status="NOT RUN" starttime="20230428 20:40:47.742" endtime="20230428 20:40:47.742"/>
</kw>
<kw name="Wait Until Keyword Succeeds" library="BuiltIn">
<arg>5x</arg>
<arg>2s</arg>
<arg>Input Text</arg>
<arg>${S360_EN_FILTER_NAME_TXTBOX}</arg>
<arg>${FilterDetails}[0]</arg>
<doc>Runs the specified keyword and retries if it fails.</doc>
<status status="NOT RUN" starttime="20230428 20:40:47.742" endtime="20230428 20:40:47.742"/>
</kw>
<kw name="Click Element" library="SeleniumLibrary">
<arg>${S360_EN_FIXED_FROM_RADIO_BUTTON}</arg>
<doc>Click the element identified by ``locator``.</doc>
<status status="NOT RUN" starttime="20230428 20:40:47.742" endtime="20230428 20:40:47.742"/>
</kw>
<kw name="SEC/S360_Clear Text Field" library="Generic_Keywords">
<arg>${S360_EN_FROM_DATE_TXTBOX}</arg>
<doc>Clears text present in text field</doc>
<status status="NOT RUN" starttime="20230428 20:40:47.742" endtime="20230428 20:40:47.742"/>
</kw>
<kw name="Input Text" library="SeleniumLibrary">
<arg>${S360_EN_FROM_DATE_TXTBOX}</arg>
<arg>${FilterDetails}[1]</arg>
<doc>Types the given ``text`` into the text field identified by ``locator``.</doc>
<status status="NOT RUN" starttime="20230428 20:40:47.742" endtime="20230428 20:40:47.742"/>
</kw>
<kw name="Click Element" library="SeleniumLibrary">
<arg>${S360_EN_FIXED_TO_RADIO_BUTTON}</arg>
<doc>Click the element identified by ``locator``.</doc>
<status status="NOT RUN" starttime="20230428 20:40:47.742" endtime="20230428 20:40:47.742"/>
</kw>
<kw name="SEC/S360_Clear Text Field" library="Generic_Keywords">
<arg>${S360_EN_TO_DATE_TXTBOX}</arg>
<doc>Clears text present in text field</doc>
<status status="NOT RUN" starttime="20230428 20:40:47.742" endtime="20230428 20:40:47.742"/>
</kw>
<kw name="Input Text" library="SeleniumLibrary">
<arg>${S360_EN_TO_DATE_TXTBOX}</arg>
<arg>${FilterDetails}[2]</arg>
<doc>Types the given ``text`` into the text field identified by ``locator``.</doc>
<status status="NOT RUN" starttime="20230428 20:40:47.742" endtime="20230428 20:40:47.742"/>
</kw>
<kw name="Click Element" library="SeleniumLibrary">
<arg>${S360_EN_FIXED_FROM_RADIO_BUTTON}</arg>
<doc>Click the element identified by ``locator``.</doc>
<status status="NOT RUN" starttime="20230428 20:40:47.742" endtime="20230428 20:40:47.742"/>
</kw>
<kw name="Sleep" library="BuiltIn">
<arg>1s</arg>
<doc>Pauses the test executed for the given time.</doc>
<status status="NOT RUN" starttime="20230428 20:40:47.742" endtime="20230428 20:40:47.742"/>
</kw>
<kw name="Log" library="BuiltIn">
<arg>${ProductsList}</arg>
<doc>Logs the given message with the given level.</doc>
<status status="NOT RUN" starttime="20230428 20:40:47.742" endtime="20230428 20:40:47.742"/>
</kw>
<kw name="Log" library="BuiltIn">
<arg>${StatesList}</arg>
<doc>Logs the given message with the given level.</doc>
<status status="NOT RUN" starttime="20230428 20:40:47.742" endtime="20230428 20:40:47.742"/>
</kw>
<kw name="Run Keyword And Return Status" library="BuiltIn">
<var>${StateStatus}</var>
<arg>Should Be Empty</arg>
<arg>${StatesList}</arg>
<doc>Runs the given keyword with given arguments and returns the status as a Boolean value.</doc>
<status status="NOT RUN" starttime="20230428 20:40:47.742" endtime="20230428 20:40:47.742"/>
</kw>
<kw name="Run Keyword And Return Status" library="BuiltIn">
<var>${NoStateStatus}</var>
<arg>Should Be Equal</arg>
<arg>${StatesList}</arg>
<arg>NO</arg>
<doc>Runs the given keyword with given arguments and returns the status as a Boolean value.</doc>
<status status="NOT RUN" starttime="20230428 20:40:47.742" endtime="20230428 20:40:47.742"/>
</kw>
<kw name="Run Keyword If" library="BuiltIn">
<arg>'${StateStatus}'=='${TRUE}'</arg>
<arg>Run Keywords</arg>
<arg>Click Element</arg>
<arg>${S360_EN_STATE_DD}</arg>
<arg>AND</arg>
<arg>Click Element</arg>
<arg>${S360_EN_STATE_SELECT_ALL_CHCKBOX}</arg>
<arg>ELSE IF</arg>
<arg>'${NoStateStatus}'=='${TRUE}'</arg>
<arg>Log</arg>
<arg>No States Selected</arg>
<arg>ELSE</arg>
<arg>S360_EN_Select States For Filter</arg>
<arg>${StatesList}</arg>
<doc>Runs the given keyword with the given arguments, if ``condition`` is true.</doc>
<status status="NOT RUN" starttime="20230428 20:40:47.742" endtime="20230428 20:40:47.742"/>
</kw>
<kw name="SEC/S360_Scroll Page To Location" library="Generic_Keywords">
<arg>0</arg>
<arg>500</arg>
<doc>Scrolls to the location mentioned</doc>
<status status="NOT RUN" starttime="20230428 20:40:47.742" endtime="20230428 20:40:47.742"/>
</kw>
<kw name="Run Keyword And Return Status" library="BuiltIn">
<var>${SiteStatus}</var>
<arg>Should Be Empty</arg>
<arg>${SitesList}</arg>
<doc>Runs the given keyword with given arguments and returns the status as a Boolean value.</doc>
<status status="NOT RUN" starttime="20230428 20:40:47.742" endtime="20230428 20:40:47.742"/>
</kw>
<kw name="Run Keyword And Return Status" library="BuiltIn">
<var>${NoSiteStatus}</var>
<arg>Should Be Equal</arg>
<arg>${SitesList}</arg>
<arg>NO</arg>
<doc>Runs the given keyword with given arguments and returns the status as a Boolean value.</doc>
<status status="NOT RUN" starttime="20230428 20:40:47.742" endtime="20230428 20:40:47.742"/>
</kw>
<kw name="Run Keyword If" library="BuiltIn">
<arg>'${SiteStatus}'=='${TRUE}'</arg>
<arg>Click Element</arg>
<arg>${S360_EN_SELECT_ALL_SITE_BTN}</arg>
<arg>ELSE IF</arg>
<arg>'${NoSiteStatus}'=='${TRUE}'</arg>
<arg>Log</arg>
<arg>No Sites Selected</arg>
<arg>ELSE</arg>
<arg>S360_EN_Select Sites For Filter</arg>
<arg>${SitesList}</arg>
<doc>Runs the given keyword with the given arguments, if ``condition`` is true.</doc>
<status status="NOT RUN" starttime="20230428 20:40:47.742" endtime="20230428 20:40:47.742"/>
</kw>
<kw name="SEC/S360_Scroll Page To Location" library="Generic_Keywords">
<arg>0</arg>
<arg>1000</arg>
<doc>Scrolls to the location mentioned</doc>
<status status="NOT RUN" starttime="20230428 20:40:47.742" endtime="20230428 20:40:47.742"/>
</kw>
<kw name="Run Keyword And Return Status" library="BuiltIn">
<var>${ProductStatus}</var>
<arg>Should Be Empty</arg>
<arg>${ProductsList}</arg>
<doc>Runs the given keyword with given arguments and returns the status as a Boolean value.</doc>
<status status="NOT RUN" starttime="20230428 20:40:47.742" endtime="20230428 20:40:47.742"/>
</kw>
<kw name="Run Keyword And Return Status" library="BuiltIn">
<var>${NoProductStatus}</var>
<arg>Should Be Equal</arg>
<arg>${ProductsList}</arg>
<arg>NO</arg>
<doc>Runs the given keyword with given arguments and returns the status as a Boolean value.</doc>
<status status="NOT RUN" starttime="20230428 20:40:47.742" endtime="20230428 20:40:47.742"/>
</kw>
<kw name="Run Keyword If" library="BuiltIn">
<arg>'${ProductStatus}'=='${TRUE}'</arg>
<arg>Click Element</arg>
<arg>${S360_EN_SELECT_ALL_PROD_BTN}</arg>
<arg>ELSE IF</arg>
<arg>'${NoProductStatus}'=='${TRUE}'</arg>
<arg>Log</arg>
<arg>No Products Selected</arg>
<arg>ELSE</arg>
<arg>S360_EN_Select Products For Filter</arg>
<arg>${ProductsList}</arg>
<doc>Runs the given keyword with the given arguments, if ``condition`` is true.</doc>
<status status="NOT RUN" starttime="20230428 20:40:47.742" endtime="20230428 20:40:47.742"/>
</kw>
<kw name="S360_EN_Save/Apply Filter" library="Enterprise_Notification_Keywords">
<arg>${SEC/S360_FLOAT_SAVE_BTN}</arg>
<doc>Mouse hover on Options button and save changes</doc>
<status status="NOT RUN" starttime="20230428 20:40:47.742" endtime="20230428 20:40:47.742"/>
</kw>
<kw name="SEC/S360_Verify Success Message" library="Generic_Keywords">
<var>${Status}</var>
<arg>${Create_Filter_Msg}</arg>
<doc>Verifies the message prefix in the message center</doc>
<status status="NOT RUN" starttime="20230428 20:40:47.742" endtime="20230428 20:40:47.742"/>
</kw>
<status status="FAIL" starttime="20230428 20:40:27.431" endtime="20230428 20:40:47.742"/>
</kw>
<kw name="Run Keyword If" library="BuiltIn">
<arg>'${Status}'=='${FALSE}'</arg>
<arg>Fail</arg>
<doc>Runs the given keyword with the given arguments, if ``condition`` is true.</doc>
<status status="NOT RUN" starttime="20230428 20:40:47.742" endtime="20230428 20:40:47.742"/>
</kw>
<doc>Creates a filter which includes all states, all sites and all products</doc>
<tag>EnterpriseNotificationFilters</tag>
<tag>Operator</tag>
<tag>P2</tag>
<tag>TC-422</tag>
<status status="FAIL" starttime="20230428 20:40:27.431" endtime="20230428 20:40:47.742">Element 'id=newFilter' not visible after 20 seconds.</status>
</test>
<test id="s1-t7" name="TC_07 Create Filter With All State, No Site and All Product" line="161">
<kw name="S360_EN_Create Filter" library="Enterprise_Notification_Keywords">
<var>${Status}</var>
<arg>${Filter3Details}</arg>
<arg>${EMPTY}</arg>
<arg>NO</arg>
<doc>Creates the new filter</doc>
<kw name="SEC/S360_Scroll Page To Location" library="Generic_Keywords">
<arg>0</arg>
<arg>0</arg>
<doc>Scrolls to the location mentioned</doc>
<kw name="Execute Javascript" library="SeleniumLibrary">
<arg>window.scrollTo(${x_location},${y_location})</arg>
<doc>Executes the given JavaScript code with possible arguments.</doc>
<msg timestamp="20230428 20:40:47.773" level="INFO">Executing JavaScript:
window.scrollTo(0,0)
Without any arguments.</msg>
<status status="PASS" starttime="20230428 20:40:47.773" endtime="20230428 20:40:47.773"/>
</kw>
<status status="PASS" starttime="20230428 20:40:47.773" endtime="20230428 20:40:47.773"/>
</kw>
<kw name="Wait Until Element Is Visible" library="SeleniumLibrary">
<arg>${S360_EN_ADD_FILTER_BTN}</arg>
<doc>Waits until the element ``locator`` is visible.</doc>
<msg timestamp="20230428 20:41:08.035" level="INFO" html="true">&lt;/td&gt;&lt;/tr&gt;&lt;tr&gt;&lt;td colspan="3"&gt;&lt;a href="selenium-screenshot-175.png"&gt;&lt;img src="selenium-screenshot-175.png" width="800px"&gt;&lt;/a&gt;</msg>
<msg timestamp="20230428 20:41:08.035" level="FAIL">Element 'id=newFilter' not visible after 20 seconds.</msg>
<status status="FAIL" starttime="20230428 20:40:47.773" endtime="20230428 20:41:08.035"/>
</kw>
<kw name="Run Keyword And Ignore Error" library="BuiltIn">
<arg>Wait Until Page Does not Contain</arg>
<arg>Loading...</arg>
<arg>timeout=10</arg>
<doc>Runs the given keyword with the given arguments and ignores possible error.</doc>
<status status="NOT RUN" starttime="20230428 20:41:08.035" endtime="20230428 20:41:08.035"/>
</kw>
<kw name="Wait Until Element Is Visible" library="SeleniumLibrary">
<arg>${S360_EN_ADD_FILTER_BTN}</arg>
<doc>Waits until the element ``locator`` is visible.</doc>
<status status="NOT RUN" starttime="20230428 20:41:08.035" endtime="20230428 20:41:08.035"/>
</kw>
<kw name="Click Element" library="SeleniumLibrary">
<arg>${S360_EN_ADD_FILTER_BTN}</arg>
<doc>Click the element identified by ``locator``.</doc>
<status status="NOT RUN" starttime="20230428 20:41:08.035" endtime="20230428 20:41:08.035"/>
</kw>
<kw name="Split String" library="String">
<var>@{FilterDetails}</var>
<arg>${FilterDetails}</arg>
<arg>,</arg>
<doc>Splits the ``string`` using ``separator`` as a delimiter string.</doc>
<status status="NOT RUN" starttime="20230428 20:41:08.035" endtime="20230428 20:41:08.035"/>
</kw>
<kw name="Wait Until Element Is Visible" library="SeleniumLibrary">
<arg>${S360_EN_FILTER_NAME_TXTBOX}</arg>
<doc>Waits until the element ``locator`` is visible.</doc>
<status status="NOT RUN" starttime="20230428 20:41:08.035" endtime="20230428 20:41:08.035"/>
</kw>
<kw name="Wait Until Keyword Succeeds" library="BuiltIn">
<arg>5x</arg>
<arg>2s</arg>
<arg>Click Element</arg>
<arg>${S360_EN_FILTER_NAME_TXTBOX}</arg>
<doc>Runs the specified keyword and retries if it fails.</doc>
<status status="NOT RUN" starttime="20230428 20:41:08.035" endtime="20230428 20:41:08.035"/>
</kw>
<kw name="Wait Until Keyword Succeeds" library="BuiltIn">
<arg>5x</arg>
<arg>2s</arg>
<arg>Input Text</arg>
<arg>${S360_EN_FILTER_NAME_TXTBOX}</arg>
<arg>${FilterDetails}[0]</arg>
<doc>Runs the specified keyword and retries if it fails.</doc>
<status status="NOT RUN" starttime="20230428 20:41:08.035" endtime="20230428 20:41:08.035"/>
</kw>
<kw name="Click Element" library="SeleniumLibrary">
<arg>${S360_EN_FIXED_FROM_RADIO_BUTTON}</arg>
<doc>Click the element identified by ``locator``.</doc>
<status status="NOT RUN" starttime="20230428 20:41:08.035" endtime="20230428 20:41:08.035"/>
</kw>
<kw name="SEC/S360_Clear Text Field" library="Generic_Keywords">
<arg>${S360_EN_FROM_DATE_TXTBOX}</arg>
<doc>Clears text present in text field</doc>
<status status="NOT RUN" starttime="20230428 20:41:08.035" endtime="20230428 20:41:08.035"/>
</kw>
<kw name="Input Text" library="SeleniumLibrary">
<arg>${S360_EN_FROM_DATE_TXTBOX}</arg>
<arg>${FilterDetails}[1]</arg>
<doc>Types the given ``text`` into the text field identified by ``locator``.</doc>
<status status="NOT RUN" starttime="20230428 20:41:08.035" endtime="20230428 20:41:08.035"/>
</kw>
<kw name="Click Element" library="SeleniumLibrary">
<arg>${S360_EN_FIXED_TO_RADIO_BUTTON}</arg>
<doc>Click the element identified by ``locator``.</doc>
<status status="NOT RUN" starttime="20230428 20:41:08.035" endtime="20230428 20:41:08.035"/>
</kw>
<kw name="SEC/S360_Clear Text Field" library="Generic_Keywords">
<arg>${S360_EN_TO_DATE_TXTBOX}</arg>
<doc>Clears text present in text field</doc>
<status status="NOT RUN" starttime="20230428 20:41:08.035" endtime="20230428 20:41:08.035"/>
</kw>
<kw name="Input Text" library="SeleniumLibrary">
<arg>${S360_EN_TO_DATE_TXTBOX}</arg>
<arg>${FilterDetails}[2]</arg>
<doc>Types the given ``text`` into the text field identified by ``locator``.</doc>
<status status="NOT RUN" starttime="20230428 20:41:08.050" endtime="20230428 20:41:08.050"/>
</kw>
<kw name="Click Element" library="SeleniumLibrary">
<arg>${S360_EN_FIXED_FROM_RADIO_BUTTON}</arg>
<doc>Click the element identified by ``locator``.</doc>
<status status="NOT RUN" starttime="20230428 20:41:08.050" endtime="20230428 20:41:08.050"/>
</kw>
<kw name="Sleep" library="BuiltIn">
<arg>1s</arg>
<doc>Pauses the test executed for the given time.</doc>
<status status="NOT RUN" starttime="20230428 20:41:08.050" endtime="20230428 20:41:08.050"/>
</kw>
<kw name="Log" library="BuiltIn">
<arg>${ProductsList}</arg>
<doc>Logs the given message with the given level.</doc>
<status status="NOT RUN" starttime="20230428 20:41:08.050" endtime="20230428 20:41:08.050"/>
</kw>
<kw name="Log" library="BuiltIn">
<arg>${StatesList}</arg>
<doc>Logs the given message with the given level.</doc>
<status status="NOT RUN" starttime="20230428 20:41:08.050" endtime="20230428 20:41:08.050"/>
</kw>
<kw name="Run Keyword And Return Status" library="BuiltIn">
<var>${StateStatus}</var>
<arg>Should Be Empty</arg>
[...]
<arg>${S360_EN_DELETE_FILTER_BTN}</arg>
<doc>Clicks on Edit or delete button for the filter</doc>
<kw name="SEC/S360_Scroll Page To Location" library="Generic_Keywords">
<arg>0</arg>
<arg>0</arg>
<doc>Scrolls to the location mentioned</doc>
<kw name="Execute Javascript" library="SeleniumLibrary">
<arg>window.scrollTo(${x_location},${y_location})</arg>
<doc>Executes the given JavaScript code with possible arguments.</doc>
<msg timestamp="20230428 20:44:39.393" level="INFO">Executing JavaScript:
window.scrollTo(0,0)
Without any arguments.</msg>
<msg timestamp="20230428 20:44:39.402" level="WARN">Keyword 'Capture Page Screenshot' could not be run on failure: Message: no such window: target window already closed
from unknown error: web view not found
  (Session info: chrome=112.0.5615.138)
Stacktrace:
Backtrace:
	GetHandleVerifier [0x0097DCE3+50899]
	(No symbol) [0x0090E111]
	(No symbol) [0x00815588]
	(No symbol) [0x007FD333]
	(No symbol) [0x0085F4DB]
	(No symbol) [0x0086DB33]
	(No symbol) [0x0085B6F6]
	(No symbol) [0x00837708]
	(No symbol) [0x0083886D]
	GetHandleVerifier [0x00BE3EAE+2566302]
	GetHandleVerifier [0x00C192B1+2784417]
	GetHandleVerifier [0x00C1327C+2759788]
	GetHandleVerifier [0x00A15740+672048]
	(No symbol) [0x00918872]
	(No symbol) [0x009141C8]
	(No symbol) [0x009142AB]
	(No symbol) [0x009071B7]
	BaseThreadInitThunk [0x75C67D49+25]
	RtlInitializeExceptionChain [0x7768B74B+107]
	RtlClearBits [0x7768B6CF+191]
</msg>
<msg timestamp="20230428 20:44:39.404" level="FAIL">NoSuchWindowException: Message: no such window: target window already closed
from unknown error: web view not found
  (Session info: chrome=112.0.5615.138)
Stacktrace:
Backtrace:
	GetHandleVerifier [0x0097DCE3+50899]
	(No symbol) [0x0090E111]
	(No symbol) [0x00815588]
	(No symbol) [0x007FD333]
	(No symbol) [0x0085F4DB]
	(No symbol) [0x0086DB33]
	(No symbol) [0x0085B6F6]
	(No symbol) [0x00837708]
	(No symbol) [0x0083886D]
	GetHandleVerifier [0x00BE3EAE+2566302]
	GetHandleVerifier [0x00C192B1+2784417]
	GetHandleVerifier [0x00C1327C+2759788]
	GetHandleVerifier [0x00A15740+672048]
	(No symbol) [0x00918872]
	(No symbol) [0x009141C8]
	(No symbol) [0x009142AB]
	(No symbol) [0x009071B7]
	BaseThreadInitThunk [0x75C67D49+25]
	RtlInitializeExceptionChain [0x7768B74B+107]
	RtlClearBits [0x7768B6CF+191]
</msg>
<status status="FAIL" starttime="20230428 20:44:39.392" endtime="20230428 20:44:39.405"/>
</kw>
<status status="FAIL" starttime="20230428 20:44:39.392" endtime="20230428 20:44:39.405"/>
</kw>
<kw name="Wait Until Element Is Visible" library="SeleniumLibrary">
<arg>${S360_EN_FILTERS_XPATH}</arg>
<doc>Waits until the element ``locator`` is visible.</doc>
<status status="NOT RUN" starttime="20230428 20:44:39.405" endtime="20230428 20:44:39.405"/>
</kw>
<kw name="Get Element Count" library="SeleniumLibrary">
<var>${Total_Filters}</var>
<arg>//*[@class="filter-tag ng-star-inserted"]</arg>
<doc>Returns the number of elements matching ``locator``.</doc>
<status status="NOT RUN" starttime="20230428 20:44:39.406" endtime="20230428 20:44:39.406"/>
</kw>
<for flavor="IN RANGE">
<var>${Index}</var>
<value>1</value>
<value>${Total_Filters+1}</value>
<iter>
<var name="${Index}"/>
<kw name="Get Text" library="SeleniumLibrary">
<var>${Name}</var>
<arg>${S360_EN_FILTERS_XPATH} [${Index}]</arg>
<doc>Returns the text value of the element identified by ``locator``.</doc>
<status status="NOT RUN" starttime="20230428 20:44:39.406" endtime="20230428 20:44:39.406"/>
</kw>
<kw name="Continue For Loop If" library="BuiltIn">
<arg>'${NameOfFilter}'!='${Name}'</arg>
<doc>Skips the current FOR loop iteration if the ``condition`` is true.</doc>
<status status="NOT RUN" starttime="20230428 20:44:39.406" endtime="20230428 20:44:39.406"/>
</kw>
<kw name="Mouse Over" library="SeleniumLibrary">
<arg>${S360_EN_FILTERS_XPATH} [${Index}]</arg>
<doc>Simulates hovering the mouse over the element ``locator``.</doc>
<status status="NOT RUN" starttime="20230428 20:44:39.406" endtime="20230428 20:44:39.406"/>
</kw>
<kw name="Click Element" library="SeleniumLibrary">
<arg>${S360_EN_FILTERS_XPATH} [${Index}]${ButtonID}</arg>
<doc>Click the element identified by ``locator``.</doc>
<status status="NOT RUN" starttime="20230428 20:44:39.406" endtime="20230428 20:44:39.407"/>
</kw>
<kw name="SEC/S360_Verify Success Message" library="Generic_Keywords">
<var>${EditStatus}</var>
<arg>${Delete_Filter_Msg_ID}</arg>
<doc>Verifies the message prefix in the message center</doc>
<status status="NOT RUN" starttime="20230428 20:44:39.407" endtime="20230428 20:44:39.407"/>
</kw>
<kw name="Run Keyword If" library="BuiltIn">
<arg>'${EditStatus}'=='${FALSE}'</arg>
<arg>Fail</arg>
<doc>Runs the given keyword with the given arguments, if ``condition`` is true.</doc>
<status status="NOT RUN" starttime="20230428 20:44:39.407" endtime="20230428 20:44:39.407"/>
</kw>
<kw name="Exit For Loop" library="BuiltIn">
<doc>Stops executing the enclosing FOR loop.</doc>
<status status="NOT RUN" starttime="20230428 20:44:39.407" endtime="20230428 20:44:39.407"/>
</kw>
<status status="NOT RUN" starttime="20230428 20:44:39.406" endtime="20230428 20:44:39.407"/>
</iter>
<status status="NOT RUN" starttime="20230428 20:44:39.406" endtime="20230428 20:44:39.407"/>
</for>
<status status="FAIL" starttime="20230428 20:44:39.391" endtime="20230428 20:44:39.407"/>
</kw>
<status status="FAIL" starttime="20230428 20:44:39.391" endtime="20230428 20:44:39.407"/>
</kw>
<status status="FAIL" starttime="20230428 20:44:39.391" endtime="20230428 20:44:39.407"/>
</iter>
<status status="FAIL" starttime="20230428 20:43:50.610" endtime="20230428 20:44:39.407"/>
</for>
<doc>Deletes the created filters</doc>
<tag>EnterpriseNotificationFilters</tag>
<tag>Operator</tag>
<tag>P1</tag>
<tag>Sanity</tag>
<tag>TC-432</tag>
<status status="FAIL" starttime="20230428 20:43:50.609" endtime="20230428 20:44:39.409">Several failures occurred:

1) Element '(//*[contains(@id,'filter_')])' not visible after 20 seconds.

2) Element '(//*[contains(@id,'filter_')])' not visible after 20 seconds.

3) NoSuchWindowException: Message: no such window: target window already closed
from unknown error: web view not found
  (Session info: chrome=112.0.5615.138)
Stacktrace:
Backtrace:
	GetHandleVerifier [0x0097DCE3+50899]
	(No symbol) [0x0090E111]
	(No symbol) [0x00815588]
	(No symbol) [0x007FD333]
	(No symbol) [0x0085F4DB]
	(No symbol) [0x0086DB33]
	(No symbol) [0x0085B6F6]
	(No symbol) [0x00837708]
    [ Message content over the limit has been removed. ]
	GetHandleVerifier [0x0097DCE3+50899]
	(No symbol) [0x0090E111]
	(No symbol) [0x00815588]
	(No symbol) [0x007FD333]
	(No symbol) [0x0085F4DB]
	(No symbol) [0x0086DB33]
	(No symbol) [0x0085B6F6]
	(No symbol) [0x00837708]
	(No symbol) [0x0083886D]
	GetHandleVerifier [0x00BE3EAE+2566302]
	GetHandleVerifier [0x00C192B1+2784417]
	GetHandleVerifier [0x00C1327C+2759788]
	GetHandleVerifier [0x00A15740+672048]
	(No symbol) [0x00918872]
	(No symbol) [0x009141C8]
	(No symbol) [0x009142AB]
	(No symbol) [0x009071B7]
	BaseThreadInitThunk [0x75C67D49+25]
	RtlInitializeExceptionChain [0x7768B74B+107]
	RtlClearBits [0x7768B6CF+191]</status>
</test>
<kw name="Close Browser" library="SeleniumLibrary" type="TEARDOWN">
<doc>Closes the current browser.</doc>
<status status="PASS" starttime="20230428 20:44:39.412" endtime="20230428 20:44:41.543"/>
</kw>
<doc>Necessary Libraries and Resources file are mentioned below</doc>
<status status="FAIL" starttime="20230428 20:38:22.289" endtime="20230428 20:44:41.543"/>
</suite>
<statistics>
<total>
<stat pass="0" fail="16" skip="0">All Tests</stat>
</total>
<tag>
<stat pass="0" fail="16" skip="0">EnterpriseNotificationFilters</stat>
<stat pass="0" fail="16" skip="0">Operator</stat>
<stat pass="0" fail="6" skip="0">P1</stat>
<stat pass="0" fail="10" skip="0">P2</stat>
<stat pass="0" fail="6" skip="0">Sanity</stat>
<stat pass="0" fail="1" skip="0">TC-417</stat>
<stat pass="0" fail="1" skip="0">TC-418</stat>
<stat pass="0" fail="1" skip="0">TC-419</stat>
<stat pass="0" fail="1" skip="0">TC-420</stat>
<stat pass="0" fail="1" skip="0">TC-421</stat>
<stat pass="0" fail="1" skip="0">TC-422</stat>
<stat pass="0" fail="1" skip="0">TC-423</stat>
<stat pass="0" fail="1" skip="0">TC-424</stat>
<stat pass="0" fail="1" skip="0">TC-425</stat>
<stat pass="0" fail="1" skip="0">TC-426</stat>
<stat pass="0" fail="1" skip="0">TC-427</stat>
<stat pass="0" fail="1" skip="0">TC-428</stat>
<stat pass="0" fail="1" skip="0">TC-429</stat>
<stat pass="0" fail="1" skip="0">TC-430</stat>
<stat pass="0" fail="1" skip="0">TC-431</stat>
<stat pass="0" fail="1" skip="0">TC-432</stat>
</tag>
<suite>
<stat pass="0" fail="16" skip="0" id="s1" name="Enterprise Notification Filters">Enterprise Notification Filters</stat>
</suite>
</statistics>
<errors>
<msg timestamp="20230428 20:38:23.124" level="ERROR">Error in file 'D:\DOVER\Systech360_Automation_Akash\RF_Systech360_Automation\Keywords\Operator_Keywords.robot' on line 22: Importing library 'ExcelLibrary' failed: ModuleNotFoundError: No module named 'ExcelLibrary'
Traceback (most recent call last):
  None
PYTHONPATH:
  C:\Users\RVM\AppData\Local\Programs\Python\Python311\Scripts\robot.exe
  C:\Users\RVM\AppData\Local\Programs\Python\Python311\python311.zip
  C:\Users\RVM\AppData\Local\Programs\Python\Python311\DLLs
  C:\Users\RVM\AppData\Local\Programs\Python\Python311\Lib
  C:\Users\RVM\AppData\Local\Programs\Python\Python311
  C:\Users\RVM\AppData\Local\Programs\Python\Python311\Lib\site-packages</msg>
<msg timestamp="20230428 20:38:23.173" level="ERROR">Error in file 'D:\DOVER\Systech360_Automation_Akash\RF_Systech360_Automation\Keywords\Operator_Software_Keywords.robot' on line 7: Importing library 'ExcelLibrary' failed: ModuleNotFoundError: No module named 'ExcelLibrary'
Traceback (most recent call last):
  None
PYTHONPATH:
  C:\Users\RVM\AppData\Local\Programs\Python\Python311\Scripts\robot.exe
  C:\Users\RVM\AppData\Local\Programs\Python\Python311\python311.zip
  C:\Users\RVM\AppData\Local\Programs\Python\Python311\DLLs
  C:\Users\RVM\AppData\Local\Programs\Python\Python311\Lib
  C:\Users\RVM\AppData\Local\Programs\Python\Python311
  C:\Users\RVM\AppData\Local\Programs\Python\Python311\Lib\site-packages</msg>
<msg timestamp="20230428 20:38:23.330" level="ERROR">Error in file 'D:\DOVER\Systech360_Automation_Akash\RF_Systech360_Automation\Keywords\Test_Data_Fetching_Keywords.robot' on line 3: Importing library 'ExcelLibrary' failed: ModuleNotFoundError: No module named 'ExcelLibrary'
Traceback (most recent call last):
  None
PYTHONPATH:
  C:\Users\RVM\AppData\Local\Programs\Python\Python311\Scripts\robot.exe
  C:\Users\RVM\AppData\Local\Programs\Python\Python311\python311.zip
  C:\Users\RVM\AppData\Local\Programs\Python\Python311\DLLs
  C:\Users\RVM\AppData\Local\Programs\Python\Python311\Lib
  C:\Users\RVM\AppData\Local\Programs\Python\Python311
  C:\Users\RVM\AppData\Local\Programs\Python\Python311\Lib\site-packages</msg>
<msg timestamp="20230428 20:44:39.221" level="WARN">Keyword 'Capture Page Screenshot' could not be run on failure: Message: no such window: target window already closed
from unknown error: web view not found
  (Session info: chrome=112.0.5615.138)
Stacktrace:
Backtrace:
	GetHandleVerifier [0x0097DCE3+50899]
	(No symbol) [0x0090E111]
	(No symbol) [0x00815588]
	(No symbol) [0x007FD333]
	(No symbol) [0x0085F4DB]
	(No symbol) [0x0086DB33]
	(No symbol) [0x0085B6F6]
	(No symbol) [0x00837708]
	(No symbol) [0x0083886D]
	GetHandleVerifier [0x00BE3EAE+2566302]
	GetHandleVerifier [0x00C192B1+2784417]
	GetHandleVerifier [0x00C1327C+2759788]
	GetHandleVerifier [0x00A15740+672048]
	(No symbol) [0x00918872]
	(No symbol) [0x009141C8]
	(No symbol) [0x009142AB]
	(No symbol) [0x009071B7]
	BaseThreadInitThunk [0x75C67D49+25]
	RtlInitializeExceptionChain [0x7768B74B+107]
	RtlClearBits [0x7768B6CF+191]
</msg>
<msg timestamp="20230428 20:44:39.246" level="WARN">Keyword 'Capture Page Screenshot' could not be run on failure: Message: no such window: target window already closed
from unknown error: web view not found
  (Session info: chrome=112.0.5615.138)
Stacktrace:
Backtrace:
	GetHandleVerifier [0x0097DCE3+50899]
	(No symbol) [0x0090E111]
	(No symbol) [0x00815588]
	(No symbol) [0x007FD333]
	(No symbol) [0x0085F4DB]
	(No symbol) [0x0086DB33]
	(No symbol) [0x0085B6F6]
	(No symbol) [0x00837708]
	(No symbol) [0x0083886D]
	GetHandleVerifier [0x00BE3EAE+2566302]
	GetHandleVerifier [0x00C192B1+2784417]
	GetHandleVerifier [0x00C1327C+2759788]
	GetHandleVerifier [0x00A15740+672048]
	(No symbol) [0x00918872]
	(No symbol) [0x009141C8]
	(No symbol) [0x009142AB]
	(No symbol) [0x009071B7]
	BaseThreadInitThunk [0x75C67D49+25]
	RtlInitializeExceptionChain [0x7768B74B+107]
	RtlClearBits [0x7768B6CF+191]
</msg>
<msg timestamp="20230428 20:44:39.269" level="WARN">Keyword 'Capture Page Screenshot' could not be run on failure: Message: no such window: target window already closed
from unknown error: web view not found
  (Session info: chrome=112.0.5615.138)
Stacktrace:
Backtrace:
	GetHandleVerifier [0x0097DCE3+50899]
	(No symbol) [0x0090E111]
	(No symbol) [0x00815588]
	(No symbol) [0x007FD333]
	(No symbol) [0x0085F4DB]
	(No symbol) [0x0086DB33]
	(No symbol) [0x0085B6F6]
	(No symbol) [0x00837708]
	(No symbol) [0x0083886D]
	GetHandleVerifier [0x00BE3EAE+2566302]
	GetHandleVerifier [0x00C192B1+2784417]
	GetHandleVerifier [0x00C1327C+2759788]
	GetHandleVerifier [0x00A15740+672048]
	(No symbol) [0x00918872]
	(No symbol) [0x009141C8]
	(No symbol) [0x009142AB]
	(No symbol) [0x009071B7]
	BaseThreadInitThunk [0x75C67D49+25]
	RtlInitializeExceptionChain [0x7768B74B+107]
	RtlClearBits [0x7768B6CF+191]
</msg>
<msg timestamp="20230428 20:44:39.290" level="WARN">Keyword 'Capture Page Screenshot' could not be run on failure: Message: no such window: target window already closed
from unknown error: web view not found
  (Session info: chrome=112.0.5615.138)
Stacktrace:
Backtrace:
	GetHandleVerifier [0x0097DCE3+50899]
	(No symbol) [0x0090E111]
	(No symbol) [0x00815588]
	(No symbol) [0x007FD333]
	(No symbol) [0x0085F4DB]
	(No symbol) [0x0086DB33]
	(No symbol) [0x0085B6F6]
	(No symbol) [0x00837708]
	(No symbol) [0x0083886D]
	GetHandleVerifier [0x00BE3EAE+2566302]
	GetHandleVerifier [0x00C192B1+2784417]
	GetHandleVerifier [0x00C1327C+2759788]
	GetHandleVerifier [0x00A15740+672048]
	(No symbol) [0x00918872]
	(No symbol) [0x009141C8]
	(No symbol) [0x009142AB]
	(No symbol) [0x009071B7]
	BaseThreadInitThunk [0x75C67D49+25]
	RtlInitializeExceptionChain [0x7768B74B+107]
	RtlClearBits [0x7768B6CF+191]
</msg>
<msg timestamp="20230428 20:44:39.309" level="WARN">Keyword 'Capture Page Screenshot' could not be run on failure: Message: no such window: target window already closed
from unknown error: web view not found
  (Session info: chrome=112.0.5615.138)
Stacktrace:
Backtrace:
	GetHandleVerifier [0x0097DCE3+50899]
	(No symbol) [0x0090E111]
	(No symbol) [0x00815588]
	(No symbol) [0x007FD333]
	(No symbol) [0x0085F4DB]
	(No symbol) [0x0086DB33]
	(No symbol) [0x0085B6F6]
	(No symbol) [0x00837708]
	(No symbol) [0x0083886D]
	GetHandleVerifier [0x00BE3EAE+2566302]
	GetHandleVerifier [0x00C192B1+2784417]
	GetHandleVerifier [0x00C1327C+2759788]
	GetHandleVerifier [0x00A15740+672048]
	(No symbol) [0x00918872]
	(No symbol) [0x009141C8]
	(No symbol) [0x009142AB]
	(No symbol) [0x009071B7]
	BaseThreadInitThunk [0x75C67D49+25]
	RtlInitializeExceptionChain [0x7768B74B+107]
	RtlClearBits [0x7768B6CF+191]
</msg>
<msg timestamp="20230428 20:44:39.328" level="WARN">Keyword 'Capture Page Screenshot' could not be run on failure: Message: no such window: target window already closed
from unknown error: web view not found
  (Session info: chrome=112.0.5615.138)
Stacktrace:
Backtrace:
	GetHandleVerifier [0x0097DCE3+50899]
	(No symbol) [0x0090E111]
	(No symbol) [0x00815588]
	(No symbol) [0x007FD333]
	(No symbol) [0x0085F4DB]
	(No symbol) [0x0086DB33]
	(No symbol) [0x0085B6F6]
	(No symbol) [0x00837708]
	(No symbol) [0x0083886D]
	GetHandleVerifier [0x00BE3EAE+2566302]
	GetHandleVerifier [0x00C192B1+2784417]
	GetHandleVerifier [0x00C1327C+2759788]
	GetHandleVerifier [0x00A15740+672048]
	(No symbol) [0x00918872]
	(No symbol) [0x009141C8]
	(No symbol) [0x009142AB]
	(No symbol) [0x009071B7]
	BaseThreadInitThunk [0x75C67D49+25]
	RtlInitializeExceptionChain [0x7768B74B+107]
	RtlClearBits [0x7768B6CF+191]
</msg>
<msg timestamp="20230428 20:44:39.346" level="WARN">Keyword 'Capture Page Screenshot' could not be run on failure: Message: no such window: target window already closed
from unknown error: web view not found
  (Session info: chrome=112.0.5615.138)
Stacktrace:
Backtrace:
	GetHandleVerifier [0x0097DCE3+50899]
	(No symbol) [0x0090E111]
	(No symbol) [0x00815588]
	(No symbol) [0x007FD333]
	(No symbol) [0x0085F4DB]
	(No symbol) [0x0086DB33]
	(No symbol) [0x0085B6F6]
	(No symbol) [0x00837708]
	(No symbol) [0x0083886D]
	GetHandleVerifier [0x00BE3EAE+2566302]
	GetHandleVerifier [0x00C192B1+2784417]
	GetHandleVerifier [0x00C1327C+2759788]
	GetHandleVerifier [0x00A15740+672048]
	(No symbol) [0x00918872]
	(No symbol) [0x009141C8]
	(No symbol) [0x009142AB]
	(No symbol) [0x009071B7]
	BaseThreadInitThunk [0x75C67D49+25]
	RtlInitializeExceptionChain [0x7768B74B+107]
	RtlClearBits [0x7768B6CF+191]
</msg>
<msg timestamp="20230428 20:44:39.367" level="WARN">Keyword 'Capture Page Screenshot' could not be run on failure: Message: no such window: target window already closed
from unknown error: web view not found
  (Session info: chrome=112.0.5615.138)
Stacktrace:
Backtrace:
	GetHandleVerifier [0x0097DCE3+50899]
	(No symbol) [0x0090E111]
	(No symbol) [0x00815588]
	(No symbol) [0x007FD333]
	(No symbol) [0x0085F4DB]
	(No symbol) [0x0086DB33]
	(No symbol) [0x0085B6F6]
	(No symbol) [0x00837708]
	(No symbol) [0x0083886D]
	GetHandleVerifier [0x00BE3EAE+2566302]
	GetHandleVerifier [0x00C192B1+2784417]
	GetHandleVerifier [0x00C1327C+2759788]
	GetHandleVerifier [0x00A15740+672048]
	(No symbol) [0x00918872]
	(No symbol) [0x009141C8]
	(No symbol) [0x009142AB]
	(No symbol) [0x009071B7]
	BaseThreadInitThunk [0x75C67D49+25]
	RtlInitializeExceptionChain [0x7768B74B+107]
	RtlClearBits [0x7768B6CF+191]
</msg>
<msg timestamp="20230428 20:44:39.386" level="WARN">Keyword 'Capture Page Screenshot' could not be run on failure: Message: no such window: target window already closed
from unknown error: web view not found
  (Session info: chrome=112.0.5615.138)
Stacktrace:
Backtrace:
	GetHandleVerifier [0x0097DCE3+50899]
	(No symbol) [0x0090E111]
	(No symbol) [0x00815588]
	(No symbol) [0x007FD333]
	(No symbol) [0x0085F4DB]
	(No symbol) [0x0086DB33]
	(No symbol) [0x0085B6F6]
	(No symbol) [0x00837708]
	(No symbol) [0x0083886D]
	GetHandleVerifier [0x00BE3EAE+2566302]
	GetHandleVerifier [0x00C192B1+2784417]
	GetHandleVerifier [0x00C1327C+2759788]
	GetHandleVerifier [0x00A15740+672048]
	(No symbol) [0x00918872]
	(No symbol) [0x009141C8]
	(No symbol) [0x009142AB]
	(No symbol) [0x009071B7]
	BaseThreadInitThunk [0x75C67D49+25]
	RtlInitializeExceptionChain [0x7768B74B+107]
	RtlClearBits [0x7768B6CF+191]
</msg>
<msg timestamp="20230428 20:44:39.402" level="WARN">Keyword 'Capture Page Screenshot' could not be run on failure: Message: no such window: target window already closed
from unknown error: web view not found
  (Session info: chrome=112.0.5615.138)
Stacktrace:
Backtrace:
	GetHandleVerifier [0x0097DCE3+50899]
	(No symbol) [0x0090E111]
	(No symbol) [0x00815588]
	(No symbol) [0x007FD333]
	(No symbol) [0x0085F4DB]
	(No symbol) [0x0086DB33]
	(No symbol) [0x0085B6F6]
	(No symbol) [0x00837708]
	(No symbol) [0x0083886D]
	GetHandleVerifier [0x00BE3EAE+2566302]
	GetHandleVerifier [0x00C192B1+2784417]
	GetHandleVerifier [0x00C1327C+2759788]
	GetHandleVerifier [0x00A15740+672048]
	(No symbol) [0x00918872]
	(No symbol) [0x009141C8]
	(No symbol) [0x009142AB]
	(No symbol) [0x009071B7]
	BaseThreadInitThunk [0x75C67D49+25]
	RtlInitializeExceptionChain [0x7768B74B+107]
	RtlClearBits [0x7768B6CF+191]
</msg>
</errors>
</robot>
